#
# There is insufficient memory for the Java Runtime Environment to continue.
# Native memory allocation (mmap) failed to map 58720256 bytes for G1 virtual space
# Possible reasons:
#   The system is out of physical RAM or swap space
#   The process is running with CompressedOops enabled, and the Java Heap may be blocking the growth of the native heap
# Possible solutions:
#   Reduce memory load on the system
#   Increase physical memory or swap space
#   Check if swap backing store is full
#   Decrease Java heap size (-Xmx/-Xms)
#   Decrease number of Java threads
#   Decrease Java thread stack sizes (-Xss)
#   Set larger code cache with -XX:ReservedCodeCacheSize=
#   JVM is running with Unscaled Compressed Oops mode in which the Java heap is
#     placed in the first 4GB address space. The Java Heap base address is the
#     maximum limit for the native heap growth. Please use -XX:HeapBaseMinAddress
#     to set the Java Heap base and to place the Java Heap above 4GB virtual address.
# This output file may be truncated or incomplete.
#
#  Out of Memory Error (os_windows.cpp:3469), pid=11304, tid=15432
#
# JRE version:  (17.0+35) (build )
# Java VM: Java HotSpot(TM) 64-Bit Server VM (17+35-LTS-2724, mixed mode, emulated-client, sharing, tiered, compressed oops, compressed class ptrs, g1 gc, windows-amd64)
# No core dump will be written. Minidumps are not enabled by default on client versions of Windows
#

---------------  S U M M A R Y ------------

Command Line: -XX:TieredStopAtLevel=1 com.example.auctions.AuctionsApplication

Host: AMD Ryzen 3 3250U with Radeon Graphics         , 4 cores, 3G,  Windows 10 , 64 bit Build 22621 (10.0.22621.5124)
Time: Sat May 24 03:08:21 2025 SE Asia Standard Time elapsed time: 0.063271 seconds (0d 0h 0m 0s)

---------------  T H R E A D  ---------------

Current thread (0x000002851553d830):  JavaThread "Unknown thread" [_thread_in_vm, id=15432, stack(0x0000009e78b00000,0x0000009e78c00000)]

Stack: [0x0000009e78b00000,0x0000009e78c00000]
Native frames: (J=compiled Java code, j=interpreted, Vv=VM code, C=native code)
V  [jvm.dll+0x66f8ea]
V  [jvm.dll+0x7ce224]
V  [jvm.dll+0x7cf9ce]
V  [jvm.dll+0x7d0033]
V  [jvm.dll+0x242bb5]
V  [jvm.dll+0x66c909]
V  [jvm.dll+0x6613d2]
V  [jvm.dll+0x30082b]
V  [jvm.dll+0x307db6]
V  [jvm.dll+0x357a0e]
V  [jvm.dll+0x357c3f]
V  [jvm.dll+0x2d7ae8]
V  [jvm.dll+0x2d8a54]
V  [jvm.dll+0x7a00a1]
V  [jvm.dll+0x365781]
V  [jvm.dll+0x77f59c]
V  [jvm.dll+0x3e805f]
V  [jvm.dll+0x3e9b01]
C  [jli.dll+0x527b]
C  [ucrtbase.dll+0x29333]
C  [KERNEL32.DLL+0x1259d]
C  [ntdll.dll+0x5af38]


---------------  P R O C E S S  ---------------

Threads class SMR info:
_java_thread_list=0x00007ffd2b7e7818, length=0, elements={
}

Java Threads: ( => current thread )

Other Threads:
  0x000002851556c140 GCTaskThread "GC Thread#0" [stack: 0x0000009e78c00000,0x0000009e78d00000] [id=6848]
  0x0000028515573f00 ConcurrentGCThread "G1 Main Marker" [stack: 0x0000009e78d00000,0x0000009e78e00000] [id=15960]
  0x0000028515574910 ConcurrentGCThread "G1 Conc#0" [stack: 0x0000009e78e00000,0x0000009e78f00000] [id=10964]

[error occurred during error reporting (printing all threads), id 0xc0000005, EXCEPTION_ACCESS_VIOLATION (0xc0000005) at pc=0x00007ffd2b0384c7]

VM state: not at safepoint (not fully initialized)

VM Mutex/Monitor currently owned by a thread:  ([mutex/lock_event])
[0x000002851553a260] Heap_lock - owner thread: 0x000002851553d830

Heap address: 0x00000000c8c00000, size: 884 MB, Compressed Oops mode: 32-bit

CDS archive(s) mapped at: [0x0000000000000000-0x0000000000000000-0x0000000000000000), size 0, SharedBaseAddress: 0x0000000800000000, ArchiveRelocationMode: 0.
Narrow klass base: 0x0000000000000000, Narrow klass shift: 0, Narrow klass range: 0x0

GC Precious Log:
<Empty>

Heap:
 garbage-first heap   total 0K, used 0K [0x00000000c8c00000, 0x0000000100000000)
  region size 1024K, 0 young (0K), 0 survivors (0K)

[error occurred during error reporting (printing heap information), id 0xc0000005, EXCEPTION_ACCESS_VIOLATION (0xc0000005) at pc=0x00007ffd2b418c59]

GC Heap History (0 events):
No events

Deoptimization events (0 events):
No events

Classes unloaded (0 events):
No events

Classes redefined (0 events):
No events

Internal exceptions (0 events):
No events

VM Operations (0 events):
No events

Events (1 events):
Event: 0.016 Loaded shared library C:\Program Files\Java\jdk-17\bin\java.dll


Dynamic libraries:
0x00007ff6698b0000 - 0x00007ff6698c0000 	C:\Program Files\Java\jdk-17\bin\java.exe
0x00007ffd8a990000 - 0x00007ffd8aba7000 	C:\WINDOWS\SYSTEM32\ntdll.dll
0x00007ffd89280000 - 0x00007ffd89344000 	C:\WINDOWS\System32\KERNEL32.DLL
0x00007ffd87aa0000 - 0x00007ffd87e73000 	C:\WINDOWS\System32\KERNELBASE.dll
0x00007ffd87e80000 - 0x00007ffd87f91000 	C:\WINDOWS\System32\ucrtbase.dll
0x00007ffd7cf10000 - 0x00007ffd7cf2a000 	C:\Program Files\Java\jdk-17\bin\VCRUNTIME140.dll
0x00007ffd7ffd0000 - 0x00007ffd7ffe8000 	C:\Program Files\Java\jdk-17\bin\jli.dll
0x00007ffd89350000 - 0x00007ffd89401000 	C:\WINDOWS\System32\ADVAPI32.dll
0x00007ffd88a60000 - 0x00007ffd88b07000 	C:\WINDOWS\System32\msvcrt.dll
0x00007ffd891d0000 - 0x00007ffd89278000 	C:\WINDOWS\System32\sechost.dll
0x00007ffd88020000 - 0x00007ffd88048000 	C:\WINDOWS\System32\bcrypt.dll
0x00007ffd88810000 - 0x00007ffd88924000 	C:\WINDOWS\System32\RPCRT4.dll
0x00007ffd88650000 - 0x00007ffd88801000 	C:\WINDOWS\System32\USER32.dll
0x00007ffd88410000 - 0x00007ffd88436000 	C:\WINDOWS\System32\win32u.dll
0x00007ffd88fc0000 - 0x00007ffd88fe9000 	C:\WINDOWS\System32\GDI32.dll
0x00007ffd882f0000 - 0x00007ffd8840b000 	C:\WINDOWS\System32\gdi32full.dll
0x00007ffd88050000 - 0x00007ffd880ea000 	C:\WINDOWS\System32\msvcp_win.dll
0x00007ffd74e80000 - 0x00007ffd75118000 	C:\WINDOWS\WinSxS\amd64_microsoft.windows.common-controls_6595b64144ccf1df_6.0.22621.5124_none_270e8f4f7386d69d\COMCTL32.dll
0x00007ffd7f9e0000 - 0x00007ffd7f9ea000 	C:\WINDOWS\SYSTEM32\VERSION.dll
0x00007ffd88940000 - 0x00007ffd88971000 	C:\WINDOWS\System32\IMM32.DLL
0x00007ffd84330000 - 0x00007ffd8433c000 	C:\Program Files\Java\jdk-17\bin\vcruntime140_1.dll
0x00007ffd51610000 - 0x00007ffd5169d000 	C:\Program Files\Java\jdk-17\bin\msvcp140.dll
0x00007ffd2ad50000 - 0x00007ffd2b90e000 	C:\Program Files\Java\jdk-17\bin\server\jvm.dll
0x00007ffd88930000 - 0x00007ffd88938000 	C:\WINDOWS\System32\PSAPI.DLL
0x00007ffd78b40000 - 0x00007ffd78b49000 	C:\WINDOWS\SYSTEM32\WSOCK32.dll
0x00007ffd89100000 - 0x00007ffd89171000 	C:\WINDOWS\System32\WS2_32.dll
0x00007ffd83940000 - 0x00007ffd83974000 	C:\WINDOWS\SYSTEM32\WINMM.dll
0x00007ffd86ad0000 - 0x00007ffd86ae8000 	C:\WINDOWS\SYSTEM32\kernel.appcore.dll
0x00007ffd83a20000 - 0x00007ffd83a2a000 	C:\Program Files\Java\jdk-17\bin\jimage.dll
0x00007ffd853e0000 - 0x00007ffd85612000 	C:\WINDOWS\SYSTEM32\DBGHELP.DLL
0x00007ffd88b70000 - 0x00007ffd88f02000 	C:\WINDOWS\System32\combase.dll
0x00007ffd88980000 - 0x00007ffd88a57000 	C:\WINDOWS\System32\OLEAUT32.dll
0x00007ffd65740000 - 0x00007ffd65772000 	C:\WINDOWS\SYSTEM32\dbgcore.DLL
0x00007ffd87fa0000 - 0x00007ffd8801b000 	C:\WINDOWS\System32\bcryptPrimitives.dll
0x00007ffd591b0000 - 0x00007ffd591d5000 	C:\Program Files\Java\jdk-17\bin\java.dll

dbghelp: loaded successfully - version: 4.0.5 - missing functions: none
symbol engine: initialized successfully - sym options: 0x614 - pdb path: .;C:\Program Files\Java\jdk-17\bin;C:\WINDOWS\SYSTEM32;C:\WINDOWS\WinSxS\amd64_microsoft.windows.common-controls_6595b64144ccf1df_6.0.22621.5124_none_270e8f4f7386d69d;C:\Program Files\Java\jdk-17\bin\server

VM Arguments:
jvm_args: -XX:TieredStopAtLevel=1 
java_command: com.example.auctions.AuctionsApplication
java_class_path (initial): E:\auctions\target\classes;C:\Users\ASUS\.m2\repository\org\springframework\boot\spring-boot\3.2.3\spring-boot-3.2.3.jar;C:\Users\ASUS\.m2\repository\org\springframework\boot\spring-boot-autoconfigure\3.2.3\spring-boot-autoconfigure-3.2.3.jar;C:\Users\ASUS\.m2\repository\ch\qos\logback\logback-classic\1.4.14\logback-classic-1.4.14.jar;C:\Users\ASUS\.m2\repository\ch\qos\logback\logback-core\1.4.14\logback-core-1.4.14.jar;C:\Users\ASUS\.m2\repository\org\apache\logging\log4j\log4j-to-slf4j\2.21.1\log4j-to-slf4j-2.21.1.jar;C:\Users\ASUS\.m2\repository\org\apache\logging\log4j\log4j-api\2.21.1\log4j-api-2.21.1.jar;C:\Users\ASUS\.m2\repository\org\slf4j\jul-to-slf4j\2.0.12\jul-to-slf4j-2.0.12.jar;C:\Users\ASUS\.m2\repository\jakarta\annotation\jakarta.annotation-api\2.1.1\jakarta.annotation-api-2.1.1.jar;C:\Users\ASUS\.m2\repository\org\yaml\snakeyaml\2.2\snakeyaml-2.2.jar;C:\Users\ASUS\.m2\repository\com\fasterxml\jackson\core\jackson-databind\2.15.4\jackson-databind-2.15.4.jar;C:\Users\ASUS\.m2\repository\com\fasterxml\jackson\core\jackson-annotations\2.15.4\jackson-annotations-2.15.4.jar;C:\Users\ASUS\.m2\repository\com\fasterxml\jackson\core\jackson-core\2.15.4\jackson-core-2.15.4.jar;C:\Users\ASUS\.m2\repository\com\fasterxml\jackson\datatype\jackson-datatype-jdk8\2.15.4\jackson-datatype-jdk8-2.15.4.jar;C:\Users\ASUS\.m2\repository\com\fasterxml\jackson\datatype\jackson-datatype-jsr310\2.15.4\jackson-datatype-jsr310-2.15.4.jar;C:\Users\ASUS\.m2\repository\com\fasterxml\jackson\module\jackson-module-parameter-names\2.15.4\jackson-module-parameter-names-2.15.4.jar;C:\Users\ASUS\.m2\repository\org\apache\tomcat\embed\tomcat-embed-core\10.1.19\tomcat-embed-core-10.1.19.jar;C:\Users\ASUS\.m2\repository\org\apache\tomcat\embed\tomcat-embed-websocket\10.1.19\tomcat-embed-websocket-10.1.19.jar;C:\Users\ASUS\.m2\repository\org\springframework\spring-web\6.1.4\spring-web-6.1.4.jar;C:\Users\ASUS\.m2\repository\org\springframework\spring-beans\6.1.
Launcher Type: SUN_STANDARD

[Global flags]
     intx CICompilerCount                          = 3                                         {product} {ergonomic}
     uint ConcGCThreads                            = 1                                         {product} {ergonomic}
     uint G1ConcRefinementThreads                  = 4                                         {product} {ergonomic}
   size_t G1HeapRegionSize                         = 1048576                                   {product} {ergonomic}
    uintx GCDrainStackTargetSize                   = 64                                        {product} {ergonomic}
   size_t InitialHeapSize                          = 58720256                                  {product} {ergonomic}
   size_t MarkStackSize                            = 4194304                                   {product} {ergonomic}
   size_t MaxHeapSize                              = 926941184                                 {product} {ergonomic}
   size_t MinHeapDeltaBytes                        = 1048576                                   {product} {ergonomic}
   size_t MinHeapSize                              = 8388608                                   {product} {ergonomic}
    uintx NonProfiledCodeHeapSize                  = 0                                      {pd product} {ergonomic}
     bool ProfileInterpreter                       = false                                  {pd product} {command line}
    uintx ProfiledCodeHeapSize                     = 0                                      {pd product} {ergonomic}
   size_t SoftMaxHeapSize                          = 926941184                              {manageable} {ergonomic}
     intx TieredStopAtLevel                        = 1                                         {product} {command line}
     bool UseCompressedClassPointers               = true                           {product lp64_product} {ergonomic}
     bool UseCompressedOops                        = true                           {product lp64_product} {ergonomic}
     bool UseG1GC                                  = true                                      {product} {ergonomic}
     bool UseLargePagesIndividualAllocation        = false                                  {pd product} {ergonomic}

Logging:
Log output configuration:
 #0: stdout all=warning uptime,level,tags
 #1: stderr all=off uptime,level,tags

Environment Variables:
JAVA_HOME=C:\Program Files\Java\jdk-17
PATH=C:\Program Files\Common Files\Oracle\Java\javapath;C:\WINDOWS\system32;C:\WINDOWS;C:\WINDOWS\System32\Wbem;C:\WINDOWS\System32\WindowsPowerShell\v1.0\;C:\WINDOWS\System32\OpenSSH\;C:\apache-maven-3.9.9\bin;C:\Program Files\Java\jdk-17\bin;C:\Users\ASUS\AppData\Local\Microsoft\WindowsApps;C:\Users\ASUS\AppData\Local\Programs\cursor\resources\app\bin
USERNAME=ASUS
LANG=en_US.UTF-8
OS=Windows_NT
PROCESSOR_IDENTIFIER=AMD64 Family 23 Model 24 Stepping 1, AuthenticAMD



---------------  S Y S T E M  ---------------

OS:
 Windows 10 , 64 bit Build 22621 (10.0.22621.5124)
OS uptime: 0 days 5:58 hours

CPU: total 4 (initial active 4) (4 cores per cpu, 2 threads per core) family 23 model 24 stepping 1 microcode 0x0, cx8, cmov, fxsr, ht, mmx, 3dnowpref, sse, sse2, sse3, ssse3, sse4a, sse4.1, sse4.2, popcnt, lzcnt, tsc, tscinvbit, avx, avx2, aes, clmul, bmi1, bmi2, adx, sha, fma, vzeroupper, clflush, clflushopt

Memory: 4k page, system-wide physical 3534M (325M free)
TotalPageFile size 14286M (AvailPageFile size 64M)
current process WorkingSet (physical memory assigned to process): 11M, peak: 11M
current process commit charge ("private bytes"): 46M, peak: 102M

vm_info: Java HotSpot(TM) 64-Bit Server VM (17+35-LTS-2724) for windows-amd64 JRE (17+35-LTS-2724), built on Aug  5 2021 23:28:28 by "mach5one" with MS VC++ 16.8 (VS2019)

END.
