#
# There is insufficient memory for the Java Runtime Environment to continue.
# Native memory allocation (mmap) failed to map 58720256 bytes for G1 virtual space
# Possible reasons:
#   The system is out of physical RAM or swap space
#   The process is running with CompressedOops enabled, and the Java Heap may be blocking the growth of the native heap
# Possible solutions:
#   Reduce memory load on the system
#   Increase physical memory or swap space
#   Check if swap backing store is full
#   Decrease Java heap size (-Xmx/-Xms)
#   Decrease number of Java threads
#   Decrease Java thread stack sizes (-Xss)
#   Set larger code cache with -XX:ReservedCodeCacheSize=
#   JVM is running with Unscaled Compressed Oops mode in which the Java heap is
#     placed in the first 4GB address space. The Java Heap base address is the
#     maximum limit for the native heap growth. Please use -XX:HeapBaseMinAddress
#     to set the Java Heap base and to place the Java Heap above 4GB virtual address.
# This output file may be truncated or incomplete.
#
#  Out of Memory Error (os_windows.cpp:3469), pid=6312, tid=10676
#
# JRE version:  (17.0+35) (build )
# Java VM: Java HotSpot(TM) 64-Bit Server VM (17+35-LTS-2724, mixed mode, sharing, tiered, compressed oops, compressed class ptrs, g1 gc, windows-amd64)
# No core dump will be written. Minidumps are not enabled by default on client versions of Windows
#

---------------  S U M M A R Y ------------

Command Line: -Xmx512m -Dclassworlds.conf=C:\apache-maven-3.9.9\bin\m2.conf -Dmaven.home=C:\apache-maven-3.9.9 -Dlibrary.jansi.path=C:\apache-maven-3.9.9\lib\jansi-native -Dmaven.multiModuleProjectDirectory=E:\auctions org.codehaus.plexus.classworlds.launcher.Launcher clean install

Host: AMD Ryzen 3 3250U with Radeon Graphics         , 4 cores, 3G,  Windows 10 , 64 bit Build 22621 (10.0.22621.5124)
Time: Sat May 24 17:44:17 2025 SE Asia Standard Time elapsed time: 0.018667 seconds (0d 0h 0m 0s)

---------------  T H R E A D  ---------------

Current thread (0x000001b71a09ff90):  JavaThread "Unknown thread" [_thread_in_vm, id=10676, stack(0x000000a028c00000,0x000000a028d00000)]

Stack: [0x000000a028c00000,0x000000a028d00000]
Native frames: (J=compiled Java code, j=interpreted, Vv=VM code, C=native code)
V  [jvm.dll+0x66f8ea]
V  [jvm.dll+0x7ce224]
V  [jvm.dll+0x7cf9ce]
V  [jvm.dll+0x7d0033]
V  [jvm.dll+0x242bb5]
V  [jvm.dll+0x66c909]
V  [jvm.dll+0x6613d2]
V  [jvm.dll+0x30082b]
V  [jvm.dll+0x307db6]
V  [jvm.dll+0x357a0e]
V  [jvm.dll+0x357c3f]
V  [jvm.dll+0x2d7ae8]
V  [jvm.dll+0x2d8a54]
V  [jvm.dll+0x7a00a1]
V  [jvm.dll+0x365781]
V  [jvm.dll+0x77f59c]
V  [jvm.dll+0x3e805f]
V  [jvm.dll+0x3e9b01]
C  [jli.dll+0x527b]
C  [ucrtbase.dll+0x29333]
C  [KERNEL32.DLL+0x1259d]
C  [ntdll.dll+0x5af38]


---------------  P R O C E S S  ---------------

Threads class SMR info:
_java_thread_list=0x00007ffa80c47818, length=0, elements={
}

Java Threads: ( => current thread )

Other Threads:
  0x000001b71a0c7590 GCTaskThread "GC Thread#0" [stack: 0x000000a028d00000,0x000000a028e00000] [id=11364]
  0x000001b71a0cc550 ConcurrentGCThread "G1 Main Marker" [stack: 0x000000a028e00000,0x000000a028f00000] [id=11356]
  0x000001b71a0ccf60 ConcurrentGCThread "G1 Conc#0" [stack: 0x000000a028f00000,0x000000a029000000] [id=10044]

[error occurred during error reporting (printing all threads), id 0xc0000005, EXCEPTION_ACCESS_VIOLATION (0xc0000005) at pc=0x00007ffa804984c7]

VM state: not at safepoint (not fully initialized)

VM Mutex/Monitor currently owned by a thread:  ([mutex/lock_event])
[0x000001b71a09bf80] Heap_lock - owner thread: 0x000001b71a09ff90

Heap address: 0x00000000e0000000, size: 512 MB, Compressed Oops mode: 32-bit

CDS archive(s) mapped at: [0x0000000000000000-0x0000000000000000-0x0000000000000000), size 0, SharedBaseAddress: 0x0000000800000000, ArchiveRelocationMode: 0.
Narrow klass base: 0x0000000000000000, Narrow klass shift: 0, Narrow klass range: 0x0

GC Precious Log:
<Empty>

Heap:
 garbage-first heap   total 0K, used 0K [0x00000000e0000000, 0x0000000100000000)
  region size 1024K, 0 young (0K), 0 survivors (0K)

[error occurred during error reporting (printing heap information), id 0xc0000005, EXCEPTION_ACCESS_VIOLATION (0xc0000005) at pc=0x00007ffa80878c59]

GC Heap History (0 events):
No events

Deoptimization events (0 events):
No events

Classes unloaded (0 events):
No events

Classes redefined (0 events):
No events

Internal exceptions (0 events):
No events

VM Operations (0 events):
No events

Events (1 events):
Event: 0.011 Loaded shared library C:\Program Files\Java\jdk-17\bin\java.dll


Dynamic libraries:
0x00007ff71ea00000 - 0x00007ff71ea10000 	C:\Program Files\Java\jdk-17\bin\java.exe
0x00007ffb1c310000 - 0x00007ffb1c527000 	C:\WINDOWS\SYSTEM32\ntdll.dll
0x00007ffb1af40000 - 0x00007ffb1b004000 	C:\WINDOWS\System32\KERNEL32.DLL
0x00007ffb19890000 - 0x00007ffb19c63000 	C:\WINDOWS\System32\KERNELBASE.dll
0x00007ffb19770000 - 0x00007ffb19881000 	C:\WINDOWS\System32\ucrtbase.dll
0x00007ffb05dd0000 - 0x00007ffb05dea000 	C:\Program Files\Java\jdk-17\bin\VCRUNTIME140.dll
0x00007ffb043b0000 - 0x00007ffb043c8000 	C:\Program Files\Java\jdk-17\bin\jli.dll
0x00007ffb1bff0000 - 0x00007ffb1c0a1000 	C:\WINDOWS\System32\ADVAPI32.dll
0x00007ffb1ace0000 - 0x00007ffb1ad87000 	C:\WINDOWS\System32\msvcrt.dll
0x00007ffb1a460000 - 0x00007ffb1a508000 	C:\WINDOWS\System32\sechost.dll
0x00007ffb19c70000 - 0x00007ffb19c98000 	C:\WINDOWS\System32\bcrypt.dll
0x00007ffb19fb0000 - 0x00007ffb1a0c4000 	C:\WINDOWS\System32\RPCRT4.dll
0x00007ffb1a5b0000 - 0x00007ffb1a761000 	C:\WINDOWS\System32\USER32.dll
0x00007ffb05370000 - 0x00007ffb05608000 	C:\WINDOWS\WinSxS\amd64_microsoft.windows.common-controls_6595b64144ccf1df_6.0.22621.5124_none_270e8f4f7386d69d\COMCTL32.dll
0x00007ffb19f80000 - 0x00007ffb19fa6000 	C:\WINDOWS\System32\win32u.dll
0x00007ffb1c2a0000 - 0x00007ffb1c2c9000 	C:\WINDOWS\System32\GDI32.dll
0x00007ffb194e0000 - 0x00007ffb195fb000 	C:\WINDOWS\System32\gdi32full.dll
0x00007ffb19ee0000 - 0x00007ffb19f7a000 	C:\WINDOWS\System32\msvcp_win.dll
0x00007ffb112e0000 - 0x00007ffb112ea000 	C:\WINDOWS\SYSTEM32\VERSION.dll
0x00007ffb1c240000 - 0x00007ffb1c271000 	C:\WINDOWS\System32\IMM32.DLL
0x00007ffb0a990000 - 0x00007ffb0a99c000 	C:\Program Files\Java\jdk-17\bin\vcruntime140_1.dll
0x00007ffadb9c0000 - 0x00007ffadba4d000 	C:\Program Files\Java\jdk-17\bin\msvcp140.dll
0x00007ffa801b0000 - 0x00007ffa80d6e000 	C:\Program Files\Java\jdk-17\bin\server\jvm.dll
0x00007ffb1a5a0000 - 0x00007ffb1a5a8000 	C:\WINDOWS\System32\PSAPI.DLL
0x00007ffaed630000 - 0x00007ffaed639000 	C:\WINDOWS\SYSTEM32\WSOCK32.dll
0x00007ffb15370000 - 0x00007ffb153a4000 	C:\WINDOWS\SYSTEM32\WINMM.dll
0x00007ffb1b460000 - 0x00007ffb1b4d1000 	C:\WINDOWS\System32\WS2_32.dll
0x00007ffb18450000 - 0x00007ffb18468000 	C:\WINDOWS\SYSTEM32\kernel.appcore.dll
0x00007ffb07320000 - 0x00007ffb0732a000 	C:\Program Files\Java\jdk-17\bin\jimage.dll
0x00007ffb16ed0000 - 0x00007ffb17102000 	C:\WINDOWS\SYSTEM32\DBGHELP.DLL
0x00007ffb1b010000 - 0x00007ffb1b3a2000 	C:\WINDOWS\System32\combase.dll
0x00007ffb1a780000 - 0x00007ffb1a857000 	C:\WINDOWS\System32\OLEAUT32.dll
0x00007ffb023a0000 - 0x00007ffb023d2000 	C:\WINDOWS\SYSTEM32\dbgcore.DLL
0x00007ffb19e60000 - 0x00007ffb19edb000 	C:\WINDOWS\System32\bcryptPrimitives.dll
0x00007ffb04380000 - 0x00007ffb043a5000 	C:\Program Files\Java\jdk-17\bin\java.dll

dbghelp: loaded successfully - version: 4.0.5 - missing functions: none
symbol engine: initialized successfully - sym options: 0x614 - pdb path: .;C:\Program Files\Java\jdk-17\bin;C:\WINDOWS\SYSTEM32;C:\WINDOWS\WinSxS\amd64_microsoft.windows.common-controls_6595b64144ccf1df_6.0.22621.5124_none_270e8f4f7386d69d;C:\Program Files\Java\jdk-17\bin\server

VM Arguments:
jvm_args: -Xmx512m -Dclassworlds.conf=C:\apache-maven-3.9.9\bin\m2.conf -Dmaven.home=C:\apache-maven-3.9.9 -Dlibrary.jansi.path=C:\apache-maven-3.9.9\lib\jansi-native -Dmaven.multiModuleProjectDirectory=E:\auctions 
java_command: org.codehaus.plexus.classworlds.launcher.Launcher clean install
java_class_path (initial): C:\apache-maven-3.9.9\boot\plexus-classworlds-2.8.0.jar
Launcher Type: SUN_STANDARD

[Global flags]
     intx CICompilerCount                          = 3                                         {product} {ergonomic}
     uint ConcGCThreads                            = 1                                         {product} {ergonomic}
     uint G1ConcRefinementThreads                  = 4                                         {product} {ergonomic}
   size_t G1HeapRegionSize                         = 1048576                                   {product} {ergonomic}
    uintx GCDrainStackTargetSize                   = 64                                        {product} {ergonomic}
   size_t InitialHeapSize                          = 58720256                                  {product} {ergonomic}
   size_t MarkStackSize                            = 4194304                                   {product} {ergonomic}
   size_t MaxHeapSize                              = 536870912                                 {product} {command line}
   size_t MinHeapDeltaBytes                        = 1048576                                   {product} {ergonomic}
   size_t MinHeapSize                              = 8388608                                   {product} {ergonomic}
    uintx NonNMethodCodeHeapSize                   = 5832780                                {pd product} {ergonomic}
    uintx NonProfiledCodeHeapSize                  = 122912730                              {pd product} {ergonomic}
    uintx ProfiledCodeHeapSize                     = 122912730                              {pd product} {ergonomic}
    uintx ReservedCodeCacheSize                    = 251658240                              {pd product} {ergonomic}
     bool SegmentedCodeCache                       = true                                      {product} {ergonomic}
   size_t SoftMaxHeapSize                          = 536870912                              {manageable} {ergonomic}
     bool UseCompressedClassPointers               = true                           {product lp64_product} {ergonomic}
     bool UseCompressedOops                        = true                           {product lp64_product} {ergonomic}
     bool UseG1GC                                  = true                                      {product} {ergonomic}
     bool UseLargePagesIndividualAllocation        = false                                  {pd product} {ergonomic}

Logging:
Log output configuration:
 #0: stdout all=warning uptime,level,tags
 #1: stderr all=off uptime,level,tags

Environment Variables:
JAVA_HOME=C:\Program Files\Java\jdk-17
PATH=C:\Program Files\Common Files\Oracle\Java\javapath;C:\WINDOWS\system32;C:\WINDOWS;C:\WINDOWS\System32\Wbem;C:\WINDOWS\System32\WindowsPowerShell\v1.0\;C:\WINDOWS\System32\OpenSSH\;C:\apache-maven-3.9.9\bin;C:\Program Files\Java\jdk-17\bin;C:\Users\ASUS\AppData\Local\Microsoft\WindowsApps;C:\Users\ASUS\AppData\Local\Programs\cursor\resources\app\bin;C:\Users\ASUS\AppData\Local\GitHubDesktop\bin
USERNAME=ASUS
LANG=en_US.UTF-8
OS=Windows_NT
PROCESSOR_IDENTIFIER=AMD64 Family 23 Model 24 Stepping 1, AuthenticAMD



---------------  S Y S T E M  ---------------

OS:
 Windows 10 , 64 bit Build 22621 (10.0.22621.5124)
OS uptime: 0 days 1:15 hours

CPU: total 4 (initial active 4) (4 cores per cpu, 2 threads per core) family 23 model 24 stepping 1 microcode 0x0, cx8, cmov, fxsr, ht, mmx, 3dnowpref, sse, sse2, sse3, ssse3, sse4a, sse4.1, sse4.2, popcnt, lzcnt, tsc, tscinvbit, avx, avx2, aes, clmul, bmi1, bmi2, adx, sha, fma, vzeroupper, clflush, clflushopt

Memory: 4k page, system-wide physical 3534M (264M free)
TotalPageFile size 11726M (AvailPageFile size 51M)
current process WorkingSet (physical memory assigned to process): 10M, peak: 10M
current process commit charge ("private bytes"): 51M, peak: 107M

vm_info: Java HotSpot(TM) 64-Bit Server VM (17+35-LTS-2724) for windows-amd64 JRE (17+35-LTS-2724), built on Aug  5 2021 23:28:28 by "mach5one" with MS VC++ 16.8 (VS2019)

END.
