#
# There is insufficient memory for the Java Runtime Environment to continue.
# Native memory allocation (malloc) failed to allocate 994064 bytes. Error detail: Chunk::new
# Possible reasons:
#   The system is out of physical RAM or swap space
#   This process is running with CompressedOops enabled, and the Java Heap may be blocking the growth of the native heap
# Possible solutions:
#   Reduce memory load on the system
#   Increase physical memory or swap space
#   Check if swap backing store is full
#   Decrease Java heap size (-Xmx/-Xms)
#   Decrease number of Java threads
#   Decrease Java thread stack sizes (-Xss)
#   Set larger code cache with -XX:ReservedCodeCacheSize=
#   JVM is running with Unscaled Compressed Oops mode in which the Java heap is
#     placed in the first 4GB address space. The Java Heap base address is the
#     maximum limit for the native heap growth. Please use -XX:HeapBaseMinAddress
#     to set the Java Heap base and to place the Java Heap above 4GB virtual address.
# This output file may be truncated or incomplete.
#
#  Out of Memory Error (arena.cpp:168), pid=9596, tid=13340
#
# JRE version: OpenJDK Runtime Environment Temurin-21.0.7+6 (21.0.7+6) (build 21.0.7+6-LTS)
# Java VM: OpenJDK 64-Bit Server VM Temurin-21.0.7+6 (21.0.7+6-LTS, mixed mode, sharing, tiered, compressed oops, compressed class ptrs, parallel gc, windows-amd64)
# No core dump will be written. Minidumps are not enabled by default on client versions of Windows
#

---------------  S U M M A R Y ------------

Command Line: --add-modules=ALL-SYSTEM --add-opens=java.base/java.util=ALL-UNNAMED --add-opens=java.base/java.lang=ALL-UNNAMED --add-opens=java.base/sun.nio.fs=ALL-UNNAMED -Declipse.application=org.eclipse.jdt.ls.core.id1 -Dosgi.bundles.defaultStartLevel=4 -Declipse.product=org.eclipse.jdt.ls.core.product -Djava.import.generatesMetadataFilesAtProjectRoot=false -DDetectVMInstallationsJob.disabled=true -Dfile.encoding=utf8 -XX:+UseParallelGC -XX:GCTimeRatio=4 -XX:AdaptiveSizePolicyWeight=90 -Dsun.zip.disableMemoryMapping=true -Xmx1G -Xms100m -Xlog:disable -javaagent:c:\Users\ASUS\.cursor\extensions\redhat.java-1.42.0-win32-x64\lombok\lombok-1.18.36.jar -XX:+HeapDumpOnOutOfMemoryError -XX:HeapDumpPath=c:\Users\ASUS\AppData\Roaming\Cursor\User\workspaceStorage\72f57f5d0bb1c96832c07a7fc8615d4f\redhat.java -Daether.dependencyCollector.impl=bf c:\Users\ASUS\.cursor\extensions\redhat.java-1.42.0-win32-x64\server\plugins\org.eclipse.equinox.launcher_1.7.0.v20250424-1814.jar -configuration c:\Users\ASUS\AppData\Roaming\Cursor\User\globalStorage\redhat.java\1.42.0\config_win -data c:\Users\ASUS\AppData\Roaming\Cursor\User\workspaceStorage\72f57f5d0bb1c96832c07a7fc8615d4f\redhat.java\jdt_ws --pipe=\\.\pipe\lsp-d60630913bb7ded37b8cc90a49014bc7-sock

Host: AMD Ryzen 3 3250U with Radeon Graphics         , 4 cores, 3G,  Windows 11 , 64 bit Build 22621 (10.0.22621.5124)
Time: Sun May 25 13:47:04 2025 SE Asia Standard Time elapsed time: 232.043183 seconds (0d 0h 3m 52s)

---------------  T H R E A D  ---------------

Current thread (0x000002937c149760):  JavaThread "C2 CompilerThread0" daemon [_thread_in_native, id=13340, stack(0x000000daf8300000,0x000000daf8400000) (1024K)]


Current CompileTask:
C2:232043 14475       4       org.eclipse.jdt.internal.core.JarPackageFragmentRoot::initRawPackageInfo (292 bytes)

Stack: [0x000000daf8300000,0x000000daf8400000]
Native frames: (J=compiled Java code, j=interpreted, Vv=VM code, C=native code)
V  [jvm.dll+0x6ce119]
V  [jvm.dll+0x8a84a1]
V  [jvm.dll+0x8aa9ce]
V  [jvm.dll+0x8ab0b3]
V  [jvm.dll+0x27f8a6]
V  [jvm.dll+0xc507d]
V  [jvm.dll+0xc55b3]
V  [jvm.dll+0x3b692c]
V  [jvm.dll+0x382aa5]
V  [jvm.dll+0x381f0a]
V  [jvm.dll+0x247af0]
V  [jvm.dll+0x2470cf]
V  [jvm.dll+0x1c760e]
V  [jvm.dll+0x25695a]
V  [jvm.dll+0x254efa]
V  [jvm.dll+0x3f03f6]
V  [jvm.dll+0x851f6b]
V  [jvm.dll+0x6cc7dd]
C  [ucrtbase.dll+0x29333]
C  [KERNEL32.DLL+0x1259d]
C  [ntdll.dll+0x5af38]


---------------  P R O C E S S  ---------------

Threads class SMR info:
_java_thread_list=0x000002930de96a80, length=39, elements={
0x0000029326dad160, 0x000002937c145fc0, 0x0000029326e59680, 0x0000029326e5b2f0,
0x0000029326e5c000, 0x0000029326e5cd10, 0x0000029326e5e8d0, 0x000002937c149760,
0x000002937c1b8df0, 0x000002937ceed0c0, 0x000002937d13d5c0, 0x000002937d4b9380,
0x000002937d749150, 0x000002937c1b04f0, 0x000002937cf94170, 0x000002937d722fb0,
0x000002937d8f6600, 0x000002937d127460, 0x000002937d1260b0, 0x000002937d126740,
0x000002937d726d70, 0x000002937d72d670, 0x000002937d72cfe0, 0x000002937d728120,
0x000002937d7266e0, 0x000002937d72c950, 0x000002937d7287b0, 0x000002937d7294d0,
0x000002937d729b60, 0x000002937d727a90, 0x000002937d72dd00, 0x000002937d727400,
0x000002937df7a250, 0x000002937df7b600, 0x000002937eb4a6f0, 0x000002937eb499d0,
0x000002937eb4c7c0, 0x000002937eb4f5b0, 0x000002937eb4a060
}

Java Threads: ( => current thread )
  0x0000029326dad160 JavaThread "main"                              [_thread_blocked, id=12628, stack(0x000000daf7900000,0x000000daf7a00000) (1024K)]
  0x000002937c145fc0 JavaThread "Reference Handler"          daemon [_thread_blocked, id=11056, stack(0x000000daf7d00000,0x000000daf7e00000) (1024K)]
  0x0000029326e59680 JavaThread "Finalizer"                  daemon [_thread_blocked, id=6260, stack(0x000000daf7e00000,0x000000daf7f00000) (1024K)]
  0x0000029326e5b2f0 JavaThread "Signal Dispatcher"          daemon [_thread_blocked, id=11188, stack(0x000000daf7f00000,0x000000daf8000000) (1024K)]
  0x0000029326e5c000 JavaThread "Attach Listener"            daemon [_thread_blocked, id=9344, stack(0x000000daf8000000,0x000000daf8100000) (1024K)]
  0x0000029326e5cd10 JavaThread "Service Thread"             daemon [_thread_blocked, id=10820, stack(0x000000daf8100000,0x000000daf8200000) (1024K)]
  0x0000029326e5e8d0 JavaThread "Monitor Deflation Thread"   daemon [_thread_blocked, id=11796, stack(0x000000daf8200000,0x000000daf8300000) (1024K)]
=>0x000002937c149760 JavaThread "C2 CompilerThread0"         daemon [_thread_in_native, id=13340, stack(0x000000daf8300000,0x000000daf8400000) (1024K)]
  0x000002937c1b8df0 JavaThread "C1 CompilerThread0"         daemon [_thread_blocked, id=15124, stack(0x000000daf8400000,0x000000daf8500000) (1024K)]
  0x000002937ceed0c0 JavaThread "Common-Cleaner"             daemon [_thread_blocked, id=4564, stack(0x000000daf8500000,0x000000daf8600000) (1024K)]
  0x000002937d13d5c0 JavaThread "Notification Thread"        daemon [_thread_blocked, id=2264, stack(0x000000daf8600000,0x000000daf8700000) (1024K)]
  0x000002937d4b9380 JavaThread "Active Thread: Equinox Container: 21f18bb6-0d1b-4f9b-b29f-6df1ee7a8d92"        [_thread_blocked, id=15020, stack(0x000000daf8a00000,0x000000daf8b00000) (1024K)]
  0x000002937d749150 JavaThread "Refresh Thread: Equinox Container: 21f18bb6-0d1b-4f9b-b29f-6df1ee7a8d92" daemon [_thread_blocked, id=12676, stack(0x000000daf8b00000,0x000000daf8c00000) (1024K)]
  0x000002937c1b04f0 JavaThread "Framework Event Dispatcher: Equinox Container: 21f18bb6-0d1b-4f9b-b29f-6df1ee7a8d92" daemon [_thread_blocked, id=14028, stack(0x000000daf8c00000,0x000000daf8d00000) (1024K)]
  0x000002937cf94170 JavaThread "Start Level: Equinox Container: 21f18bb6-0d1b-4f9b-b29f-6df1ee7a8d92" daemon [_thread_blocked, id=12868, stack(0x000000daf8d00000,0x000000daf8e00000) (1024K)]
  0x000002937d722fb0 JavaThread "Bundle File Closer"         daemon [_thread_blocked, id=12128, stack(0x000000daf8e00000,0x000000daf8f00000) (1024K)]
  0x000002937d8f6600 JavaThread "SCR Component Actor"        daemon [_thread_blocked, id=10880, stack(0x000000daf8f00000,0x000000daf9000000) (1024K)]
  0x000002937d127460 JavaThread "Worker-JM"                         [_thread_blocked, id=15332, stack(0x000000daf9100000,0x000000daf9200000) (1024K)]
  0x000002937d1260b0 JavaThread "JNA Cleaner"                daemon [_thread_blocked, id=1996, stack(0x000000daf9200000,0x000000daf9300000) (1024K)]
  0x000002937d126740 JavaThread "Worker-0: Publish Diagnostics"        [_thread_blocked, id=3468, stack(0x000000daf9300000,0x000000daf9400000) (1024K)]
  0x000002937d726d70 JavaThread "Java indexing"              daemon [_thread_blocked, id=5776, stack(0x000000daf9600000,0x000000daf9700000) (1024K)]
  0x000002937d72d670 JavaThread "Worker-3"                          [_thread_blocked, id=7612, stack(0x000000daf9700000,0x000000daf9800000) (1024K)]
  0x000002937d72cfe0 JavaThread "Thread-2"                   daemon [_thread_in_native, id=9324, stack(0x000000daf9900000,0x000000daf9a00000) (1024K)]
  0x000002937d728120 JavaThread "Thread-3"                   daemon [_thread_in_native, id=4512, stack(0x000000daf9a00000,0x000000daf9b00000) (1024K)]
  0x000002937d7266e0 JavaThread "Thread-4"                   daemon [_thread_in_native, id=2836, stack(0x000000daf9b00000,0x000000daf9c00000) (1024K)]
  0x000002937d72c950 JavaThread "Thread-5"                   daemon [_thread_in_native, id=12520, stack(0x000000daf9c00000,0x000000daf9d00000) (1024K)]
  0x000002937d7287b0 JavaThread "Thread-6"                   daemon [_thread_in_native, id=16080, stack(0x000000daf9d00000,0x000000daf9e00000) (1024K)]
  0x000002937d7294d0 JavaThread "pool-2-thread-1"                   [_thread_blocked, id=7248, stack(0x000000daf9e00000,0x000000daf9f00000) (1024K)]
  0x000002937d729b60 JavaThread "WorkspaceEventsHandler"            [_thread_blocked, id=11304, stack(0x000000daf9f00000,0x000000dafa000000) (1024K)]
  0x000002937d727a90 JavaThread "pool-1-thread-1"                   [_thread_blocked, id=12448, stack(0x000000dafa000000,0x000000dafa100000) (1024K)]
  0x000002937d72dd00 JavaThread "LocalFile Deleter"          daemon [_thread_blocked, id=7800, stack(0x000000daf9000000,0x000000daf9100000) (1024K)]
  0x000002937d727400 JavaThread "LocalFile Deleter"          daemon [_thread_blocked, id=7340, stack(0x000000dafa300000,0x000000dafa400000) (1024K)]
  0x000002937df7a250 JavaThread "Compiler Source File Reader" daemon [_thread_blocked, id=3144, stack(0x000000dafa400000,0x000000dafa500000) (1024K)]
  0x000002937df7b600 JavaThread "Compiler Source File Reader" daemon [_thread_blocked, id=12900, stack(0x000000dafa500000,0x000000dafa600000) (1024K)]
  0x000002937eb4a6f0 JavaThread "Compiler Class File Writer" daemon [_thread_blocked, id=14368, stack(0x000000daf7800000,0x000000daf7900000) (1024K)]
  0x000002937eb499d0 JavaThread "Compiler Class File Writer" daemon [_thread_blocked, id=13060, stack(0x000000dafa900000,0x000000dafaa00000) (1024K)]
  0x000002937eb4c7c0 JavaThread "ForkJoinPool.commonPool-worker-1" daemon [_thread_blocked, id=2008, stack(0x000000dafab00000,0x000000dafac00000) (1024K)]
  0x000002937eb4f5b0 JavaThread "ForkJoinPool.commonPool-worker-2" daemon [_thread_blocked, id=8856, stack(0x000000dafac00000,0x000000dafad00000) (1024K)]
  0x000002937eb4a060 JavaThread "Thread-8"                   daemon [_thread_blocked, id=10608, stack(0x000000daf7700000,0x000000daf7800000) (1024K)]
Total: 39

Other Threads:
  0x000002937c13f8f0 VMThread "VM Thread"                           [id=12264, stack(0x000000daf7c00000,0x000000daf7d00000) (1024K)]
  0x0000029326e13f60 WatcherThread "VM Periodic Task Thread"        [id=3504, stack(0x000000daf7b00000,0x000000daf7c00000) (1024K)]
  0x0000029326dc66f0 WorkerThread "GC Thread#0"                     [id=4940, stack(0x000000daf7a00000,0x000000daf7b00000) (1024K)]
  0x000002937d7dd4f0 WorkerThread "GC Thread#1"                     [id=12480, stack(0x000000daf8700000,0x000000daf8800000) (1024K)]
  0x000002937d7dd890 WorkerThread "GC Thread#2"                     [id=12548, stack(0x000000daf8800000,0x000000daf8900000) (1024K)]
  0x000002937d7ddc30 WorkerThread "GC Thread#3"                     [id=12636, stack(0x000000daf8900000,0x000000daf8a00000) (1024K)]
Total: 6

Threads with active compile tasks:
C2 CompilerThread0  232103 14475       4       org.eclipse.jdt.internal.core.JarPackageFragmentRoot::initRawPackageInfo (292 bytes)
Total: 1

VM state: at safepoint (normal execution)

VM Mutex/Monitor currently owned by a thread:  ([mutex/lock_event])
[0x00007ff96a36e308] Threads_lock - owner thread: 0x000002937c13f8f0
[0x00007ff96a36e408] Heap_lock - owner thread: 0x000002937d126740

Heap address: 0x00000000c0000000, size: 1024 MB, Compressed Oops mode: 32-bit

CDS archive(s) mapped at: [0x000002933b000000-0x000002933bba0000-0x000002933bba0000), size 12189696, SharedBaseAddress: 0x000002933b000000, ArchiveRelocationMode: 1.
Compressed class space mapped at: 0x000002933c000000-0x000002937c000000, reserved size: 1073741824
Narrow klass base: 0x000002933b000000, Narrow klass shift: 0, Narrow klass range: 0x100000000

GC Precious Log:
 CardTable entry size: 512
 CPUs: 4 total, 4 available
 Memory: 3534M
 Large Page Support: Disabled
 NUMA Support: Disabled
 Compressed Oops: Enabled (32-bit)
 Alignments: Space 512K, Generation 512K, Heap 2M
 Heap Min Capacity: 100M
 Heap Initial Capacity: 100M
 Heap Max Capacity: 1G
 Pre-touch: Disabled
 Parallel Workers: 4

Heap:
 PSYoungGen      total 5120K, used 4672K [0x00000000eab00000, 0x00000000eb100000, 0x0000000100000000)
  eden space 4096K, 100% used [0x00000000eab00000,0x00000000eaf00000,0x00000000eaf00000)
  from space 1024K, 56% used [0x00000000eaf00000,0x00000000eaf90000,0x00000000eb000000)
  to   space 1024K, 98% used [0x00000000eb000000,0x00000000eb0fd590,0x00000000eb100000)
 ParOldGen       total 379904K, used 379754K [0x00000000c0000000, 0x00000000d7300000, 0x00000000eab00000)
  object space 379904K, 99% used [0x00000000c0000000,0x00000000d72da8a0,0x00000000d7300000)
 Metaspace       used 67671K, committed 69184K, reserved 1114112K
  class space    used 6825K, committed 7488K, reserved 1048576K

Card table byte_map: [0x0000029326760000,0x0000029326970000] _byte_map_base: 0x0000029326160000

Marking Bits: (ParMarkBitMap*) 0x00007ff96a3731f0
 Begin Bits: [0x0000029338f90000, 0x0000029339f90000)
 End Bits:   [0x0000029339f90000, 0x000002933af90000)

Polling page: 0x0000029324da0000

Metaspace:

Usage:
  Non-class:     59.42 MB used.
      Class:      6.67 MB used.
       Both:     66.09 MB used.

Virtual space:
  Non-class space:       64.00 MB reserved,      60.25 MB ( 94%) committed,  1 nodes.
      Class space:        1.00 GB reserved,       7.31 MB ( <1%) committed,  1 nodes.
             Both:        1.06 GB reserved,      67.56 MB (  6%) committed. 

Chunk freelists:
   Non-Class:  3.22 MB
       Class:  8.66 MB
        Both:  11.88 MB

MaxMetaspaceSize: unlimited
CompressedClassSpaceSize: 1.00 GB
Initial GC threshold: 21.00 MB
Current GC threshold: 110.31 MB
CDS: on
 - commit_granule_bytes: 65536.
 - commit_granule_words: 8192.
 - virtual_space_node_default_size: 8388608.
 - enlarge_chunks_in_place: 1.
 - use_allocation_guard: 0.


Internal statistics:

num_allocs_failed_limit: 9.
num_arena_births: 1324.
num_arena_deaths: 14.
num_vsnodes_births: 2.
num_vsnodes_deaths: 0.
num_space_committed: 1081.
num_space_uncommitted: 0.
num_chunks_returned_to_freelist: 23.
num_chunks_taken_from_freelist: 4483.
num_chunk_merges: 13.
num_chunk_splits: 2790.
num_chunks_enlarged: 1614.
num_inconsistent_stats: 0.

CodeHeap 'non-profiled nmethods': size=120000Kb used=10096Kb max_used=10096Kb free=109903Kb
 bounds [0x0000029331a60000, 0x0000029332440000, 0x0000029338f90000]
CodeHeap 'profiled nmethods': size=120000Kb used=29015Kb max_used=29761Kb free=90985Kb
 bounds [0x0000029329f90000, 0x000002932bcc0000, 0x00000293314c0000]
CodeHeap 'non-nmethods': size=5760Kb used=1442Kb max_used=1507Kb free=4317Kb
 bounds [0x00000293314c0000, 0x0000029331730000, 0x0000029331a60000]
 total_blobs=13562 nmethods=12807 adapters=659
 compilation: enabled
              stopped_count=0, restarted_count=0
 full_count=0

Compilation events (20 events):
Event: 231.529 Thread 0x000002937c1b8df0 14476   !   3       java.io.StringReader::read (105 bytes)
Event: 231.530 Thread 0x000002937c1b8df0 nmethod 14476 0x000002932abed390 code [0x000002932abed5c0, 0x000002932abedd60]
Event: 231.810 Thread 0x000002937c149760 nmethod 14354 0x0000029332429990 code [0x000002933242abe0, 0x0000029332435360]
Event: 231.811 Thread 0x000002937c149760 14475       4       org.eclipse.jdt.internal.core.JarPackageFragmentRoot::initRawPackageInfo (292 bytes)
Event: 231.850 Thread 0x000002937c1b8df0 14481       2       org.eclipse.jdt.internal.core.util.HashSetOfArray::<init> (41 bytes)
Event: 231.851 Thread 0x000002937c1b8df0 nmethod 14481 0x000002932a5b0590 code [0x000002932a5b0760, 0x000002932a5b0958]
Event: 231.854 Thread 0x000002937c1b8df0 14482       3       com.google.gson.internal.LinkedTreeMap::<init> (47 bytes)
Event: 231.855 Thread 0x000002937c1b8df0 nmethod 14482 0x000002932b05ff10 code [0x000002932b0600e0, 0x000002932b060490]
Event: 231.855 Thread 0x000002937c1b8df0 14483       3       com.google.gson.stream.JsonReader::endObject (70 bytes)
Event: 231.856 Thread 0x000002937c1b8df0 nmethod 14483 0x000002932abe5610 code [0x000002932abe57e0, 0x000002932abe5c38]
Event: 231.856 Thread 0x000002937c1b8df0 14484       3       com.google.gson.stream.JsonReader::beginObject (40 bytes)
Event: 231.856 Thread 0x000002937c1b8df0 nmethod 14484 0x000002932a633690 code [0x000002932a633860, 0x000002932a633b40]
Event: 231.862 Thread 0x000002937c1b8df0 14486       3       com.google.gson.internal.ConstructorConstructor$$Lambda/0x000002933c421818::construct (4 bytes)
Event: 231.862 Thread 0x000002937c1b8df0 nmethod 14486 0x000002932ad66590 code [0x000002932ad66760, 0x000002932ad669e0]
Event: 231.862 Thread 0x000002937c1b8df0 14487       3       com.google.gson.internal.bind.MapTypeAdapterFactory$Adapter::read (6 bytes)
Event: 231.863 Thread 0x000002937c1b8df0 nmethod 14487 0x000002932a363590 code [0x000002932a363740, 0x000002932a363878]
Event: 231.950 Thread 0x000002937c1b8df0 14490       2       java.util.TimSort::mergeLo (659 bytes)
Event: 231.953 Thread 0x000002937c1b8df0 nmethod 14490 0x000002932aff0a90 code [0x000002932aff0d80, 0x000002932aff2560]
Event: 232.026 Thread 0x000002937c1b8df0 14492       2       java.util.TimSort::mergeHi (732 bytes)
Event: 232.028 Thread 0x000002937c1b8df0 nmethod 14492 0x000002932a5c9e10 code [0x000002932a5ca100, 0x000002932a5cb950]

GC Heap History (20 events):
Event: 231.847 GC heap before
{Heap before GC invocations=1464 (full 4):
 PSYoungGen      total 2560K, used 1920K [0x00000000eab00000, 0x00000000eae80000, 0x0000000100000000)
  eden space 1536K, 100% used [0x00000000eab00000,0x00000000eac80000,0x00000000eac80000)
  from space 1024K, 37% used [0x00000000eac80000,0x00000000eace0000,0x00000000ead80000)
  to   space 512K, 0% used [0x00000000eae00000,0x00000000eae00000,0x00000000eae80000)
 ParOldGen       total 370688K, used 370577K [0x00000000c0000000, 0x00000000d6a00000, 0x00000000eab00000)
  object space 370688K, 99% used [0x00000000c0000000,0x00000000d69e46c0,0x00000000d6a00000)
 Metaspace       used 67662K, committed 69184K, reserved 1114112K
  class space    used 6825K, committed 7488K, reserved 1048576K
}
Event: 231.850 GC heap after
{Heap after GC invocations=1464 (full 4):
 PSYoungGen      total 2560K, used 512K [0x00000000eab00000, 0x00000000eaf00000, 0x0000000100000000)
  eden space 2048K, 0% used [0x00000000eab00000,0x00000000eab00000,0x00000000ead00000)
  from space 512K, 100% used [0x00000000eae00000,0x00000000eae80000,0x00000000eae80000)
  to   space 1024K, 0% used [0x00000000ead00000,0x00000000ead00000,0x00000000eae00000)
 ParOldGen       total 371200K, used 370913K [0x00000000c0000000, 0x00000000d6a80000, 0x00000000eab00000)
  object space 371200K, 99% used [0x00000000c0000000,0x00000000d6a386c0,0x00000000d6a80000)
 Metaspace       used 67662K, committed 69184K, reserved 1114112K
  class space    used 6825K, committed 7488K, reserved 1048576K
}
Event: 231.859 GC heap before
{Heap before GC invocations=1465 (full 4):
 PSYoungGen      total 2560K, used 2560K [0x00000000eab00000, 0x00000000eaf00000, 0x0000000100000000)
  eden space 2048K, 100% used [0x00000000eab00000,0x00000000ead00000,0x00000000ead00000)
  from space 512K, 100% used [0x00000000eae00000,0x00000000eae80000,0x00000000eae80000)
  to   space 1024K, 0% used [0x00000000ead00000,0x00000000ead00000,0x00000000eae00000)
 ParOldGen       total 371200K, used 370913K [0x00000000c0000000, 0x00000000d6a80000, 0x00000000eab00000)
  object space 371200K, 99% used [0x00000000c0000000,0x00000000d6a386c0,0x00000000d6a80000)
 Metaspace       used 67662K, committed 69184K, reserved 1114112K
  class space    used 6825K, committed 7488K, reserved 1048576K
}
Event: 231.861 GC heap after
{Heap after GC invocations=1465 (full 4):
 PSYoungGen      total 3072K, used 1024K [0x00000000eab00000, 0x00000000eb180000, 0x0000000100000000)
  eden space 2048K, 0% used [0x00000000eab00000,0x00000000eab00000,0x00000000ead00000)
  from space 1024K, 100% used [0x00000000ead00000,0x00000000eae00000,0x00000000eae00000)
  to   space 2048K, 0% used [0x00000000eaf80000,0x00000000eaf80000,0x00000000eb180000)
 ParOldGen       total 371712K, used 371361K [0x00000000c0000000, 0x00000000d6b00000, 0x00000000eab00000)
  object space 371712K, 99% used [0x00000000c0000000,0x00000000d6aa86c0,0x00000000d6b00000)
 Metaspace       used 67662K, committed 69184K, reserved 1114112K
  class space    used 6825K, committed 7488K, reserved 1048576K
}
Event: 231.874 GC heap before
{Heap before GC invocations=1466 (full 4):
 PSYoungGen      total 3072K, used 3071K [0x00000000eab00000, 0x00000000eb180000, 0x0000000100000000)
  eden space 2048K, 99% used [0x00000000eab00000,0x00000000eacfffd0,0x00000000ead00000)
  from space 1024K, 100% used [0x00000000ead00000,0x00000000eae00000,0x00000000eae00000)
  to   space 2048K, 0% used [0x00000000eaf80000,0x00000000eaf80000,0x00000000eb180000)
 ParOldGen       total 371712K, used 371361K [0x00000000c0000000, 0x00000000d6b00000, 0x00000000eab00000)
  object space 371712K, 99% used [0x00000000c0000000,0x00000000d6aa86c0,0x00000000d6b00000)
 Metaspace       used 67662K, committed 69184K, reserved 1114112K
  class space    used 6825K, committed 7488K, reserved 1048576K
}
Event: 231.879 GC heap after
{Heap after GC invocations=1466 (full 4):
 PSYoungGen      total 4096K, used 1246K [0x00000000eab00000, 0x00000000eb100000, 0x0000000100000000)
  eden space 2560K, 0% used [0x00000000eab00000,0x00000000eab00000,0x00000000ead80000)
  from space 1536K, 81% used [0x00000000eaf80000,0x00000000eb0b7b98,0x00000000eb100000)
  to   space 1536K, 0% used [0x00000000eae00000,0x00000000eae00000,0x00000000eaf80000)
 ParOldGen       total 372736K, used 372354K [0x00000000c0000000, 0x00000000d6c00000, 0x00000000eab00000)
  object space 372736K, 99% used [0x00000000c0000000,0x00000000d6ba0ab8,0x00000000d6c00000)
 Metaspace       used 67662K, committed 69184K, reserved 1114112K
  class space    used 6825K, committed 7488K, reserved 1048576K
}
Event: 231.889 GC heap before
{Heap before GC invocations=1467 (full 4):
 PSYoungGen      total 4096K, used 3806K [0x00000000eab00000, 0x00000000eb100000, 0x0000000100000000)
  eden space 2560K, 100% used [0x00000000eab00000,0x00000000ead80000,0x00000000ead80000)
  from space 1536K, 81% used [0x00000000eaf80000,0x00000000eb0b7b98,0x00000000eb100000)
  to   space 1536K, 0% used [0x00000000eae00000,0x00000000eae00000,0x00000000eaf80000)
 ParOldGen       total 372736K, used 372354K [0x00000000c0000000, 0x00000000d6c00000, 0x00000000eab00000)
  object space 372736K, 99% used [0x00000000c0000000,0x00000000d6ba0ab8,0x00000000d6c00000)
 Metaspace       used 67662K, committed 69184K, reserved 1114112K
  class space    used 6825K, committed 7488K, reserved 1048576K
}
Event: 231.893 GC heap after
{Heap after GC invocations=1467 (full 4):
 PSYoungGen      total 4096K, used 864K [0x00000000eab00000, 0x00000000eb000000, 0x0000000100000000)
  eden space 3072K, 0% used [0x00000000eab00000,0x00000000eab00000,0x00000000eae00000)
  from space 1024K, 84% used [0x00000000eae00000,0x00000000eaed8000,0x00000000eaf00000)
  to   space 1024K, 0% used [0x00000000eaf00000,0x00000000eaf00000,0x00000000eb000000)
 ParOldGen       total 373760K, used 373577K [0x00000000c0000000, 0x00000000d6d00000, 0x00000000eab00000)
  object space 373760K, 99% used [0x00000000c0000000,0x00000000d6cd2650,0x00000000d6d00000)
 Metaspace       used 67662K, committed 69184K, reserved 1114112K
  class space    used 6825K, committed 7488K, reserved 1048576K
}
Event: 231.903 GC heap before
{Heap before GC invocations=1468 (full 4):
 PSYoungGen      total 4096K, used 3936K [0x00000000eab00000, 0x00000000eb000000, 0x0000000100000000)
  eden space 3072K, 100% used [0x00000000eab00000,0x00000000eae00000,0x00000000eae00000)
  from space 1024K, 84% used [0x00000000eae00000,0x00000000eaed8000,0x00000000eaf00000)
  to   space 1024K, 0% used [0x00000000eaf00000,0x00000000eaf00000,0x00000000eb000000)
 ParOldGen       total 373760K, used 373577K [0x00000000c0000000, 0x00000000d6d00000, 0x00000000eab00000)
  object space 373760K, 99% used [0x00000000c0000000,0x00000000d6cd2650,0x00000000d6d00000)
 Metaspace       used 67662K, committed 69184K, reserved 1114112K
  class space    used 6825K, committed 7488K, reserved 1048576K
}
Event: 231.907 GC heap after
{Heap after GC invocations=1468 (full 4):
 PSYoungGen      total 4096K, used 416K [0x00000000eab00000, 0x00000000eb100000, 0x0000000100000000)
  eden space 3072K, 0% used [0x00000000eab00000,0x00000000eab00000,0x00000000eae00000)
  from space 1024K, 40% used [0x00000000eaf00000,0x00000000eaf68000,0x00000000eb000000)
  to   space 1024K, 0% used [0x00000000eae00000,0x00000000eae00000,0x00000000eaf00000)
 ParOldGen       total 374784K, used 374404K [0x00000000c0000000, 0x00000000d6e00000, 0x00000000eab00000)
  object space 374784K, 99% used [0x00000000c0000000,0x00000000d6da1230,0x00000000d6e00000)
 Metaspace       used 67662K, committed 69184K, reserved 1114112K
  class space    used 6825K, committed 7488K, reserved 1048576K
}
Event: 231.934 GC heap before
{Heap before GC invocations=1469 (full 4):
 PSYoungGen      total 4096K, used 3488K [0x00000000eab00000, 0x00000000eb100000, 0x0000000100000000)
  eden space 3072K, 100% used [0x00000000eab00000,0x00000000eae00000,0x00000000eae00000)
  from space 1024K, 40% used [0x00000000eaf00000,0x00000000eaf68000,0x00000000eb000000)
  to   space 1024K, 0% used [0x00000000eae00000,0x00000000eae00000,0x00000000eaf00000)
 ParOldGen       total 374784K, used 374404K [0x00000000c0000000, 0x00000000d6e00000, 0x00000000eab00000)
  object space 374784K, 99% used [0x00000000c0000000,0x00000000d6da1230,0x00000000d6e00000)
 Metaspace       used 67662K, committed 69184K, reserved 1114112K
  class space    used 6825K, committed 7488K, reserved 1048576K
}
Event: 231.936 GC heap after
{Heap after GC invocations=1469 (full 4):
 PSYoungGen      total 4096K, used 576K [0x00000000eab00000, 0x00000000eb100000, 0x0000000100000000)
  eden space 3072K, 0% used [0x00000000eab00000,0x00000000eab00000,0x00000000eae00000)
  from space 1024K, 56% used [0x00000000eae00000,0x00000000eae90000,0x00000000eaf00000)
  to   space 1024K, 0% used [0x00000000eb000000,0x00000000eb000000,0x00000000eb100000)
 ParOldGen       total 374784K, used 374764K [0x00000000c0000000, 0x00000000d6e00000, 0x00000000eab00000)
  object space 374784K, 99% used [0x00000000c0000000,0x00000000d6dfb230,0x00000000d6e00000)
 Metaspace       used 67662K, committed 69184K, reserved 1114112K
  class space    used 6825K, committed 7488K, reserved 1048576K
}
Event: 231.942 GC heap before
{Heap before GC invocations=1470 (full 4):
 PSYoungGen      total 4096K, used 3648K [0x00000000eab00000, 0x00000000eb100000, 0x0000000100000000)
  eden space 3072K, 100% used [0x00000000eab00000,0x00000000eae00000,0x00000000eae00000)
  from space 1024K, 56% used [0x00000000eae00000,0x00000000eae90000,0x00000000eaf00000)
  to   space 1024K, 0% used [0x00000000eb000000,0x00000000eb000000,0x00000000eb100000)
 ParOldGen       total 374784K, used 374764K [0x00000000c0000000, 0x00000000d6e00000, 0x00000000eab00000)
  object space 374784K, 99% used [0x00000000c0000000,0x00000000d6dfb230,0x00000000d6e00000)
 Metaspace       used 67662K, committed 69184K, reserved 1114112K
  class space    used 6825K, committed 7488K, reserved 1048576K
}
Event: 231.944 GC heap after
{Heap after GC invocations=1470 (full 4):
 PSYoungGen      total 5120K, used 672K [0x00000000eab00000, 0x00000000eb100000, 0x0000000100000000)
  eden space 4096K, 0% used [0x00000000eab00000,0x00000000eab00000,0x00000000eaf00000)
  from space 1024K, 65% used [0x00000000eb000000,0x00000000eb0a8000,0x00000000eb100000)
  to   space 1024K, 0% used [0x00000000eaf00000,0x00000000eaf00000,0x00000000eb000000)
 ParOldGen       total 375808K, used 375316K [0x00000000c0000000, 0x00000000d6f00000, 0x00000000eab00000)
  object space 375808K, 99% used [0x00000000c0000000,0x00000000d6e85230,0x00000000d6f00000)
 Metaspace       used 67662K, committed 69184K, reserved 1114112K
  class space    used 6825K, committed 7488K, reserved 1048576K
}
Event: 231.962 GC heap before
{Heap before GC invocations=1471 (full 4):
 PSYoungGen      total 5120K, used 4768K [0x00000000eab00000, 0x00000000eb100000, 0x0000000100000000)
  eden space 4096K, 100% used [0x00000000eab00000,0x00000000eaf00000,0x00000000eaf00000)
  from space 1024K, 65% used [0x00000000eb000000,0x00000000eb0a8000,0x00000000eb100000)
  to   space 1024K, 0% used [0x00000000eaf00000,0x00000000eaf00000,0x00000000eb000000)
 ParOldGen       total 375808K, used 375316K [0x00000000c0000000, 0x00000000d6f00000, 0x00000000eab00000)
  object space 375808K, 99% used [0x00000000c0000000,0x00000000d6e85230,0x00000000d6f00000)
 Metaspace       used 67668K, committed 69184K, reserved 1114112K
  class space    used 6825K, committed 7488K, reserved 1048576K
}
Event: 231.968 GC heap after
{Heap after GC invocations=1471 (full 4):
 PSYoungGen      total 5120K, used 996K [0x00000000eab00000, 0x00000000eb100000, 0x0000000100000000)
  eden space 4096K, 0% used [0x00000000eab00000,0x00000000eab00000,0x00000000eaf00000)
  from space 1024K, 97% used [0x00000000eaf00000,0x00000000eaff9378,0x00000000eb000000)
  to   space 1024K, 0% used [0x00000000eb000000,0x00000000eb000000,0x00000000eb100000)
 ParOldGen       total 376832K, used 376676K [0x00000000c0000000, 0x00000000d7000000, 0x00000000eab00000)
  object space 376832K, 99% used [0x00000000c0000000,0x00000000d6fd9230,0x00000000d7000000)
 Metaspace       used 67668K, committed 69184K, reserved 1114112K
  class space    used 6825K, committed 7488K, reserved 1048576K
}
Event: 231.981 GC heap before
{Heap before GC invocations=1472 (full 4):
 PSYoungGen      total 5120K, used 5092K [0x00000000eab00000, 0x00000000eb100000, 0x0000000100000000)
  eden space 4096K, 100% used [0x00000000eab00000,0x00000000eaf00000,0x00000000eaf00000)
  from space 1024K, 97% used [0x00000000eaf00000,0x00000000eaff9378,0x00000000eb000000)
  to   space 1024K, 0% used [0x00000000eb000000,0x00000000eb000000,0x00000000eb100000)
 ParOldGen       total 376832K, used 376676K [0x00000000c0000000, 0x00000000d7000000, 0x00000000eab00000)
  object space 376832K, 99% used [0x00000000c0000000,0x00000000d6fd9230,0x00000000d7000000)
 Metaspace       used 67668K, committed 69184K, reserved 1114112K
  class space    used 6825K, committed 7488K, reserved 1048576K
}
Event: 231.985 GC heap after
{Heap after GC invocations=1472 (full 4):
 PSYoungGen      total 5120K, used 1024K [0x00000000eab00000, 0x00000000eb100000, 0x0000000100000000)
  eden space 4096K, 0% used [0x00000000eab00000,0x00000000eab00000,0x00000000eaf00000)
  from space 1024K, 100% used [0x00000000eb000000,0x00000000eb100000,0x00000000eb100000)
  to   space 1024K, 0% used [0x00000000eaf00000,0x00000000eaf00000,0x00000000eb000000)
 ParOldGen       total 378368K, used 377948K [0x00000000c0000000, 0x00000000d7180000, 0x00000000eab00000)
  object space 378368K, 99% used [0x00000000c0000000,0x00000000d71170c8,0x00000000d7180000)
 Metaspace       used 67668K, committed 69184K, reserved 1114112K
  class space    used 6825K, committed 7488K, reserved 1048576K
}
Event: 232.021 GC heap before
{Heap before GC invocations=1473 (full 4):
 PSYoungGen      total 5120K, used 5120K [0x00000000eab00000, 0x00000000eb100000, 0x0000000100000000)
  eden space 4096K, 100% used [0x00000000eab00000,0x00000000eaf00000,0x00000000eaf00000)
  from space 1024K, 100% used [0x00000000eb000000,0x00000000eb100000,0x00000000eb100000)
  to   space 1024K, 0% used [0x00000000eaf00000,0x00000000eaf00000,0x00000000eb000000)
 ParOldGen       total 378368K, used 377948K [0x00000000c0000000, 0x00000000d7180000, 0x00000000eab00000)
  object space 378368K, 99% used [0x00000000c0000000,0x00000000d71170c8,0x00000000d7180000)
 Metaspace       used 67668K, committed 69184K, reserved 1114112K
  class space    used 6825K, committed 7488K, reserved 1048576K
}
Event: 232.023 GC heap after
{Heap after GC invocations=1473 (full 4):
 PSYoungGen      total 5120K, used 576K [0x00000000eab00000, 0x00000000eb100000, 0x0000000100000000)
  eden space 4096K, 0% used [0x00000000eab00000,0x00000000eab00000,0x00000000eaf00000)
  from space 1024K, 56% used [0x00000000eaf00000,0x00000000eaf90000,0x00000000eb000000)
  to   space 1024K, 0% used [0x00000000eb000000,0x00000000eb000000,0x00000000eb100000)
 ParOldGen       total 379392K, used 378994K [0x00000000c0000000, 0x00000000d7280000, 0x00000000eab00000)
  object space 379392K, 99% used [0x00000000c0000000,0x00000000d721c8a0,0x00000000d7280000)
 Metaspace       used 67668K, committed 69184K, reserved 1114112K
  class space    used 6825K, committed 7488K, reserved 1048576K
}

Dll operation events (11 events):
Event: 0.125 Loaded shared library c:\Users\ASUS\.cursor\extensions\redhat.java-1.42.0-win32-x64\jre\21.0.7-win32-x86_64\bin\java.dll
Event: 0.345 Loaded shared library c:\Users\ASUS\.cursor\extensions\redhat.java-1.42.0-win32-x64\jre\21.0.7-win32-x86_64\bin\zip.dll
Event: 0.608 Loaded shared library C:\Users\ASUS\.cursor\extensions\redhat.java-1.42.0-win32-x64\jre\21.0.7-win32-x86_64\bin\instrument.dll
Event: 0.649 Loaded shared library C:\Users\ASUS\.cursor\extensions\redhat.java-1.42.0-win32-x64\jre\21.0.7-win32-x86_64\bin\net.dll
Event: 0.655 Loaded shared library C:\Users\ASUS\.cursor\extensions\redhat.java-1.42.0-win32-x64\jre\21.0.7-win32-x86_64\bin\nio.dll
Event: 0.663 Loaded shared library C:\Users\ASUS\.cursor\extensions\redhat.java-1.42.0-win32-x64\jre\21.0.7-win32-x86_64\bin\zip.dll
Event: 0.795 Loaded shared library C:\Users\ASUS\.cursor\extensions\redhat.java-1.42.0-win32-x64\jre\21.0.7-win32-x86_64\bin\jimage.dll
Event: 1.116 Loaded shared library c:\Users\ASUS\.cursor\extensions\redhat.java-1.42.0-win32-x64\jre\21.0.7-win32-x86_64\bin\verify.dll
Event: 25.383 Loaded shared library C:\Users\ASUS\AppData\Roaming\Cursor\User\globalStorage\redhat.java\1.42.0\config_win\org.eclipse.equinox.launcher\org.eclipse.equinox.launcher.win32.win32.x86_64_1.2.1300.v20250331-1702\eclipse_11911.dll
Event: 51.580 Loaded shared library C:\Users\ASUS\AppData\Local\Temp\jna-2018896\jna6889161451210404689.dll
Event: 230.075 Loaded shared library C:\Users\ASUS\.cursor\extensions\redhat.java-1.42.0-win32-x64\jre\21.0.7-win32-x86_64\bin\sunmscapi.dll

Deoptimization events (20 events):
Event: 230.736 Thread 0x000002937eb4a060 DEOPT PACKING pc=0x000002933241e0c0 sp=0x000000daf77ff2d0
Event: 230.736 Thread 0x000002937eb4a060 DEOPT UNPACKING pc=0x0000029331513aa2 sp=0x000000daf77ff2a8 mode 2
Event: 230.744 Thread 0x000002937eb4a060 Uncommon trap: trap_request=0xffffffbe fr.pc=0x0000029331db6a98 relative=0x00000000000013d8
Event: 230.744 Thread 0x000002937eb4a060 Uncommon trap: reason=profile_predicate action=maybe_recompile pc=0x0000029331db6a98 method=java.util.zip.InflaterInputStream.read([BII)I @ 37 c2
Event: 230.744 Thread 0x000002937eb4a060 DEOPT PACKING pc=0x0000029331db6a98 sp=0x000000daf77ff4c0
Event: 230.744 Thread 0x000002937eb4a060 DEOPT UNPACKING pc=0x0000029331513aa2 sp=0x000000daf77ff510 mode 2
Event: 230.744 Thread 0x000002937eb4a060 Uncommon trap: trap_request=0xffffffbe fr.pc=0x0000029331db6a98 relative=0x00000000000013d8
Event: 230.744 Thread 0x000002937eb4a060 Uncommon trap: reason=profile_predicate action=maybe_recompile pc=0x0000029331db6a98 method=java.util.zip.InflaterInputStream.read([BII)I @ 37 c2
Event: 230.744 Thread 0x000002937eb4a060 DEOPT PACKING pc=0x0000029331db6a98 sp=0x000000daf77ff4c0
Event: 230.744 Thread 0x000002937eb4a060 DEOPT UNPACKING pc=0x0000029331513aa2 sp=0x000000daf77ff510 mode 2
Event: 230.744 Thread 0x000002937eb4a060 Uncommon trap: trap_request=0xffffffbe fr.pc=0x0000029331db6a98 relative=0x00000000000013d8
Event: 230.744 Thread 0x000002937eb4a060 Uncommon trap: reason=profile_predicate action=maybe_recompile pc=0x0000029331db6a98 method=java.util.zip.InflaterInputStream.read([BII)I @ 37 c2
Event: 230.744 Thread 0x000002937eb4a060 DEOPT PACKING pc=0x0000029331db6a98 sp=0x000000daf77ff4c0
Event: 230.744 Thread 0x000002937eb4a060 DEOPT UNPACKING pc=0x0000029331513aa2 sp=0x000000daf77ff510 mode 2
Event: 230.744 Thread 0x000002937eb4a060 Uncommon trap: trap_request=0xffffffbe fr.pc=0x0000029331db6a98 relative=0x00000000000013d8
Event: 230.744 Thread 0x000002937eb4a060 Uncommon trap: reason=profile_predicate action=maybe_recompile pc=0x0000029331db6a98 method=java.util.zip.InflaterInputStream.read([BII)I @ 37 c2
Event: 230.744 Thread 0x000002937eb4a060 DEOPT PACKING pc=0x0000029331db6a98 sp=0x000000daf77ff4c0
Event: 230.744 Thread 0x000002937eb4a060 DEOPT UNPACKING pc=0x0000029331513aa2 sp=0x000000daf77ff510 mode 2
Event: 231.001 Thread 0x000002937d126740 DEOPT PACKING pc=0x000002932b62b62f sp=0x000000daf93fe0e0
Event: 231.001 Thread 0x000002937d126740 DEOPT UNPACKING pc=0x0000029331514242 sp=0x000000daf93fd5e8 mode 0

Classes loaded (20 events):
Event: 230.483 Loading class com/sun/crypto/provider/SymmetricCipher done
Event: 230.483 Loading class com/sun/crypto/provider/AESCrypt done
Event: 230.484 Loading class com/sun/crypto/provider/ElectronicCodeBook
Event: 230.484 Loading class com/sun/crypto/provider/FeedbackCipher
Event: 230.485 Loading class com/sun/crypto/provider/FeedbackCipher done
Event: 230.485 Loading class com/sun/crypto/provider/ElectronicCodeBook done
Event: 230.485 Loading class com/sun/crypto/provider/PKCS5Padding
Event: 230.486 Loading class com/sun/crypto/provider/Padding
Event: 230.486 Loading class com/sun/crypto/provider/Padding done
Event: 230.486 Loading class com/sun/crypto/provider/PKCS5Padding done
Event: 230.486 Loading class com/sun/crypto/provider/CipherBlockChaining
Event: 230.487 Loading class com/sun/crypto/provider/CipherBlockChaining done
Event: 230.488 Loading class javax/crypto/NullCipher
Event: 230.489 Loading class javax/crypto/NullCipher done
Event: 230.490 Loading class sun/security/util/ArrayUtil
Event: 230.491 Loading class sun/security/util/ArrayUtil done
Event: 230.743 Loading class java/util/zip/CheckedInputStream
Event: 230.744 Loading class java/util/zip/CheckedInputStream done
Event: 231.000 Loading class java/util/zip/GZIPInputStream$1
Event: 231.001 Loading class java/util/zip/GZIPInputStream$1 done

Classes unloaded (7 events):
Event: 53.004 Thread 0x000002937c13f8f0 Unloading class 0x000002933c1a3800 'java/lang/invoke/LambdaForm$MH+0x000002933c1a3800'
Event: 53.004 Thread 0x000002937c13f8f0 Unloading class 0x000002933c1a3400 'java/lang/invoke/LambdaForm$MH+0x000002933c1a3400'
Event: 53.004 Thread 0x000002937c13f8f0 Unloading class 0x000002933c1a3000 'java/lang/invoke/LambdaForm$MH+0x000002933c1a3000'
Event: 53.004 Thread 0x000002937c13f8f0 Unloading class 0x000002933c1a2c00 'java/lang/invoke/LambdaForm$MH+0x000002933c1a2c00'
Event: 53.004 Thread 0x000002937c13f8f0 Unloading class 0x000002933c1a2800 'java/lang/invoke/LambdaForm$BMH+0x000002933c1a2800'
Event: 53.004 Thread 0x000002937c13f8f0 Unloading class 0x000002933c1a2400 'java/lang/invoke/LambdaForm$DMH+0x000002933c1a2400'
Event: 53.004 Thread 0x000002937c13f8f0 Unloading class 0x000002933c1a1400 'java/lang/invoke/LambdaForm$DMH+0x000002933c1a1400'

Classes redefined (0 events):
No events

Internal exceptions (20 events):
Event: 124.244 Thread 0x000002937d726d70 Exception <a 'sun/nio/fs/WindowsException'{0x00000000eabfa6e8}> (0x00000000eabfa6e8) 
thrown [s\src\hotspot\share\prims\jni.cpp, line 520]
Event: 124.268 Thread 0x000002937d726d70 Exception <a 'sun/nio/fs/WindowsException'{0x00000000eac16a18}> (0x00000000eac16a18) 
thrown [s\src\hotspot\share\prims\jni.cpp, line 520]
Event: 124.292 Thread 0x000002937d726d70 Exception <a 'sun/nio/fs/WindowsException'{0x00000000eac32d10}> (0x00000000eac32d10) 
thrown [s\src\hotspot\share\prims\jni.cpp, line 520]
Event: 124.358 Thread 0x000002937d726d70 Exception <a 'sun/nio/fs/WindowsException'{0x00000000eac037f0}> (0x00000000eac037f0) 
thrown [s\src\hotspot\share\prims\jni.cpp, line 520]
Event: 124.429 Thread 0x000002937d726d70 Exception <a 'sun/nio/fs/WindowsException'{0x00000000eaba9758}> (0x00000000eaba9758) 
thrown [s\src\hotspot\share\prims\jni.cpp, line 520]
Event: 124.475 Thread 0x000002937d726d70 Exception <a 'sun/nio/fs/WindowsException'{0x00000000eac2f378}> (0x00000000eac2f378) 
thrown [s\src\hotspot\share\prims\jni.cpp, line 520]
Event: 124.620 Thread 0x000002937d726d70 Exception <a 'sun/nio/fs/WindowsException'{0x00000000eabd5ad0}> (0x00000000eabd5ad0) 
thrown [s\src\hotspot\share\prims\jni.cpp, line 520]
Event: 124.645 Thread 0x000002937d726d70 Exception <a 'sun/nio/fs/WindowsException'{0x00000000eac7e350}> (0x00000000eac7e350) 
thrown [s\src\hotspot\share\prims\jni.cpp, line 520]
Event: 128.676 Thread 0x000002937d726d70 Implicit null exception at 0x00000293322e44dd to 0x00000293322e66c8
Event: 128.676 Thread 0x000002937d726d70 Implicit null exception at 0x0000029331f982e2 to 0x0000029331f9aa38
Event: 128.871 Thread 0x000002937eb4ce50 Exception <a 'sun/nio/fs/WindowsException'{0x00000000eabc4740}> (0x00000000eabc4740) 
thrown [s\src\hotspot\share\prims\jni.cpp, line 520]
Event: 128.874 Thread 0x000002937eb4ce50 Exception <a 'sun/nio/fs/WindowsException'{0x00000000eabc9580}> (0x00000000eabc9580) 
thrown [s\src\hotspot\share\prims\jni.cpp, line 520]
Event: 128.874 Thread 0x000002937eb4ce50 Exception <a 'sun/nio/fs/WindowsException'{0x00000000eabca6e8}> (0x00000000eabca6e8) 
thrown [s\src\hotspot\share\prims\jni.cpp, line 520]
Event: 128.874 Thread 0x000002937eb4ce50 Exception <a 'sun/nio/fs/WindowsException'{0x00000000eabcb208}> (0x00000000eabcb208) 
thrown [s\src\hotspot\share\prims\jni.cpp, line 520]
Event: 128.875 Thread 0x000002937eb4ce50 Exception <a 'sun/nio/fs/WindowsException'{0x00000000eabcfad8}> (0x00000000eabcfad8) 
thrown [s\src\hotspot\share\prims\jni.cpp, line 520]
Event: 128.875 Thread 0x000002937eb4ce50 Exception <a 'sun/nio/fs/WindowsException'{0x00000000eabd05f8}> (0x00000000eabd05f8) 
thrown [s\src\hotspot\share\prims\jni.cpp, line 520]
Event: 128.904 Thread 0x000002937eb4ce50 Exception <a 'sun/nio/fs/WindowsException'{0x00000000eab331b8}> (0x00000000eab331b8) 
thrown [s\src\hotspot\share\prims\jni.cpp, line 520]
Event: 128.904 Thread 0x000002937eb4ce50 Exception <a 'sun/nio/fs/WindowsException'{0x00000000eab3f710}> (0x00000000eab3f710) 
thrown [s\src\hotspot\share\prims\jni.cpp, line 520]
Event: 230.098 Thread 0x000002937d72d670 Exception <a 'java/lang/NoSuchMethodError'{0x00000000eabc5ea8}: 'java.lang.Object java.lang.invoke.DirectMethodHandle$Holder.invokeSpecial(java.lang.Object, java.lang.Object, int, long)'> (0x00000000eabc5ea8) 
thrown [s\src\hotspot\share\interpreter\linkResolver.cpp, line 773]
Event: 230.307 Thread 0x000002937eb4a060 Exception <a 'sun/nio/fs/WindowsException'{0x00000000eab893c8}> (0x00000000eab893c8) 
thrown [s\src\hotspot\share\prims\jni.cpp, line 520]

ZGC Phase Switch (0 events):
No events

VM Operations (20 events):
Event: 231.812 Executing VM operation: ParallelGCFailedAllocation (Allocation Failure)
Event: 231.850 Executing VM operation: ParallelGCFailedAllocation (Allocation Failure) done
Event: 231.859 Executing VM operation: ParallelGCFailedAllocation (Allocation Failure)
Event: 231.861 Executing VM operation: ParallelGCFailedAllocation (Allocation Failure) done
Event: 231.874 Executing VM operation: ParallelGCFailedAllocation (Allocation Failure)
Event: 231.880 Executing VM operation: ParallelGCFailedAllocation (Allocation Failure) done
Event: 231.889 Executing VM operation: ParallelGCFailedAllocation (Allocation Failure)
Event: 231.893 Executing VM operation: ParallelGCFailedAllocation (Allocation Failure) done
Event: 231.903 Executing VM operation: ParallelGCFailedAllocation (Allocation Failure)
Event: 231.907 Executing VM operation: ParallelGCFailedAllocation (Allocation Failure) done
Event: 231.915 Executing VM operation: ParallelGCFailedAllocation (Allocation Failure)
Event: 231.936 Executing VM operation: ParallelGCFailedAllocation (Allocation Failure) done
Event: 231.942 Executing VM operation: ParallelGCFailedAllocation (Allocation Failure)
Event: 231.945 Executing VM operation: ParallelGCFailedAllocation (Allocation Failure) done
Event: 231.962 Executing VM operation: ParallelGCFailedAllocation (Allocation Failure)
Event: 231.968 Executing VM operation: ParallelGCFailedAllocation (Allocation Failure) done
Event: 231.981 Executing VM operation: ParallelGCFailedAllocation (Allocation Failure)
Event: 231.985 Executing VM operation: ParallelGCFailedAllocation (Allocation Failure) done
Event: 231.994 Executing VM operation: ParallelGCFailedAllocation (Allocation Failure)
Event: 232.023 Executing VM operation: ParallelGCFailedAllocation (Allocation Failure) done

Memory protections (0 events):
No events

Nmethod flushes (20 events):
Event: 118.077 Thread 0x000002937c13f8f0 flushing  nmethod 0x000002932b086410
Event: 118.077 Thread 0x000002937c13f8f0 flushing  nmethod 0x000002932b086790
Event: 118.077 Thread 0x000002937c13f8f0 flushing  nmethod 0x000002932b086d10
Event: 118.077 Thread 0x000002937c13f8f0 flushing  nmethod 0x000002932b087290
Event: 118.077 Thread 0x000002937c13f8f0 flushing  nmethod 0x000002932b08a090
Event: 118.077 Thread 0x000002937c13f8f0 flushing  nmethod 0x000002932b08a490
Event: 118.077 Thread 0x000002937c13f8f0 flushing  nmethod 0x000002932b08c590
Event: 118.077 Thread 0x000002937c13f8f0 flushing  nmethod 0x000002932b091810
Event: 118.077 Thread 0x000002937c13f8f0 flushing  nmethod 0x000002932b092790
Event: 118.077 Thread 0x000002937c13f8f0 flushing  nmethod 0x000002932b093c10
Event: 118.077 Thread 0x000002937c13f8f0 flushing  nmethod 0x000002932b095210
Event: 118.078 Thread 0x000002937c13f8f0 flushing  nmethod 0x000002932b096490
Event: 118.078 Thread 0x000002937c13f8f0 flushing  nmethod 0x000002932b097390
Event: 118.078 Thread 0x000002937c13f8f0 flushing  nmethod 0x000002932b099110
Event: 118.078 Thread 0x000002937c13f8f0 flushing  nmethod 0x000002932b09b890
Event: 118.078 Thread 0x000002937c13f8f0 flushing  nmethod 0x000002932b09c110
Event: 118.078 Thread 0x000002937c13f8f0 flushing  nmethod 0x000002932b09cb90
Event: 118.078 Thread 0x000002937c13f8f0 flushing  nmethod 0x000002932b0a6f10
Event: 118.078 Thread 0x000002937c13f8f0 flushing  nmethod 0x000002932b0a7390
Event: 118.078 Thread 0x000002937c13f8f0 flushing  nmethod 0x000002932b0b0690

Events (20 events):
Event: 100.157 Thread 0x000002937eb4f5b0 Thread exited: 0x000002937eb4f5b0
Event: 100.158 Thread 0x000002937eb4baa0 Thread exited: 0x000002937eb4baa0
Event: 100.158 Thread 0x000002937eb4ef20 Thread exited: 0x000002937eb4ef20
Event: 100.158 Thread 0x000002937eb4a060 Thread exited: 0x000002937eb4a060
Event: 128.721 Thread 0x000002937df7bc90 Thread added: 0x000002937eb4c7c0
Event: 128.722 Thread 0x000002937df7bc90 Thread added: 0x000002937eb4f5b0
Event: 128.725 Thread 0x000002937d727a90 Thread added: 0x000002937eb4ce50
Event: 128.755 Thread 0x000002937c1b8df0 Thread added: 0x000002937e889fc0
Event: 129.112 Thread 0x000002937e889fc0 Thread exited: 0x000002937e889fc0
Event: 129.935 Thread 0x000002937c149760 Thread added: 0x000002937e889fc0
Event: 135.753 Thread 0x000002937e889fc0 Thread exited: 0x000002937e889fc0
Event: 152.595 Thread 0x000002937d72b5a0 Thread exited: 0x000002937d72b5a0
Event: 184.668 Thread 0x000002937d126dd0 Thread exited: 0x000002937d126dd0
Event: 188.712 Thread 0x000002937d728e40 Thread exited: 0x000002937d728e40
Event: 188.996 Thread 0x000002937df7bc90 Thread exited: 0x000002937df7bc90
Event: 189.697 Thread 0x000002937eb4ce50 Thread exited: 0x000002937eb4ce50
Event: 189.844 Thread 0x000002937d72bc30 Thread exited: 0x000002937d72bc30
Event: 190.204 Thread 0x000002937eb4db70 Thread exited: 0x000002937eb4db70
Event: 212.595 Thread 0x000002937d72c2c0 Thread exited: 0x000002937d72c2c0
Event: 228.719 Thread 0x000002937eb4f5b0 Thread added: 0x000002937eb4a060


Dynamic libraries:
0x00007ff7af560000 - 0x00007ff7af56e000 	c:\Users\ASUS\.cursor\extensions\redhat.java-1.42.0-win32-x64\jre\21.0.7-win32-x86_64\bin\java.exe
0x00007ff9fa1d0000 - 0x00007ff9fa3e7000 	C:\WINDOWS\SYSTEM32\ntdll.dll
0x00007ff9f80f0000 - 0x00007ff9f81b4000 	C:\WINDOWS\System32\KERNEL32.DLL
0x00007ff9f73a0000 - 0x00007ff9f7773000 	C:\WINDOWS\System32\KERNELBASE.dll
0x00007ff9f3080000 - 0x00007ff9f3117000 	C:\WINDOWS\SYSTEM32\apphelp.dll
0x00007ff9f7820000 - 0x00007ff9f7931000 	C:\WINDOWS\System32\ucrtbase.dll
0x00007ff9e7660000 - 0x00007ff9e7678000 	c:\Users\ASUS\.cursor\extensions\redhat.java-1.42.0-win32-x64\jre\21.0.7-win32-x86_64\bin\jli.dll
0x00007ff9f88f0000 - 0x00007ff9f8aa1000 	C:\WINDOWS\System32\USER32.dll
0x00007ff9f7970000 - 0x00007ff9f7996000 	C:\WINDOWS\System32\win32u.dll
0x00007ff9f8fb0000 - 0x00007ff9f8fd9000 	C:\WINDOWS\System32\GDI32.dll
0x00007ff9f7ae0000 - 0x00007ff9f7bfb000 	C:\WINDOWS\System32\gdi32full.dll
0x00007ff9f7780000 - 0x00007ff9f781a000 	C:\WINDOWS\System32\msvcp_win.dll
0x00007ff9e3a20000 - 0x00007ff9e3a3e000 	c:\Users\ASUS\.cursor\extensions\redhat.java-1.42.0-win32-x64\jre\21.0.7-win32-x86_64\bin\VCRUNTIME140.dll
0x00007ff9e3ec0000 - 0x00007ff9e4158000 	C:\WINDOWS\WinSxS\amd64_microsoft.windows.common-controls_6595b64144ccf1df_6.0.22621.5124_none_270e8f4f7386d69d\COMCTL32.dll
0x00007ff9f8770000 - 0x00007ff9f8817000 	C:\WINDOWS\System32\msvcrt.dll
0x00007ff9f7e70000 - 0x00007ff9f7ea1000 	C:\WINDOWS\System32\IMM32.DLL
0x00007ff9f2f90000 - 0x00007ff9f2f9c000 	c:\Users\ASUS\.cursor\extensions\redhat.java-1.42.0-win32-x64\jre\21.0.7-win32-x86_64\bin\vcruntime140_1.dll
0x00007ff9de300000 - 0x00007ff9de38d000 	c:\Users\ASUS\.cursor\extensions\redhat.java-1.42.0-win32-x64\jre\21.0.7-win32-x86_64\bin\msvcp140.dll
0x00007ff9696c0000 - 0x00007ff96a450000 	c:\Users\ASUS\.cursor\extensions\redhat.java-1.42.0-win32-x64\jre\21.0.7-win32-x86_64\bin\server\jvm.dll
0x00007ff9f9fc0000 - 0x00007ff9fa071000 	C:\WINDOWS\System32\ADVAPI32.dll
0x00007ff9f8c10000 - 0x00007ff9f8cb8000 	C:\WINDOWS\System32\sechost.dll
0x00007ff9f7940000 - 0x00007ff9f7968000 	C:\WINDOWS\System32\bcrypt.dll
0x00007ff9f9050000 - 0x00007ff9f9164000 	C:\WINDOWS\System32\RPCRT4.dll
0x00007ff9f86f0000 - 0x00007ff9f8761000 	C:\WINDOWS\System32\WS2_32.dll
0x00007ff9f71b0000 - 0x00007ff9f71fd000 	C:\WINDOWS\SYSTEM32\POWRPROF.dll
0x00007ff9f3140000 - 0x00007ff9f3174000 	C:\WINDOWS\SYSTEM32\WINMM.dll
0x00007ff9efb90000 - 0x00007ff9efb9a000 	C:\WINDOWS\SYSTEM32\VERSION.dll
0x00007ff9f7190000 - 0x00007ff9f71a3000 	C:\WINDOWS\SYSTEM32\UMPDC.dll
0x00007ff9f6310000 - 0x00007ff9f6328000 	C:\WINDOWS\SYSTEM32\kernel.appcore.dll
0x00007ff9f0f20000 - 0x00007ff9f0f2a000 	c:\Users\ASUS\.cursor\extensions\redhat.java-1.42.0-win32-x64\jre\21.0.7-win32-x86_64\bin\jimage.dll
0x00007ff9f4c20000 - 0x00007ff9f4e52000 	C:\WINDOWS\SYSTEM32\DBGHELP.DLL
0x00007ff9f81c0000 - 0x00007ff9f8552000 	C:\WINDOWS\System32\combase.dll
0x00007ff9f8560000 - 0x00007ff9f8637000 	C:\WINDOWS\System32\OLEAUT32.dll
0x00007ff9e0de0000 - 0x00007ff9e0e12000 	C:\WINDOWS\SYSTEM32\dbgcore.DLL
0x00007ff9f7d70000 - 0x00007ff9f7deb000 	C:\WINDOWS\System32\bcryptPrimitives.dll
0x00007ff9e9330000 - 0x00007ff9e933f000 	c:\Users\ASUS\.cursor\extensions\redhat.java-1.42.0-win32-x64\jre\21.0.7-win32-x86_64\bin\instrument.dll
0x00007ff9e15a0000 - 0x00007ff9e15bf000 	c:\Users\ASUS\.cursor\extensions\redhat.java-1.42.0-win32-x64\jre\21.0.7-win32-x86_64\bin\java.dll
0x00007ff9f9720000 - 0x00007ff9f9fb6000 	C:\WINDOWS\System32\SHELL32.dll
0x00007ff9f79a0000 - 0x00007ff9f7adf000 	C:\WINDOWS\System32\wintypes.dll
0x00007ff9f5200000 - 0x00007ff9f5b1a000 	C:\WINDOWS\SYSTEM32\windows.storage.dll
0x00007ff9fa080000 - 0x00007ff9fa18a000 	C:\WINDOWS\System32\SHCORE.dll
0x00007ff9f8fe0000 - 0x00007ff9f9043000 	C:\WINDOWS\System32\shlwapi.dll
0x00007ff9f7210000 - 0x00007ff9f723b000 	C:\WINDOWS\SYSTEM32\profapi.dll
0x00007ff9e1290000 - 0x00007ff9e12a8000 	c:\Users\ASUS\.cursor\extensions\redhat.java-1.42.0-win32-x64\jre\21.0.7-win32-x86_64\bin\zip.dll
0x00007ff9e86e0000 - 0x00007ff9e86f0000 	C:\Users\ASUS\.cursor\extensions\redhat.java-1.42.0-win32-x64\jre\21.0.7-win32-x86_64\bin\net.dll
0x00007ff9f0c30000 - 0x00007ff9f0d5c000 	C:\WINDOWS\SYSTEM32\WINHTTP.dll
0x00007ff9f6790000 - 0x00007ff9f67fa000 	C:\WINDOWS\system32\mswsock.dll
0x00007ff9e1270000 - 0x00007ff9e1286000 	C:\Users\ASUS\.cursor\extensions\redhat.java-1.42.0-win32-x64\jre\21.0.7-win32-x86_64\bin\nio.dll
0x00007ff9e81a0000 - 0x00007ff9e81b0000 	c:\Users\ASUS\.cursor\extensions\redhat.java-1.42.0-win32-x64\jre\21.0.7-win32-x86_64\bin\verify.dll
0x00007ff9e0e30000 - 0x00007ff9e0e75000 	C:\Users\ASUS\AppData\Roaming\Cursor\User\globalStorage\redhat.java\1.42.0\config_win\org.eclipse.equinox.launcher\org.eclipse.equinox.launcher.win32.win32.x86_64_1.2.1300.v20250331-1702\eclipse_11911.dll
0x00007ff9f8d50000 - 0x00007ff9f8ef1000 	C:\WINDOWS\System32\ole32.dll
0x00007ff9f69f0000 - 0x00007ff9f6a0b000 	C:\WINDOWS\SYSTEM32\CRYPTSP.dll
0x00007ff9f6270000 - 0x00007ff9f62a7000 	C:\WINDOWS\system32\rsaenh.dll
0x00007ff9f6880000 - 0x00007ff9f68a8000 	C:\WINDOWS\SYSTEM32\USERENV.dll
0x00007ff9f69e0000 - 0x00007ff9f69ec000 	C:\WINDOWS\SYSTEM32\CRYPTBASE.dll
0x00007ff9f5d80000 - 0x00007ff9f5dad000 	C:\WINDOWS\SYSTEM32\IPHLPAPI.DLL
0x00007ff9f8830000 - 0x00007ff9f8839000 	C:\WINDOWS\System32\NSI.dll
0x00007ff9de0b0000 - 0x00007ff9de0f9000 	C:\Users\ASUS\AppData\Local\Temp\jna-2018896\jna6889161451210404689.dll
0x00007ff9f7f20000 - 0x00007ff9f7f28000 	C:\WINDOWS\System32\PSAPI.DLL
0x00007ff9f0af0000 - 0x00007ff9f0b09000 	C:\WINDOWS\SYSTEM32\dhcpcsvc6.DLL
0x00007ff9f0ad0000 - 0x00007ff9f0aef000 	C:\WINDOWS\SYSTEM32\dhcpcsvc.DLL
0x00007ff9f6420000 - 0x00007ff9f6454000 	C:\WINDOWS\SYSTEM32\ntmarta.dll
0x00007ff9f3040000 - 0x00007ff9f304e000 	C:\Users\ASUS\.cursor\extensions\redhat.java-1.42.0-win32-x64\jre\21.0.7-win32-x86_64\bin\sunmscapi.dll
0x00007ff9f7c00000 - 0x00007ff9f7d67000 	C:\WINDOWS\System32\CRYPT32.dll
0x00007ff9f6ba0000 - 0x00007ff9f6bcd000 	C:\WINDOWS\SYSTEM32\ncrypt.dll
0x00007ff9f6b60000 - 0x00007ff9f6b97000 	C:\WINDOWS\SYSTEM32\NTASN1.dll

dbghelp: loaded successfully - version: 4.0.5 - missing functions: none
symbol engine: initialized successfully - sym options: 0x614 - pdb path: .;c:\Users\ASUS\.cursor\extensions\redhat.java-1.42.0-win32-x64\jre\21.0.7-win32-x86_64\bin;C:\WINDOWS\SYSTEM32;C:\WINDOWS\WinSxS\amd64_microsoft.windows.common-controls_6595b64144ccf1df_6.0.22621.5124_none_270e8f4f7386d69d;c:\Users\ASUS\.cursor\extensions\redhat.java-1.42.0-win32-x64\jre\21.0.7-win32-x86_64\bin\server;C:\Users\ASUS\AppData\Roaming\Cursor\User\globalStorage\redhat.java\1.42.0\config_win\org.eclipse.equinox.launcher\org.eclipse.equinox.launcher.win32.win32.x86_64_1.2.1300.v20250331-1702;C:\Users\ASUS\AppData\Local\Temp\jna-2018896

VM Arguments:
jvm_args: --add-modules=ALL-SYSTEM --add-opens=java.base/java.util=ALL-UNNAMED --add-opens=java.base/java.lang=ALL-UNNAMED --add-opens=java.base/sun.nio.fs=ALL-UNNAMED -Declipse.application=org.eclipse.jdt.ls.core.id1 -Dosgi.bundles.defaultStartLevel=4 -Declipse.product=org.eclipse.jdt.ls.core.product -Djava.import.generatesMetadataFilesAtProjectRoot=false -DDetectVMInstallationsJob.disabled=true -Dfile.encoding=utf8 -XX:+UseParallelGC -XX:GCTimeRatio=4 -XX:AdaptiveSizePolicyWeight=90 -Dsun.zip.disableMemoryMapping=true -Xmx1G -Xms100m -Xlog:disable -javaagent:c:\Users\ASUS\.cursor\extensions\redhat.java-1.42.0-win32-x64\lombok\lombok-1.18.36.jar -XX:+HeapDumpOnOutOfMemoryError -XX:HeapDumpPath=c:\Users\ASUS\AppData\Roaming\Cursor\User\workspaceStorage\72f57f5d0bb1c96832c07a7fc8615d4f\redhat.java -Daether.dependencyCollector.impl=bf 
java_command: c:\Users\ASUS\.cursor\extensions\redhat.java-1.42.0-win32-x64\server\plugins\org.eclipse.equinox.launcher_1.7.0.v20250424-1814.jar -configuration c:\Users\ASUS\AppData\Roaming\Cursor\User\globalStorage\redhat.java\1.42.0\config_win -data c:\Users\ASUS\AppData\Roaming\Cursor\User\workspaceStorage\72f57f5d0bb1c96832c07a7fc8615d4f\redhat.java\jdt_ws --pipe=\\.\pipe\lsp-d60630913bb7ded37b8cc90a49014bc7-sock
java_class_path (initial): c:\Users\ASUS\.cursor\extensions\redhat.java-1.42.0-win32-x64\server\plugins\org.eclipse.equinox.launcher_1.7.0.v20250424-1814.jar
Launcher Type: SUN_STANDARD

[Global flags]
    uintx AdaptiveSizePolicyWeight                 = 90                                        {product} {command line}
     intx CICompilerCount                          = 3                                         {product} {ergonomic}
    uintx GCTimeRatio                              = 4                                         {product} {command line}
     bool HeapDumpOnOutOfMemoryError               = true                                   {manageable} {command line}
    ccstr HeapDumpPath                             = c:\Users\ASUS\AppData\Roaming\Cursor\User\workspaceStorage\72f57f5d0bb1c96832c07a7fc8615d4f\redhat.java         {manageable} {command line}
   size_t InitialHeapSize                          = 104857600                                 {product} {command line}
   size_t MaxHeapSize                              = 1073741824                                {product} {command line}
   size_t MaxNewSize                               = 357564416                                 {product} {ergonomic}
   size_t MinHeapDeltaBytes                        = 524288                                    {product} {ergonomic}
   size_t MinHeapSize                              = 104857600                                 {product} {command line}
   size_t NewSize                                  = 34603008                                  {product} {ergonomic}
    uintx NonNMethodCodeHeapSize                   = 5832780                                {pd product} {ergonomic}
    uintx NonProfiledCodeHeapSize                  = 122912730                              {pd product} {ergonomic}
   size_t OldSize                                  = 70254592                                  {product} {ergonomic}
    uintx ProfiledCodeHeapSize                     = 122912730                              {pd product} {ergonomic}
    uintx ReservedCodeCacheSize                    = 251658240                              {pd product} {ergonomic}
     bool SegmentedCodeCache                       = true                                      {product} {ergonomic}
   size_t SoftMaxHeapSize                          = 1073741824                             {manageable} {ergonomic}
     bool UseCompressedOops                        = true                           {product lp64_product} {ergonomic}
     bool UseLargePagesIndividualAllocation        = false                                  {pd product} {ergonomic}
     bool UseParallelGC                            = true                                      {product} {command line}

Logging:
Log output configuration:
 #0: stdout all=off uptime,level,tags foldmultilines=false
 #1: stderr all=off uptime,level,tags foldmultilines=false

Environment Variables:
JAVA_HOME=C:\Program Files\Java\jdk-17
PATH=C:\Program Files\Common Files\Oracle\Java\javapath;C:\WINDOWS\system32;C:\WINDOWS;C:\WINDOWS\System32\Wbem;C:\WINDOWS\System32\WindowsPowerShell\v1.0\;C:\WINDOWS\System32\OpenSSH\;C:\apache-maven-3.9.9\bin;C:\Program Files\Java\jdk-17\bin;C:\Users\ASUS\AppData\Local\Microsoft\WindowsApps;C:\Users\ASUS\AppData\Local\Programs\cursor\resources\app\bin;C:\Users\ASUS\AppData\Local\GitHubDesktop\bin
USERNAME=ASUS
OS=Windows_NT
PROCESSOR_IDENTIFIER=AMD64 Family 23 Model 24 Stepping 1, AuthenticAMD
TMP=C:\Users\ASUS\AppData\Local\Temp
TEMP=C:\Users\ASUS\AppData\Local\Temp




Periodic native trim disabled

---------------  S Y S T E M  ---------------

OS:
 Windows 11 , 64 bit Build 22621 (10.0.22621.5124)
OS uptime: 0 days 0:47 hours

CPU: total 4 (initial active 4) (4 cores per cpu, 2 threads per core) family 23 model 24 stepping 1 microcode 0x0, cx8, cmov, fxsr, ht, mmx, 3dnowpref, sse, sse2, sse3, ssse3, sse4a, sse4.1, sse4.2, popcnt, lzcnt, tsc, tscinvbit, avx, avx2, aes, clmul, bmi1, bmi2, adx, sha, fma, vzeroupper, clflush, clflushopt, rdtscp, f16c
Processor Information for the first 4 processors :
  Max Mhz: 2600, Current Mhz: 2600, Mhz Limit: 2600

Memory: 4k page, system-wide physical 3534M (141M free)
TotalPageFile size 11726M (AvailPageFile size 2M)
current process WorkingSet (physical memory assigned to process): 259M, peak: 614M
current process commit charge ("private bytes"): 636M, peak: 948M

vm_info: OpenJDK 64-Bit Server VM (21.0.7+6-LTS) for windows-amd64 JRE (21.0.7+6-LTS), built on 2025-04-15T00:00:00Z by "admin" with MS VC++ 17.7 (VS2022)

END.
