#
# There is insufficient memory for the Java Runtime Environment to continue.
# Native memory allocation (mmap) failed to map 536870912 bytes for G1 virtual space
# Possible reasons:
#   The system is out of physical RAM or swap space
#   The process is running with CompressedOops enabled, and the Java Heap may be blocking the growth of the native heap
# Possible solutions:
#   Reduce memory load on the system
#   Increase physical memory or swap space
#   Check if swap backing store is full
#   Decrease Java heap size (-Xmx/-Xms)
#   Decrease number of Java threads
#   Decrease Java thread stack sizes (-Xss)
#   Set larger code cache with -XX:ReservedCodeCacheSize=
#   JVM is running with Unscaled Compressed Oops mode in which the Java heap is
#     placed in the first 4GB address space. The Java Heap base address is the
#     maximum limit for the native heap growth. Please use -XX:HeapBaseMinAddress
#     to set the Java Heap base and to place the Java Heap above 4GB virtual address.
# This output file may be truncated or incomplete.
#
#  Out of Memory Error (os_windows.cpp:3469), pid=14748, tid=2636
#
# JRE version:  (17.0+35) (build )
# Java VM: Java HotSpot(TM) 64-Bit Server VM (17+35-LTS-2724, mixed mode, sharing, tiered, compressed oops, compressed class ptrs, g1 gc, windows-amd64)
# No core dump will be written. Minidumps are not enabled by default on client versions of Windows
#

---------------  S U M M A R Y ------------

Command Line: -Xmx1024m -Xms512m -Dclassworlds.conf=C:\apache-maven-3.9.9\bin\m2.conf -Dmaven.home=C:\apache-maven-3.9.9 -Dlibrary.jansi.path=C:\apache-maven-3.9.9\lib\jansi-native -Dmaven.multiModuleProjectDirectory=E:\auctions org.codehaus.plexus.classworlds.launcher.Launcher clean spring-boot:run

Host: AMD Ryzen 3 3250U with Radeon Graphics         , 4 cores, 3G,  Windows 10 , 64 bit Build 22621 (10.0.22621.5124)
Time: Sat May 24 03:11:49 2025 SE Asia Standard Time elapsed time: 0.055969 seconds (0d 0h 0m 0s)

---------------  T H R E A D  ---------------

Current thread (0x00000283a3a1ff90):  JavaThread "Unknown thread" [_thread_in_vm, id=2636, stack(0x000000c058800000,0x000000c058900000)]

Stack: [0x000000c058800000,0x000000c058900000]
Native frames: (J=compiled Java code, j=interpreted, Vv=VM code, C=native code)
V  [jvm.dll+0x66f8ea]
V  [jvm.dll+0x7ce224]
V  [jvm.dll+0x7cf9ce]
V  [jvm.dll+0x7d0033]
V  [jvm.dll+0x242bb5]
V  [jvm.dll+0x66c909]
V  [jvm.dll+0x6613d2]
V  [jvm.dll+0x30082b]
V  [jvm.dll+0x307db6]
V  [jvm.dll+0x357a0e]
V  [jvm.dll+0x357c3f]
V  [jvm.dll+0x2d7ae8]
V  [jvm.dll+0x2d8a54]
V  [jvm.dll+0x7a00a1]
V  [jvm.dll+0x365781]
V  [jvm.dll+0x77f59c]
V  [jvm.dll+0x3e805f]
V  [jvm.dll+0x3e9b01]
C  [jli.dll+0x527b]
C  [ucrtbase.dll+0x29333]
C  [KERNEL32.DLL+0x1259d]
C  [ntdll.dll+0x5af38]


---------------  P R O C E S S  ---------------

Threads class SMR info:
_java_thread_list=0x00007ffd08f97818, length=0, elements={
}

Java Threads: ( => current thread )

Other Threads:
  0x00000283a3a50720 GCTaskThread "GC Thread#0" [stack: 0x000000c058900000,0x000000c058a00000] [id=4204]
  0x00000283a3a59660 ConcurrentGCThread "G1 Main Marker" [stack: 0x000000c058a00000,0x000000c058b00000] [id=15968]
  0x00000283a3a5a070 ConcurrentGCThread "G1 Conc#0" [stack: 0x000000c058b00000,0x000000c058c00000] [id=17608]

[error occurred during error reporting (printing all threads), id 0xc0000005, EXCEPTION_ACCESS_VIOLATION (0xc0000005) at pc=0x00007ffd087e84c7]

VM state: not at safepoint (not fully initialized)

VM Mutex/Monitor currently owned by a thread:  ([mutex/lock_event])
[0x00000283a3a1b9e0] Heap_lock - owner thread: 0x00000283a3a1ff90

Heap address: 0x00000000c0000000, size: 1024 MB, Compressed Oops mode: 32-bit

CDS archive(s) mapped at: [0x0000000000000000-0x0000000000000000-0x0000000000000000), size 0, SharedBaseAddress: 0x0000000800000000, ArchiveRelocationMode: 0.
Narrow klass base: 0x0000000000000000, Narrow klass shift: 0, Narrow klass range: 0x0

GC Precious Log:
<Empty>

Heap:
 garbage-first heap   total 0K, used 0K [0x00000000c0000000, 0x0000000100000000)
  region size 1024K, 0 young (0K), 0 survivors (0K)

[error occurred during error reporting (printing heap information), id 0xc0000005, EXCEPTION_ACCESS_VIOLATION (0xc0000005) at pc=0x00007ffd08bc8c59]

GC Heap History (0 events):
No events

Deoptimization events (0 events):
No events

Classes unloaded (0 events):
No events

Classes redefined (0 events):
No events

Internal exceptions (0 events):
No events

VM Operations (0 events):
No events

Events (1 events):
Event: 0.022 Loaded shared library C:\Program Files\Java\jdk-17\bin\java.dll


Dynamic libraries:
0x00007ff7a6070000 - 0x00007ff7a6080000 	C:\Program Files\Java\jdk-17\bin\java.exe
0x00007ffd8a990000 - 0x00007ffd8aba7000 	C:\WINDOWS\SYSTEM32\ntdll.dll
0x00007ffd89280000 - 0x00007ffd89344000 	C:\WINDOWS\System32\KERNEL32.DLL
0x00007ffd87aa0000 - 0x00007ffd87e73000 	C:\WINDOWS\System32\KERNELBASE.dll
0x00007ffd87e80000 - 0x00007ffd87f91000 	C:\WINDOWS\System32\ucrtbase.dll
0x00007ffd5ae20000 - 0x00007ffd5ae38000 	C:\Program Files\Java\jdk-17\bin\jli.dll
0x00007ffd89350000 - 0x00007ffd89401000 	C:\WINDOWS\System32\ADVAPI32.dll
0x00007ffd88a60000 - 0x00007ffd88b07000 	C:\WINDOWS\System32\msvcrt.dll
0x00007ffd891d0000 - 0x00007ffd89278000 	C:\WINDOWS\System32\sechost.dll
0x00007ffd88020000 - 0x00007ffd88048000 	C:\WINDOWS\System32\bcrypt.dll
0x00007ffd88810000 - 0x00007ffd88924000 	C:\WINDOWS\System32\RPCRT4.dll
0x00007ffd88650000 - 0x00007ffd88801000 	C:\WINDOWS\System32\USER32.dll
0x00007ffd88410000 - 0x00007ffd88436000 	C:\WINDOWS\System32\win32u.dll
0x00007ffd88fc0000 - 0x00007ffd88fe9000 	C:\WINDOWS\System32\GDI32.dll
0x00007ffd882f0000 - 0x00007ffd8840b000 	C:\WINDOWS\System32\gdi32full.dll
0x00007ffd88050000 - 0x00007ffd880ea000 	C:\WINDOWS\System32\msvcp_win.dll
0x00007ffd74e80000 - 0x00007ffd75118000 	C:\WINDOWS\WinSxS\amd64_microsoft.windows.common-controls_6595b64144ccf1df_6.0.22621.5124_none_270e8f4f7386d69d\COMCTL32.dll
0x00007ffd7f9e0000 - 0x00007ffd7f9ea000 	C:\WINDOWS\SYSTEM32\VERSION.dll
0x00007ffd514a0000 - 0x00007ffd514ba000 	C:\Program Files\Java\jdk-17\bin\VCRUNTIME140.dll
0x00007ffd88940000 - 0x00007ffd88971000 	C:\WINDOWS\System32\IMM32.DLL
0x00007ffd837d0000 - 0x00007ffd837dc000 	C:\Program Files\Java\jdk-17\bin\vcruntime140_1.dll
0x00007ffd2fd50000 - 0x00007ffd2fddd000 	C:\Program Files\Java\jdk-17\bin\msvcp140.dll
0x00007ffd08500000 - 0x00007ffd090be000 	C:\Program Files\Java\jdk-17\bin\server\jvm.dll
0x00007ffd88930000 - 0x00007ffd88938000 	C:\WINDOWS\System32\PSAPI.DLL
0x00007ffd78b40000 - 0x00007ffd78b49000 	C:\WINDOWS\SYSTEM32\WSOCK32.dll
0x00007ffd89100000 - 0x00007ffd89171000 	C:\WINDOWS\System32\WS2_32.dll
0x00007ffd83940000 - 0x00007ffd83974000 	C:\WINDOWS\SYSTEM32\WINMM.dll
0x00007ffd86ad0000 - 0x00007ffd86ae8000 	C:\WINDOWS\SYSTEM32\kernel.appcore.dll
0x00007ffd74db0000 - 0x00007ffd74dba000 	C:\Program Files\Java\jdk-17\bin\jimage.dll
0x00007ffd853e0000 - 0x00007ffd85612000 	C:\WINDOWS\SYSTEM32\DBGHELP.DLL
0x00007ffd88b70000 - 0x00007ffd88f02000 	C:\WINDOWS\System32\combase.dll
0x00007ffd88980000 - 0x00007ffd88a57000 	C:\WINDOWS\System32\OLEAUT32.dll
0x00007ffd65740000 - 0x00007ffd65772000 	C:\WINDOWS\SYSTEM32\dbgcore.DLL
0x00007ffd87fa0000 - 0x00007ffd8801b000 	C:\WINDOWS\System32\bcryptPrimitives.dll
0x00007ffd4f790000 - 0x00007ffd4f7b5000 	C:\Program Files\Java\jdk-17\bin\java.dll

dbghelp: loaded successfully - version: 4.0.5 - missing functions: none
symbol engine: initialized successfully - sym options: 0x614 - pdb path: .;C:\Program Files\Java\jdk-17\bin;C:\WINDOWS\SYSTEM32;C:\WINDOWS\WinSxS\amd64_microsoft.windows.common-controls_6595b64144ccf1df_6.0.22621.5124_none_270e8f4f7386d69d;C:\Program Files\Java\jdk-17\bin\server

VM Arguments:
jvm_args: -Xmx1024m -Xms512m -Dclassworlds.conf=C:\apache-maven-3.9.9\bin\m2.conf -Dmaven.home=C:\apache-maven-3.9.9 -Dlibrary.jansi.path=C:\apache-maven-3.9.9\lib\jansi-native -Dmaven.multiModuleProjectDirectory=E:\auctions 
java_command: org.codehaus.plexus.classworlds.launcher.Launcher clean spring-boot:run
java_class_path (initial): C:\apache-maven-3.9.9\boot\plexus-classworlds-2.8.0.jar
Launcher Type: SUN_STANDARD

[Global flags]
     intx CICompilerCount                          = 3                                         {product} {ergonomic}
     uint ConcGCThreads                            = 1                                         {product} {ergonomic}
     uint G1ConcRefinementThreads                  = 4                                         {product} {ergonomic}
   size_t G1HeapRegionSize                         = 1048576                                   {product} {ergonomic}
    uintx GCDrainStackTargetSize                   = 64                                        {product} {ergonomic}
   size_t InitialHeapSize                          = 536870912                                 {product} {command line}
   size_t MarkStackSize                            = 4194304                                   {product} {ergonomic}
   size_t MaxHeapSize                              = 1073741824                                {product} {command line}
   size_t MinHeapDeltaBytes                        = 1048576                                   {product} {ergonomic}
   size_t MinHeapSize                              = 536870912                                 {product} {command line}
    uintx NonNMethodCodeHeapSize                   = 5832780                                {pd product} {ergonomic}
    uintx NonProfiledCodeHeapSize                  = 122912730                              {pd product} {ergonomic}
    uintx ProfiledCodeHeapSize                     = 122912730                              {pd product} {ergonomic}
    uintx ReservedCodeCacheSize                    = 251658240                              {pd product} {ergonomic}
     bool SegmentedCodeCache                       = true                                      {product} {ergonomic}
   size_t SoftMaxHeapSize                          = 1073741824                             {manageable} {ergonomic}
     bool UseCompressedClassPointers               = true                           {product lp64_product} {ergonomic}
     bool UseCompressedOops                        = true                           {product lp64_product} {ergonomic}
     bool UseG1GC                                  = true                                      {product} {ergonomic}
     bool UseLargePagesIndividualAllocation        = false                                  {pd product} {ergonomic}

Logging:
Log output configuration:
 #0: stdout all=warning uptime,level,tags
 #1: stderr all=off uptime,level,tags

Environment Variables:
JAVA_HOME=C:\Program Files\Java\jdk-17
PATH=C:\Program Files\Common Files\Oracle\Java\javapath;C:\WINDOWS\system32;C:\WINDOWS;C:\WINDOWS\System32\Wbem;C:\WINDOWS\System32\WindowsPowerShell\v1.0\;C:\WINDOWS\System32\OpenSSH\;C:\apache-maven-3.9.9\bin;C:\Program Files\Java\jdk-17\bin;C:\Users\ASUS\AppData\Local\Microsoft\WindowsApps;C:\Users\ASUS\AppData\Local\Programs\cursor\resources\app\bin
USERNAME=ASUS
LANG=en_US.UTF-8
OS=Windows_NT
PROCESSOR_IDENTIFIER=AMD64 Family 23 Model 24 Stepping 1, AuthenticAMD



---------------  S Y S T E M  ---------------

OS:
 Windows 10 , 64 bit Build 22621 (10.0.22621.5124)
OS uptime: 0 days 6:01 hours

CPU: total 4 (initial active 4) (4 cores per cpu, 2 threads per core) family 23 model 24 stepping 1 microcode 0x0, cx8, cmov, fxsr, ht, mmx, 3dnowpref, sse, sse2, sse3, ssse3, sse4a, sse4.1, sse4.2, popcnt, lzcnt, tsc, tscinvbit, avx, avx2, aes, clmul, bmi1, bmi2, adx, sha, fma, vzeroupper, clflush, clflushopt

Memory: 4k page, system-wide physical 3534M (261M free)
TotalPageFile size 14286M (AvailPageFile size 395M)
current process WorkingSet (physical memory assigned to process): 11M, peak: 11M
current process commit charge ("private bytes"): 51M, peak: 563M

vm_info: Java HotSpot(TM) 64-Bit Server VM (17+35-LTS-2724) for windows-amd64 JRE (17+35-LTS-2724), built on Aug  5 2021 23:28:28 by "mach5one" with MS VC++ 16.8 (VS2019)

END.
