#
# There is insufficient memory for the Java Runtime Environment to continue.
# Native memory allocation (malloc) failed to allocate 143056 bytes for Chunk::new
# Possible reasons:
#   The system is out of physical RAM or swap space
#   The process is running with CompressedOops enabled, and the Java Heap may be blocking the growth of the native heap
# Possible solutions:
#   Reduce memory load on the system
#   Increase physical memory or swap space
#   Check if swap backing store is full
#   Decrease Java heap size (-Xmx/-Xms)
#   Decrease number of Java threads
#   Decrease Java thread stack sizes (-Xss)
#   Set larger code cache with -XX:ReservedCodeCacheSize=
#   JVM is running with Unscaled Compressed Oops mode in which the Java heap is
#     placed in the first 4GB address space. The Java Heap base address is the
#     maximum limit for the native heap growth. Please use -XX:HeapBaseMinAddress
#     to set the Java Heap base and to place the Java Heap above 4GB virtual address.
# This output file may be truncated or incomplete.
#
#  Out of Memory Error (arena.cpp:189), pid=8512, tid=9516
#
# JRE version: Java(TM) SE Runtime Environment (17.0+35) (build 17+35-LTS-2724)
# Java VM: Java HotSpot(TM) 64-Bit Server VM (17+35-LTS-2724, mixed mode, sharing, tiered, compressed oops, compressed class ptrs, g1 gc, windows-amd64)
# No core dump will be written. Minidumps are not enabled by default on client versions of Windows
#

---------------  S U M M A R Y ------------

Command Line: -Dclassworlds.conf=C:\apache-maven-3.9.9\bin\m2.conf -Dmaven.home=C:\apache-maven-3.9.9 -Dlibrary.jansi.path=C:\apache-maven-3.9.9\lib\jansi-native -Dmaven.multiModuleProjectDirectory=E:\auctions org.codehaus.plexus.classworlds.launcher.Launcher spring-boot:run

Host: AMD Ryzen 3 3250U with Radeon Graphics         , 4 cores, 3G,  Windows 10 , 64 bit Build 22621 (10.0.22621.5124)
Time: Sun May 25 14:11:48 2025 SE Asia Standard Time elapsed time: 21.145147 seconds (0d 0h 0m 21s)

---------------  T H R E A D  ---------------

Current thread (0x000001f6f5fe9230):  JavaThread "C2 CompilerThread0" daemon [_thread_in_native, id=9516, stack(0x0000000da9600000,0x0000000da9700000)]


Current CompileTask:
C2:  21145 3981   !   4       org.codehaus.plexus.interpolation.reflection.ReflectionValueExtractor::getPropertyValue (114 bytes)

Stack: [0x0000000da9600000,0x0000000da9700000]
Native frames: (J=compiled Java code, j=interpreted, Vv=VM code, C=native code)
V  [jvm.dll+0x66f8ea]
V  [jvm.dll+0x7ce224]
V  [jvm.dll+0x7cf9ce]
V  [jvm.dll+0x7d0033]
V  [jvm.dll+0x242bb5]
V  [jvm.dll+0xaa05b]
V  [jvm.dll+0xaa5ec]
V  [jvm.dll+0x55abc3]
V  [jvm.dll+0x1b9a1d]
V  [jvm.dll+0x215df9]
V  [jvm.dll+0x2150c1]
V  [jvm.dll+0x1a168d]
V  [jvm.dll+0x2248f8]
V  [jvm.dll+0x222a5c]
V  [jvm.dll+0x78422b]
V  [jvm.dll+0x77e7ea]
V  [jvm.dll+0x66e715]
C  [ucrtbase.dll+0x29333]
C  [KERNEL32.DLL+0x1259d]
C  [ntdll.dll+0x5af38]


---------------  P R O C E S S  ---------------

Threads class SMR info:
_java_thread_list=0x000001f6f6c017c0, length=14, elements={
0x000001f6ea37fae0, 0x000001f6f5fcc760, 0x000001f6f5fcfd80, 0x000001f6f5fe4580,
0x000001f6f5fe5130, 0x000001f6f5fe7af0, 0x000001f6f5fe84a0, 0x000001f6f5fe9230,
0x000001f6f60506a0, 0x000001f6f6055b10, 0x000001f6f6c3d790, 0x000001f6f6c43f10,
0x000001f6f6e4de10, 0x000001f6f6c07500
}

Java Threads: ( => current thread )
  0x000001f6ea37fae0 JavaThread "main" [_thread_in_native, id=11124, stack(0x0000000da8800000,0x0000000da8900000)]
  0x000001f6f5fcc760 JavaThread "Reference Handler" daemon [_thread_blocked, id=13280, stack(0x0000000da9000000,0x0000000da9100000)]
  0x000001f6f5fcfd80 JavaThread "Finalizer" daemon [_thread_blocked, id=11580, stack(0x0000000da9100000,0x0000000da9200000)]
  0x000001f6f5fe4580 JavaThread "Signal Dispatcher" daemon [_thread_blocked, id=11516, stack(0x0000000da9200000,0x0000000da9300000)]
  0x000001f6f5fe5130 JavaThread "Attach Listener" daemon [_thread_blocked, id=12036, stack(0x0000000da9300000,0x0000000da9400000)]
  0x000001f6f5fe7af0 JavaThread "Service Thread" daemon [_thread_blocked, id=1524, stack(0x0000000da9400000,0x0000000da9500000)]
  0x000001f6f5fe84a0 JavaThread "Monitor Deflation Thread" daemon [_thread_blocked, id=13784, stack(0x0000000da9500000,0x0000000da9600000)]
=>0x000001f6f5fe9230 JavaThread "C2 CompilerThread0" daemon [_thread_in_native, id=9516, stack(0x0000000da9600000,0x0000000da9700000)]
  0x000001f6f60506a0 JavaThread "C1 CompilerThread0" daemon [_thread_blocked, id=8616, stack(0x0000000da9700000,0x0000000da9800000)]
  0x000001f6f6055b10 JavaThread "Sweeper thread" daemon [_thread_blocked, id=2008, stack(0x0000000da9800000,0x0000000da9900000)]
  0x000001f6f6c3d790 JavaThread "Notification Thread" daemon [_thread_blocked, id=11280, stack(0x0000000da9900000,0x0000000da9a00000)]
  0x000001f6f6c43f10 JavaThread "Common-Cleaner" daemon [_thread_blocked, id=11048, stack(0x0000000da9b00000,0x0000000da9c00000)]
  0x000001f6f6e4de10 JavaThread "cleanup" daemon [_thread_in_native, id=7800, stack(0x0000000da9c00000,0x0000000da9d00000)]
  0x000001f6f6c07500 JavaThread "Thread-1" daemon [_thread_blocked, id=3164, stack(0x0000000daa000000,0x0000000daa100000)]

Other Threads:
  0x000001f6f5fc3560 VMThread "VM Thread" [stack: 0x0000000da8f00000,0x0000000da9000000] [id=12528]
  0x000001f6f6c3fc70 WatcherThread [stack: 0x0000000da9a00000,0x0000000da9b00000] [id=8508]
  0x000001f6ea3ad090 GCTaskThread "GC Thread#0" [stack: 0x0000000da8a00000,0x0000000da8b00000] [id=13512]
  0x000001f6f6e118c0 GCTaskThread "GC Thread#1" [stack: 0x0000000da9d00000,0x0000000da9e00000] [id=1276]
  0x000001f6f71e7cc0 GCTaskThread "GC Thread#2" [stack: 0x0000000da9e00000,0x0000000da9f00000] [id=1268]
  0x000001f6f71e7f70 GCTaskThread "GC Thread#3" [stack: 0x0000000da9f00000,0x0000000daa000000] [id=8016]
  0x000001f6ea3b4e50 ConcurrentGCThread "G1 Main Marker" [stack: 0x0000000da8b00000,0x0000000da8c00000] [id=7336]
  0x000001f6ea3b5860 ConcurrentGCThread "G1 Conc#0" [stack: 0x0000000da8c00000,0x0000000da8d00000] [id=10492]
  0x000001f6ea3f0400 ConcurrentGCThread "G1 Refine#0" [stack: 0x0000000da8d00000,0x0000000da8e00000] [id=12724]
  0x000001f6ea3f0e20 ConcurrentGCThread "G1 Service" [stack: 0x0000000da8e00000,0x0000000da8f00000] [id=5664]

Threads with active compile tasks:
C2 CompilerThread0    21178 3981   !   4       org.codehaus.plexus.interpolation.reflection.ReflectionValueExtractor::getPropertyValue (114 bytes)

VM state: not at safepoint (normal execution)

VM Mutex/Monitor currently owned by a thread: None

Heap address: 0x00000000c8c00000, size: 884 MB, Compressed Oops mode: 32-bit

CDS archive(s) mapped at: [0x0000000800000000-0x0000000800bc0000-0x0000000800bc0000), size 12320768, SharedBaseAddress: 0x0000000800000000, ArchiveRelocationMode: 0.
Compressed class space mapped at: 0x0000000800c00000-0x0000000840c00000, reserved size: 1073741824
Narrow klass base: 0x0000000800000000, Narrow klass shift: 0, Narrow klass range: 0x100000000

GC Precious Log:
 CPUs: 4 total, 4 available
 Memory: 3534M
 Large Page Support: Disabled
 NUMA Support: Disabled
 Compressed Oops: Enabled (32-bit)
 Heap Region Size: 1M
 Heap Min Capacity: 8M
 Heap Initial Capacity: 56M
 Heap Max Capacity: 884M
 Pre-touch: Disabled
 Parallel Workers: 4
 Concurrent Workers: 1
 Concurrent Refinement Workers: 4
 Periodic GC: Disabled

Heap:
 garbage-first heap   total 57344K, used 30780K [0x00000000c8c00000, 0x0000000100000000)
  region size 1024K, 20 young (20480K), 2 survivors (2048K)
 Metaspace       used 15932K, committed 16128K, reserved 1064960K
  class space    used 1861K, committed 1920K, reserved 1048576K

Heap Regions: E=young(eden), S=young(survivor), O=old, HS=humongous(starts), HC=humongous(continues), CS=collection set, F=free, OA=open archive, CA=closed archive, TAMS=top-at-mark-start (previous, next)
|   0|0x00000000c8c00000, 0x00000000c8cffff8, 0x00000000c8d00000| 99%| O|  |TAMS 0x00000000c8c00000, 0x00000000c8c00000| Untracked 
|   1|0x00000000c8d00000, 0x00000000c8e00000, 0x00000000c8e00000|100%| O|  |TAMS 0x00000000c8d00000, 0x00000000c8d00000| Untracked 
|   2|0x00000000c8e00000, 0x00000000c8f00000, 0x00000000c8f00000|100%| O|  |TAMS 0x00000000c8e00000, 0x00000000c8e00000| Untracked 
|   3|0x00000000c8f00000, 0x00000000c9000000, 0x00000000c9000000|100%| O|  |TAMS 0x00000000c8f00000, 0x00000000c8f00000| Untracked 
|   4|0x00000000c9000000, 0x00000000c9100000, 0x00000000c9100000|100%| O|  |TAMS 0x00000000c9000000, 0x00000000c9000000| Untracked 
|   5|0x00000000c9100000, 0x00000000c9200000, 0x00000000c9200000|100%| O|  |TAMS 0x00000000c9100000, 0x00000000c9100000| Untracked 
|   6|0x00000000c9200000, 0x00000000c9300000, 0x00000000c9300000|100%| O|  |TAMS 0x00000000c9200000, 0x00000000c9200000| Untracked 
|   7|0x00000000c9300000, 0x00000000c9400000, 0x00000000c9400000|100%| O|  |TAMS 0x00000000c9300000, 0x00000000c9300000| Untracked 
|   8|0x00000000c9400000, 0x00000000c9500000, 0x00000000c9500000|100%| O|  |TAMS 0x00000000c9400000, 0x00000000c9400000| Untracked 
|   9|0x00000000c9500000, 0x00000000c9600000, 0x00000000c9600000|100%| O|  |TAMS 0x00000000c9500000, 0x00000000c9500000| Untracked 
|  10|0x00000000c9600000, 0x00000000c9700000, 0x00000000c9700000|100%| O|  |TAMS 0x00000000c9600000, 0x00000000c9600000| Untracked 
|  11|0x00000000c9700000, 0x00000000c9745a00, 0x00000000c9800000| 27%| O|  |TAMS 0x00000000c9700000, 0x00000000c9700000| Untracked 
|  12|0x00000000c9800000, 0x00000000c9800000, 0x00000000c9900000|  0%| F|  |TAMS 0x00000000c9800000, 0x00000000c9800000| Untracked 
|  13|0x00000000c9900000, 0x00000000c9900000, 0x00000000c9a00000|  0%| F|  |TAMS 0x00000000c9900000, 0x00000000c9900000| Untracked 
|  14|0x00000000c9a00000, 0x00000000c9a00000, 0x00000000c9b00000|  0%| F|  |TAMS 0x00000000c9a00000, 0x00000000c9a00000| Untracked 
|  15|0x00000000c9b00000, 0x00000000c9b00000, 0x00000000c9c00000|  0%| F|  |TAMS 0x00000000c9b00000, 0x00000000c9b00000| Untracked 
|  16|0x00000000c9c00000, 0x00000000c9c00000, 0x00000000c9d00000|  0%| F|  |TAMS 0x00000000c9c00000, 0x00000000c9c00000| Untracked 
|  17|0x00000000c9d00000, 0x00000000c9d00000, 0x00000000c9e00000|  0%| F|  |TAMS 0x00000000c9d00000, 0x00000000c9d00000| Untracked 
|  18|0x00000000c9e00000, 0x00000000c9e00000, 0x00000000c9f00000|  0%| F|  |TAMS 0x00000000c9e00000, 0x00000000c9e00000| Untracked 
|  19|0x00000000c9f00000, 0x00000000c9f00000, 0x00000000ca000000|  0%| F|  |TAMS 0x00000000c9f00000, 0x00000000c9f00000| Untracked 
|  20|0x00000000ca000000, 0x00000000ca000000, 0x00000000ca100000|  0%| F|  |TAMS 0x00000000ca000000, 0x00000000ca000000| Untracked 
|  21|0x00000000ca100000, 0x00000000ca100000, 0x00000000ca200000|  0%| F|  |TAMS 0x00000000ca100000, 0x00000000ca100000| Untracked 
|  22|0x00000000ca200000, 0x00000000ca200000, 0x00000000ca300000|  0%| F|  |TAMS 0x00000000ca200000, 0x00000000ca200000| Untracked 
|  23|0x00000000ca300000, 0x00000000ca300000, 0x00000000ca400000|  0%| F|  |TAMS 0x00000000ca300000, 0x00000000ca300000| Untracked 
|  24|0x00000000ca400000, 0x00000000ca400000, 0x00000000ca500000|  0%| F|  |TAMS 0x00000000ca400000, 0x00000000ca400000| Untracked 
|  25|0x00000000ca500000, 0x00000000ca500000, 0x00000000ca600000|  0%| F|  |TAMS 0x00000000ca500000, 0x00000000ca500000| Untracked 
|  26|0x00000000ca600000, 0x00000000ca600000, 0x00000000ca700000|  0%| F|  |TAMS 0x00000000ca600000, 0x00000000ca600000| Untracked 
|  27|0x00000000ca700000, 0x00000000ca7c98f0, 0x00000000ca800000| 78%| S|CS|TAMS 0x00000000ca700000, 0x00000000ca700000| Complete 
|  28|0x00000000ca800000, 0x00000000ca900000, 0x00000000ca900000|100%| S|CS|TAMS 0x00000000ca800000, 0x00000000ca800000| Complete 
|  29|0x00000000ca900000, 0x00000000ca900000, 0x00000000caa00000|  0%| F|  |TAMS 0x00000000ca900000, 0x00000000ca900000| Untracked 
|  30|0x00000000caa00000, 0x00000000caa00000, 0x00000000cab00000|  0%| F|  |TAMS 0x00000000caa00000, 0x00000000caa00000| Untracked 
|  31|0x00000000cab00000, 0x00000000cab00000, 0x00000000cac00000|  0%| F|  |TAMS 0x00000000cab00000, 0x00000000cab00000| Untracked 
|  32|0x00000000cac00000, 0x00000000cac00000, 0x00000000cad00000|  0%| F|  |TAMS 0x00000000cac00000, 0x00000000cac00000| Untracked 
|  33|0x00000000cad00000, 0x00000000cad00000, 0x00000000cae00000|  0%| F|  |TAMS 0x00000000cad00000, 0x00000000cad00000| Untracked 
|  34|0x00000000cae00000, 0x00000000cae00000, 0x00000000caf00000|  0%| F|  |TAMS 0x00000000cae00000, 0x00000000cae00000| Untracked 
|  35|0x00000000caf00000, 0x00000000caf00000, 0x00000000cb000000|  0%| F|  |TAMS 0x00000000caf00000, 0x00000000caf00000| Untracked 
|  36|0x00000000cb000000, 0x00000000cb000000, 0x00000000cb100000|  0%| F|  |TAMS 0x00000000cb000000, 0x00000000cb000000| Untracked 
|  37|0x00000000cb100000, 0x00000000cb100000, 0x00000000cb200000|  0%| F|  |TAMS 0x00000000cb100000, 0x00000000cb100000| Untracked 
|  38|0x00000000cb200000, 0x00000000cb300000, 0x00000000cb300000|100%| E|  |TAMS 0x00000000cb200000, 0x00000000cb200000| Complete 
|  39|0x00000000cb300000, 0x00000000cb400000, 0x00000000cb400000|100%| E|CS|TAMS 0x00000000cb300000, 0x00000000cb300000| Complete 
|  40|0x00000000cb400000, 0x00000000cb500000, 0x00000000cb500000|100%| E|CS|TAMS 0x00000000cb400000, 0x00000000cb400000| Complete 
|  41|0x00000000cb500000, 0x00000000cb600000, 0x00000000cb600000|100%| E|CS|TAMS 0x00000000cb500000, 0x00000000cb500000| Complete 
|  42|0x00000000cb600000, 0x00000000cb700000, 0x00000000cb700000|100%| E|CS|TAMS 0x00000000cb600000, 0x00000000cb600000| Complete 
|  43|0x00000000cb700000, 0x00000000cb800000, 0x00000000cb800000|100%| E|CS|TAMS 0x00000000cb700000, 0x00000000cb700000| Complete 
|  44|0x00000000cb800000, 0x00000000cb900000, 0x00000000cb900000|100%| E|CS|TAMS 0x00000000cb800000, 0x00000000cb800000| Complete 
|  45|0x00000000cb900000, 0x00000000cba00000, 0x00000000cba00000|100%| E|CS|TAMS 0x00000000cb900000, 0x00000000cb900000| Complete 
|  46|0x00000000cba00000, 0x00000000cbb00000, 0x00000000cbb00000|100%| E|CS|TAMS 0x00000000cba00000, 0x00000000cba00000| Complete 
|  47|0x00000000cbb00000, 0x00000000cbc00000, 0x00000000cbc00000|100%| E|CS|TAMS 0x00000000cbb00000, 0x00000000cbb00000| Complete 
|  48|0x00000000cbc00000, 0x00000000cbd00000, 0x00000000cbd00000|100%| E|CS|TAMS 0x00000000cbc00000, 0x00000000cbc00000| Complete 
|  49|0x00000000cbd00000, 0x00000000cbe00000, 0x00000000cbe00000|100%| E|CS|TAMS 0x00000000cbd00000, 0x00000000cbd00000| Complete 
|  50|0x00000000cbe00000, 0x00000000cbf00000, 0x00000000cbf00000|100%| E|CS|TAMS 0x00000000cbe00000, 0x00000000cbe00000| Complete 
|  51|0x00000000cbf00000, 0x00000000cc000000, 0x00000000cc000000|100%| E|CS|TAMS 0x00000000cbf00000, 0x00000000cbf00000| Complete 
|  52|0x00000000cc000000, 0x00000000cc100000, 0x00000000cc100000|100%| E|CS|TAMS 0x00000000cc000000, 0x00000000cc000000| Complete 
|  53|0x00000000cc100000, 0x00000000cc200000, 0x00000000cc200000|100%| E|CS|TAMS 0x00000000cc100000, 0x00000000cc100000| Complete 
|  54|0x00000000cc200000, 0x00000000cc300000, 0x00000000cc300000|100%| E|CS|TAMS 0x00000000cc200000, 0x00000000cc200000| Complete 
|  55|0x00000000cc300000, 0x00000000cc400000, 0x00000000cc400000|100%| E|CS|TAMS 0x00000000cc300000, 0x00000000cc300000| Complete 

Card table byte_map: [0x000001f6f1b80000,0x000001f6f1d40000] _byte_map_base: 0x000001f6f153a000

Marking Bits (Prev, Next): (CMBitMap*) 0x000001f6ea3ad6a0, (CMBitMap*) 0x000001f6ea3ad6e0
 Prev Bits: [0x000001f6f1f00000, 0x000001f6f2cd0000)
 Next Bits: [0x000001f6f2cd0000, 0x000001f6f3aa0000)

Polling page: 0x000001f6e8370000

Metaspace:

Usage:
  Non-class:     13.74 MB used.
      Class:      1.82 MB used.
       Both:     15.56 MB used.

Virtual space:
  Non-class space:       16.00 MB reserved,      13.88 MB ( 87%) committed,  2 nodes.
      Class space:        1.00 GB reserved,       1.88 MB ( <1%) committed,  1 nodes.
             Both:        1.02 GB reserved,      15.75 MB (  2%) committed. 

Chunk freelists:
   Non-Class:  1.65 MB
       Class:  1.95 MB
        Both:  3.60 MB

MaxMetaspaceSize: unlimited
CompressedClassSpaceSize: 1.00 GB
Initial GC threshold: 21.00 MB
Current GC threshold: 21.00 MB
CDS: on
MetaspaceReclaimPolicy: balanced
 - commit_granule_bytes: 65536.
 - commit_granule_words: 8192.
 - virtual_space_node_default_size: 1048576.
 - enlarge_chunks_in_place: 1.
 - new_chunks_are_fully_committed: 0.
 - uncommit_free_chunks: 1.
 - use_allocation_guard: 0.
 - handle_deallocations: 1.


Internal statistics:

num_allocs_failed_limit: 0.
num_arena_births: 108.
num_arena_deaths: 0.
num_vsnodes_births: 3.
num_vsnodes_deaths: 0.
num_space_committed: 252.
num_space_uncommitted: 0.
num_chunks_returned_to_freelist: 0.
num_chunks_taken_from_freelist: 656.
num_chunk_merges: 0.
num_chunk_splits: 447.
num_chunks_enlarged: 362.
num_purges: 0.
num_inconsistent_stats: 0.

CodeHeap 'non-profiled nmethods': size=120000Kb used=1935Kb max_used=1935Kb free=118064Kb
 bounds [0x000001f687ad0000, 0x000001f687d40000, 0x000001f68f000000]
CodeHeap 'profiled nmethods': size=120000Kb used=8369Kb max_used=8369Kb free=111630Kb
 bounds [0x000001f6805a0000, 0x000001f680dd0000, 0x000001f687ad0000]
CodeHeap 'non-nmethods': size=5760Kb used=1178Kb max_used=1227Kb free=4581Kb
 bounds [0x000001f680000000, 0x000001f680270000, 0x000001f6805a0000]
 total_blobs=4465 nmethods=3996 adapters=381
 compilation: enabled
              stopped_count=0, restarted_count=0
 full_count=0

Compilation events (20 events):
Event: 21.078 Thread 0x000001f6f60506a0 4004       3       org.slf4j.LoggerFactory::getLogger (65 bytes)
Event: 21.080 Thread 0x000001f6f60506a0 nmethod 4004 0x000001f680dc5c90 code [0x000001f680dc6040, 0x000001f680dc75f8]
Event: 21.085 Thread 0x000001f6f60506a0 4006       3       org.eclipse.aether.artifact.DefaultArtifact::<init> (59 bytes)
Event: 21.086 Thread 0x000001f6f60506a0 nmethod 4006 0x000001f680dc7d90 code [0x000001f680dc7fa0, 0x000001f680dc8758]
Event: 21.086 Thread 0x000001f6f60506a0 4007       3       sun.nio.cs.StreamDecoder::<init> (23 bytes)
Event: 21.086 Thread 0x000001f6f60506a0 nmethod 4007 0x000001f680dc8990 code [0x000001f680dc8b80, 0x000001f680dc9158]
Event: 21.086 Thread 0x000001f6f60506a0 4008       3       java.nio.charset.CharsetDecoder::implReplaceWith (1 bytes)
Event: 21.086 Thread 0x000001f6f60506a0 nmethod 4008 0x000001f680dc9310 code [0x000001f680dc94a0, 0x000001f680dc95b8]
Event: 21.086 Thread 0x000001f6f60506a0 4009       3       sun.nio.cs.StreamDecoder::<init> (52 bytes)
Event: 21.087 Thread 0x000001f6f60506a0 nmethod 4009 0x000001f680dc9690 code [0x000001f680dc9880, 0x000001f680dc9ea8]
Event: 21.087 Thread 0x000001f6f60506a0 4010       3       java.lang.ThreadLocal$ThreadLocalMap::set (133 bytes)
Event: 21.088 Thread 0x000001f6f60506a0 nmethod 4010 0x000001f680dca090 code [0x000001f680dca320, 0x000001f680dcb028]
Event: 21.090 Thread 0x000001f6f60506a0 4011       3       java.io.InputStreamReader::<init> (30 bytes)
Event: 21.090 Thread 0x000001f6f60506a0 nmethod 4011 0x000001f680dcb490 code [0x000001f680dcb680, 0x000001f680dcbb88]
Event: 21.090 Thread 0x000001f6f60506a0 4012   !   3       sun.nio.cs.StreamDecoder::forInputStreamReader (38 bytes)
Event: 21.091 Thread 0x000001f6f60506a0 nmethod 4012 0x000001f680dcbd10 code [0x000001f680dcbf20, 0x000001f680dcc468]
Event: 21.091 Thread 0x000001f6f60506a0 4013       1       org.apache.maven.model.Activation::setJdk (6 bytes)
Event: 21.091 Thread 0x000001f6f60506a0 nmethod 4013 0x000001f687cb3810 code [0x000001f687cb39a0, 0x000001f687cb3ab8]
Event: 21.097 Thread 0x000001f6f60506a0 4015       1       jdk.internal.reflect.ClassFileAssembler::getStack (5 bytes)
Event: 21.097 Thread 0x000001f6f60506a0 nmethod 4015 0x000001f687cb3b10 code [0x000001f687cb3ca0, 0x000001f687cb3d78]

GC Heap History (12 events):
Event: 6.682 GC heap before
{Heap before GC invocations=0 (full 0):
 garbage-first heap   total 57344K, used 12288K [0x00000000c8c00000, 0x0000000100000000)
  region size 1024K, 13 young (13312K), 0 survivors (0K)
 Metaspace       used 2939K, committed 3072K, reserved 1056768K
  class space    used 311K, committed 384K, reserved 1048576K
}
Event: 6.704 GC heap after
{Heap after GC invocations=1 (full 0):
 garbage-first heap   total 57344K, used 3087K [0x00000000c8c00000, 0x0000000100000000)
  region size 1024K, 2 young (2048K), 2 survivors (2048K)
 Metaspace       used 2939K, committed 3072K, reserved 1056768K
  class space    used 311K, committed 384K, reserved 1048576K
}
Event: 7.895 GC heap before
{Heap before GC invocations=1 (full 0):
 garbage-first heap   total 57344K, used 16399K [0x00000000c8c00000, 0x0000000100000000)
  region size 1024K, 15 young (15360K), 2 survivors (2048K)
 Metaspace       used 5533K, committed 5696K, reserved 1056768K
  class space    used 670K, committed 768K, reserved 1048576K
}
Event: 7.901 GC heap after
{Heap after GC invocations=2 (full 0):
 garbage-first heap   total 57344K, used 3792K [0x00000000c8c00000, 0x0000000100000000)
  region size 1024K, 1 young (1024K), 1 survivors (1024K)
 Metaspace       used 5533K, committed 5696K, reserved 1056768K
  class space    used 670K, committed 768K, reserved 1048576K
}
Event: 12.944 GC heap before
{Heap before GC invocations=2 (full 0):
 garbage-first heap   total 57344K, used 25296K [0x00000000c8c00000, 0x0000000100000000)
  region size 1024K, 23 young (23552K), 1 survivors (1024K)
 Metaspace       used 7696K, committed 7936K, reserved 1064960K
  class space    used 913K, committed 1024K, reserved 1048576K
}
Event: 12.948 GC heap after
{Heap after GC invocations=3 (full 0):
 garbage-first heap   total 57344K, used 4496K [0x00000000c8c00000, 0x0000000100000000)
  region size 1024K, 2 young (2048K), 2 survivors (2048K)
 Metaspace       used 7696K, committed 7936K, reserved 1064960K
  class space    used 913K, committed 1024K, reserved 1048576K
}
Event: 16.651 GC heap before
{Heap before GC invocations=3 (full 0):
 garbage-first heap   total 57344K, used 36240K [0x00000000c8c00000, 0x0000000100000000)
  region size 1024K, 33 young (33792K), 2 survivors (2048K)
 Metaspace       used 14177K, committed 14400K, reserved 1064960K
  class space    used 1738K, committed 1856K, reserved 1048576K
}
Event: 16.664 GC heap after
{Heap after GC invocations=4 (full 0):
 garbage-first heap   total 57344K, used 7263K [0x00000000c8c00000, 0x0000000100000000)
  region size 1024K, 4 young (4096K), 4 survivors (4096K)
 Metaspace       used 14177K, committed 14400K, reserved 1064960K
  class space    used 1738K, committed 1856K, reserved 1048576K
}
Event: 18.344 GC heap before
{Heap before GC invocations=4 (full 0):
 garbage-first heap   total 57344K, used 36959K [0x00000000c8c00000, 0x0000000100000000)
  region size 1024K, 33 young (33792K), 4 survivors (4096K)
 Metaspace       used 15471K, committed 15616K, reserved 1064960K
  class space    used 1856K, committed 1920K, reserved 1048576K
}
Event: 18.367 GC heap after
{Heap after GC invocations=5 (full 0):
 garbage-first heap   total 57344K, used 11833K [0x00000000c8c00000, 0x0000000100000000)
  region size 1024K, 5 young (5120K), 5 survivors (5120K)
 Metaspace       used 15471K, committed 15616K, reserved 1064960K
  class space    used 1856K, committed 1920K, reserved 1048576K
}
Event: 20.077 GC heap before
{Heap before GC invocations=5 (full 0):
 garbage-first heap   total 57344K, used 39481K [0x00000000c8c00000, 0x0000000100000000)
  region size 1024K, 32 young (32768K), 5 survivors (5120K)
 Metaspace       used 15722K, committed 15872K, reserved 1064960K
  class space    used 1860K, committed 1920K, reserved 1048576K
}
Event: 20.091 GC heap after
{Heap after GC invocations=6 (full 0):
 garbage-first heap   total 57344K, used 13372K [0x00000000c8c00000, 0x0000000100000000)
  region size 1024K, 2 young (2048K), 2 survivors (2048K)
 Metaspace       used 15722K, committed 15872K, reserved 1064960K
  class space    used 1860K, committed 1920K, reserved 1048576K
}

Deoptimization events (20 events):
Event: 20.722 Thread 0x000001f6ea37fae0 Uncommon trap: trap_request=0xffffffbe fr.pc=0x000001f687ca9e00 relative=0x0000000000000880
Event: 20.722 Thread 0x000001f6ea37fae0 Uncommon trap: reason=profile_predicate action=maybe_recompile pc=0x000001f687ca9e00 method=java.util.regex.Pattern$Slice.match(Ljava/util/regex/Matcher;ILjava/lang/CharSequence;)Z @ 18 c2
Event: 20.722 Thread 0x000001f6ea37fae0 DEOPT PACKING pc=0x000001f687ca9e00 sp=0x0000000da88fc450
Event: 20.722 Thread 0x000001f6ea37fae0 DEOPT UNPACKING pc=0x000001f6800523a3 sp=0x0000000da88fc3f0 mode 2
Event: 20.722 Thread 0x000001f6ea37fae0 Uncommon trap: trap_request=0xffffffbe fr.pc=0x000001f687ca9e00 relative=0x0000000000000880
Event: 20.722 Thread 0x000001f6ea37fae0 Uncommon trap: reason=profile_predicate action=maybe_recompile pc=0x000001f687ca9e00 method=java.util.regex.Pattern$Slice.match(Ljava/util/regex/Matcher;ILjava/lang/CharSequence;)Z @ 18 c2
Event: 20.722 Thread 0x000001f6ea37fae0 DEOPT PACKING pc=0x000001f687ca9e00 sp=0x0000000da88fc450
Event: 20.722 Thread 0x000001f6ea37fae0 DEOPT UNPACKING pc=0x000001f6800523a3 sp=0x0000000da88fc3f0 mode 2
Event: 20.722 Thread 0x000001f6ea37fae0 Uncommon trap: trap_request=0xffffffbe fr.pc=0x000001f687ca9e00 relative=0x0000000000000880
Event: 20.722 Thread 0x000001f6ea37fae0 Uncommon trap: reason=profile_predicate action=maybe_recompile pc=0x000001f687ca9e00 method=java.util.regex.Pattern$Slice.match(Ljava/util/regex/Matcher;ILjava/lang/CharSequence;)Z @ 18 c2
Event: 20.722 Thread 0x000001f6ea37fae0 DEOPT PACKING pc=0x000001f687ca9e00 sp=0x0000000da88fc450
Event: 20.722 Thread 0x000001f6ea37fae0 DEOPT UNPACKING pc=0x000001f6800523a3 sp=0x0000000da88fc3f0 mode 2
Event: 20.750 Thread 0x000001f6ea37fae0 DEOPT PACKING pc=0x000001f680c84e20 sp=0x0000000da88fc270
Event: 20.750 Thread 0x000001f6ea37fae0 DEOPT UNPACKING pc=0x000001f680052b43 sp=0x0000000da88fb720 mode 0
Event: 20.995 Thread 0x000001f6ea37fae0 Uncommon trap: trap_request=0xffffff76 fr.pc=0x000001f687b34328 relative=0x0000000000000288
Event: 20.995 Thread 0x000001f6ea37fae0 Uncommon trap: reason=predicate action=maybe_recompile pc=0x000001f687b34328 method=java.nio.charset.CharsetDecoder.decode(Ljava/nio/ByteBuffer;Ljava/nio/CharBuffer;Z)Ljava/nio/charset/CoderResult; @ 54 c2
Event: 20.995 Thread 0x000001f6ea37fae0 DEOPT PACKING pc=0x000001f687b34328 sp=0x0000000da88fba80
Event: 20.995 Thread 0x000001f6ea37fae0 DEOPT UNPACKING pc=0x000001f6800523a3 sp=0x0000000da88fba20 mode 2
Event: 21.100 Thread 0x000001f6ea37fae0 DEOPT PACKING pc=0x000001f680a2a1b1 sp=0x0000000da88fc620
Event: 21.100 Thread 0x000001f6ea37fae0 DEOPT UNPACKING pc=0x000001f680052b43 sp=0x0000000da88fbb10 mode 0

Classes unloaded (0 events):
No events

Classes redefined (0 events):
No events

Internal exceptions (20 events):
Event: 7.279 Thread 0x000001f6ea37fae0 Exception <a 'java/lang/NoSuchMethodError'{0x00000000cbeee3e0}: 'java.lang.Object java.lang.invoke.DirectMethodHandle$Holder.newInvokeSpecial(java.lang.Object, java.lang.Object, java.lang.Object, java.lang.Object, java.lang.Object)'> (0x00000000cbeee3e0) 
thrown [t:\workspace\open\src\hotspot\share\interpreter\linkResolver.cpp, line 766]
Event: 7.452 Thread 0x000001f6ea37fae0 Exception <a 'java/lang/NoSuchMethodError'{0x00000000cbdeed48}: 'int java.lang.invoke.DirectMethodHandle$Holder.invokeStaticInit(java.lang.Object, java.lang.Object)'> (0x00000000cbdeed48) 
thrown [t:\workspace\open\src\hotspot\share\interpreter\linkResolver.cpp, line 766]
Event: 7.545 Thread 0x000001f6ea37fae0 Exception <a 'java/lang/NoClassDefFoundError'{0x00000000cbc267b8}: javax/enterprise/inject/Typed> (0x00000000cbc267b8) 
thrown [t:\workspace\open\src\hotspot\share\classfile\systemDictionary.cpp, line 245]
Event: 14.302 Thread 0x000001f6ea37fae0 Exception <a 'java/lang/NoSuchMethodError'{0x00000000cb6bf678}: 'void java.lang.invoke.DirectMethodHandle$Holder.invokeStaticInit(java.lang.Object, java.lang.Object, java.lang.Object)'> (0x00000000cb6bf678) 
thrown [t:\workspace\open\src\hotspot\share\interpreter\linkResolver.cpp, line 766]
Event: 14.333 Thread 0x000001f6ea37fae0 Exception <a 'java/lang/ExceptionInInitializerError'{0x00000000cb6ea178}> (0x00000000cb6ea178) 
thrown [t:\workspace\open\src\hotspot\share\oops\instanceKlass.cpp, line 1163]
Event: 14.393 Thread 0x000001f6ea37fae0 Implicit null exception at 0x000001f687b490af to 0x000001f687b4920c
Event: 14.396 Thread 0x000001f6ea37fae0 Exception <a 'java/lang/NoSuchMethodError'{0x00000000cb5f5908}: 'java.lang.Object java.lang.invoke.Invokers$Holder.invokeExact_MT(java.lang.Object, int, java.lang.Object)'> (0x00000000cb5f5908) 
thrown [t:\workspace\open\src\hotspot\share\interpreter\linkResolver.cpp, line 766]
Event: 14.472 Thread 0x000001f6ea37fae0 Exception <a 'java/lang/NoSuchMethodError'{0x00000000cb49abf8}: 'int java.lang.invoke.DirectMethodHandle$Holder.invokeSpecial(java.lang.Object, java.lang.Object, java.lang.Object, java.lang.Object)'> (0x00000000cb49abf8) 
thrown [t:\workspace\open\src\hotspot\share\interpreter\linkResolver.cpp, line 766]
Event: 15.388 Thread 0x000001f6ea37fae0 Exception <a 'java/lang/NoClassDefFoundError'{0x00000000caaa5218}: com/google/inject/servlet/ServletModuleTargetVisitor> (0x00000000caaa5218) 
thrown [t:\workspace\open\src\hotspot\share\classfile\systemDictionary.cpp, line 245]
Event: 15.772 Thread 0x000001f6ea37fae0 Exception <a 'java/lang/NoSuchMethodError'{0x00000000ca834d18}: 'void java.lang.invoke.DirectMethodHandle$Holder.invokeVirtual(java.lang.Object, java.lang.Object)'> (0x00000000ca834d18) 
thrown [t:\workspace\open\src\hotspot\share\interpreter\linkResolver.cpp, line 766]
Event: 15.941 Thread 0x000001f6ea37fae0 Exception <a 'java/lang/NoSuchMethodError'{0x00000000ca8acf40}: 'java.lang.Object java.lang.invoke.DirectMethodHandle$Holder.invokeStaticInit(java.lang.Object, int, int, int, int)'> (0x00000000ca8acf40) 
thrown [t:\workspace\open\src\hotspot\share\interpreter\linkResolver.cpp, line 766]
Event: 16.542 Thread 0x000001f6ea37fae0 Implicit null exception at 0x000001f687af36f2 to 0x000001f687af3cbc
Event: 16.542 Thread 0x000001f6ea37fae0 Implicit null exception at 0x000001f687af42f2 to 0x000001f687af48cc
Event: 16.650 Thread 0x000001f6ea37fae0 Exception <a 'java/lang/NoSuchMethodError'{0x00000000ca3f4fa0}: 'void java.lang.invoke.DirectMethodHandle$Holder.invokeSpecial(java.lang.Object, java.lang.Object, java.lang.Object, java.lang.Object, java.lang.Object)'> (0x00000000ca3f4fa0) 
thrown [t:\workspace\open\src\hotspot\share\interpreter\linkResolver.cpp, line 766]
Event: 16.669 Thread 0x000001f6ea37fae0 Exception <a 'java/lang/NoSuchMethodError'{0x00000000cc312bf8}: 'void java.lang.invoke.DirectMethodHandle$Holder.invokeSpecial(java.lang.Object, java.lang.Object, java.lang.Object, java.lang.Object, java.lang.Object, java.lang.Object)'> (0x00000000cc312bf8) 
thrown [t:\workspace\open\src\hotspot\share\interpreter\linkResolver.cpp, line 766]
Event: 16.706 Thread 0x000001f6ea37fae0 Exception <a 'java/lang/NoSuchMethodError'{0x00000000cc2233f8}: 'java.lang.Object java.lang.invoke.DirectMethodHandle$Holder.invokeVirtual(java.lang.Object, java.lang.Object, java.lang.Object)'> (0x00000000cc2233f8) 
thrown [t:\workspace\open\src\hotspot\share\interpreter\linkResolver.cpp, line 766]
Event: 18.054 Thread 0x000001f6ea37fae0 Implicit null exception at 0x000001f687bf68f3 to 0x000001f687bf8590
Event: 18.054 Thread 0x000001f6ea37fae0 Implicit null exception at 0x000001f687b78a6a to 0x000001f687b78c34
Event: 18.054 Thread 0x000001f6ea37fae0 Implicit null exception at 0x000001f687bd749b to 0x000001f687bd7bac
Event: 18.110 Thread 0x000001f6ea37fae0 Exception <a 'java/lang/NoSuchMethodError'{0x00000000caa898e0}: 'int java.lang.invoke.DirectMethodHandle$Holder.invokeSpecialIFC(java.lang.Object, java.lang.Object, java.lang.Object, java.lang.Object)'> (0x00000000caa898e0) 
thrown [t:\workspace\open\src\hotspot\share\interpreter\linkResolver.cpp, line 766]

VM Operations (20 events):
Event: 16.482 Executing VM operation: Cleanup
Event: 16.483 Executing VM operation: Cleanup done
Event: 16.484 Executing VM operation: HandshakeAllThreads
Event: 16.485 Executing VM operation: HandshakeAllThreads done
Event: 16.651 Executing VM operation: G1CollectForAllocation
Event: 16.664 Executing VM operation: G1CollectForAllocation done
Event: 17.306 Executing VM operation: ICBufferFull
Event: 17.306 Executing VM operation: ICBufferFull done
Event: 18.312 Executing VM operation: Cleanup
Event: 18.329 Executing VM operation: Cleanup done
Event: 18.344 Executing VM operation: G1CollectForAllocation
Event: 18.368 Executing VM operation: G1CollectForAllocation done
Event: 18.424 Executing VM operation: HandshakeAllThreads
Event: 18.424 Executing VM operation: HandshakeAllThreads done
Event: 19.194 Executing VM operation: ICBufferFull
Event: 19.194 Executing VM operation: ICBufferFull done
Event: 20.077 Executing VM operation: G1CollectForAllocation
Event: 20.091 Executing VM operation: G1CollectForAllocation done
Event: 21.095 Executing VM operation: Cleanup
Event: 21.095 Executing VM operation: Cleanup done

Events (20 events):
Event: 16.633 loading class java/util/AbstractMap$2
Event: 16.634 loading class java/util/AbstractMap$2 done
Event: 16.634 loading class java/util/AbstractMap$2$1
Event: 16.634 loading class java/util/AbstractMap$2$1 done
Event: 16.665 loading class java/lang/invoke/MethodHandle$1
Event: 16.666 loading class java/lang/invoke/MethodHandle$1 done
Event: 16.846 loading class java/util/stream/Streams$RangeIntSpliterator
Event: 16.847 loading class java/util/stream/Streams$RangeIntSpliterator done
Event: 17.629 loading class java/util/stream/MatchOps$MatchKind
Event: 17.629 loading class java/util/stream/MatchOps$MatchKind done
Event: 17.629 loading class java/util/stream/MatchOps
Event: 17.629 loading class java/util/stream/MatchOps done
Event: 17.630 loading class java/util/stream/MatchOps$MatchOp
Event: 17.630 loading class java/util/stream/MatchOps$MatchOp done
Event: 17.630 loading class java/util/stream/MatchOps$BooleanTerminalSink
Event: 17.630 loading class java/util/stream/MatchOps$BooleanTerminalSink done
Event: 17.631 loading class java/util/stream/MatchOps$1MatchSink
Event: 17.631 loading class java/util/stream/MatchOps$1MatchSink done
Event: 20.994 loading class sun/nio/cs/ISO_8859_1$Decoder
Event: 20.995 loading class sun/nio/cs/ISO_8859_1$Decoder done


Dynamic libraries:
0x00007ff68edf0000 - 0x00007ff68ee00000 	C:\Program Files\Java\jdk-17\bin\java.exe
0x00007ff9fa1d0000 - 0x00007ff9fa3e7000 	C:\WINDOWS\SYSTEM32\ntdll.dll
0x00007ff9f80f0000 - 0x00007ff9f81b4000 	C:\WINDOWS\System32\KERNEL32.DLL
0x00007ff9f73a0000 - 0x00007ff9f7773000 	C:\WINDOWS\System32\KERNELBASE.dll
0x00007ff9f7820000 - 0x00007ff9f7931000 	C:\WINDOWS\System32\ucrtbase.dll
0x00007ff9e7b70000 - 0x00007ff9e7b88000 	C:\Program Files\Java\jdk-17\bin\jli.dll
0x00007ff9f9fc0000 - 0x00007ff9fa071000 	C:\WINDOWS\System32\ADVAPI32.dll
0x00007ff9f8770000 - 0x00007ff9f8817000 	C:\WINDOWS\System32\msvcrt.dll
0x00007ff9f8c10000 - 0x00007ff9f8cb8000 	C:\WINDOWS\System32\sechost.dll
0x00007ff9f7940000 - 0x00007ff9f7968000 	C:\WINDOWS\System32\bcrypt.dll
0x00007ff9f9050000 - 0x00007ff9f9164000 	C:\WINDOWS\System32\RPCRT4.dll
0x00007ff9f88f0000 - 0x00007ff9f8aa1000 	C:\WINDOWS\System32\USER32.dll
0x00007ff9f7970000 - 0x00007ff9f7996000 	C:\WINDOWS\System32\win32u.dll
0x00007ff9f8fb0000 - 0x00007ff9f8fd9000 	C:\WINDOWS\System32\GDI32.dll
0x00007ff9f7ae0000 - 0x00007ff9f7bfb000 	C:\WINDOWS\System32\gdi32full.dll
0x00007ff9f7780000 - 0x00007ff9f781a000 	C:\WINDOWS\System32\msvcp_win.dll
0x00007ff9e7b50000 - 0x00007ff9e7b6a000 	C:\Program Files\Java\jdk-17\bin\VCRUNTIME140.dll
0x00007ff9e3ec0000 - 0x00007ff9e4158000 	C:\WINDOWS\WinSxS\amd64_microsoft.windows.common-controls_6595b64144ccf1df_6.0.22621.5124_none_270e8f4f7386d69d\COMCTL32.dll
0x00007ff9efb90000 - 0x00007ff9efb9a000 	C:\WINDOWS\SYSTEM32\VERSION.dll
0x00007ff9f7e70000 - 0x00007ff9f7ea1000 	C:\WINDOWS\System32\IMM32.DLL
0x00007ff9f0f20000 - 0x00007ff9f0f2c000 	C:\Program Files\Java\jdk-17\bin\vcruntime140_1.dll
0x00007ff9e1410000 - 0x00007ff9e149d000 	C:\Program Files\Java\jdk-17\bin\msvcp140.dll
0x00007ff96df60000 - 0x00007ff96eb1e000 	C:\Program Files\Java\jdk-17\bin\server\jvm.dll
0x00007ff9f7f20000 - 0x00007ff9f7f28000 	C:\WINDOWS\System32\PSAPI.DLL
0x00007ff9f0f30000 - 0x00007ff9f0f39000 	C:\WINDOWS\SYSTEM32\WSOCK32.dll
0x00007ff9f86f0000 - 0x00007ff9f8761000 	C:\WINDOWS\System32\WS2_32.dll
0x00007ff9f3140000 - 0x00007ff9f3174000 	C:\WINDOWS\SYSTEM32\WINMM.dll
0x00007ff9f6310000 - 0x00007ff9f6328000 	C:\WINDOWS\SYSTEM32\kernel.appcore.dll
0x00007ff9e9390000 - 0x00007ff9e939a000 	C:\Program Files\Java\jdk-17\bin\jimage.dll
0x00007ff9f4c20000 - 0x00007ff9f4e52000 	C:\WINDOWS\SYSTEM32\DBGHELP.DLL
0x00007ff9f81c0000 - 0x00007ff9f8552000 	C:\WINDOWS\System32\combase.dll
0x00007ff9f8560000 - 0x00007ff9f8637000 	C:\WINDOWS\System32\OLEAUT32.dll
0x00007ff9e0de0000 - 0x00007ff9e0e12000 	C:\WINDOWS\SYSTEM32\dbgcore.DLL
0x00007ff9f7d70000 - 0x00007ff9f7deb000 	C:\WINDOWS\System32\bcryptPrimitives.dll
0x00007ff9e6000000 - 0x00007ff9e6025000 	C:\Program Files\Java\jdk-17\bin\java.dll
0x00007ff9de2b0000 - 0x00007ff9de386000 	C:\Program Files\Java\jdk-17\bin\svml.dll
0x00007ff9f9720000 - 0x00007ff9f9fb6000 	C:\WINDOWS\System32\SHELL32.dll
0x00007ff9f79a0000 - 0x00007ff9f7adf000 	C:\WINDOWS\System32\wintypes.dll
0x00007ff9f5200000 - 0x00007ff9f5b1a000 	C:\WINDOWS\SYSTEM32\windows.storage.dll
0x00007ff9fa080000 - 0x00007ff9fa18a000 	C:\WINDOWS\System32\SHCORE.dll
0x00007ff9f8fe0000 - 0x00007ff9f9043000 	C:\WINDOWS\System32\shlwapi.dll
0x00007ff9f7210000 - 0x00007ff9f723b000 	C:\WINDOWS\SYSTEM32\profapi.dll
0x00007ff9e7660000 - 0x00007ff9e7679000 	C:\Program Files\Java\jdk-17\bin\net.dll
0x00007ff9f0c30000 - 0x00007ff9f0d5c000 	C:\WINDOWS\SYSTEM32\WINHTTP.dll
0x00007ff9f6790000 - 0x00007ff9f67fa000 	C:\WINDOWS\system32\mswsock.dll
0x00007ff9e3a20000 - 0x00007ff9e3a35000 	C:\Program Files\Java\jdk-17\bin\nio.dll
0x00007ff9e1800000 - 0x00007ff9e1818000 	C:\Program Files\Java\jdk-17\bin\zip.dll
0x00007ff9e13e0000 - 0x00007ff9e1404000 	C:\apache-maven-3.9.9\lib\jansi-native\Windows\x86_64\jansi.dll
0x00007ff9e9330000 - 0x00007ff9e9340000 	C:\Program Files\Java\jdk-17\bin\verify.dll

dbghelp: loaded successfully - version: 4.0.5 - missing functions: none
symbol engine: initialized successfully - sym options: 0x614 - pdb path: .;C:\Program Files\Java\jdk-17\bin;C:\WINDOWS\SYSTEM32;C:\WINDOWS\WinSxS\amd64_microsoft.windows.common-controls_6595b64144ccf1df_6.0.22621.5124_none_270e8f4f7386d69d;C:\Program Files\Java\jdk-17\bin\server;C:\apache-maven-3.9.9\lib\jansi-native\Windows\x86_64

VM Arguments:
jvm_args: -Dclassworlds.conf=C:\apache-maven-3.9.9\bin\m2.conf -Dmaven.home=C:\apache-maven-3.9.9 -Dlibrary.jansi.path=C:\apache-maven-3.9.9\lib\jansi-native -Dmaven.multiModuleProjectDirectory=E:\auctions 
java_command: org.codehaus.plexus.classworlds.launcher.Launcher spring-boot:run
java_class_path (initial): C:\apache-maven-3.9.9\boot\plexus-classworlds-2.8.0.jar
Launcher Type: SUN_STANDARD

[Global flags]
     intx CICompilerCount                          = 3                                         {product} {ergonomic}
     uint ConcGCThreads                            = 1                                         {product} {ergonomic}
     uint G1ConcRefinementThreads                  = 4                                         {product} {ergonomic}
   size_t G1HeapRegionSize                         = 1048576                                   {product} {ergonomic}
    uintx GCDrainStackTargetSize                   = 64                                        {product} {ergonomic}
   size_t InitialHeapSize                          = 58720256                                  {product} {ergonomic}
   size_t MarkStackSize                            = 4194304                                   {product} {ergonomic}
   size_t MaxHeapSize                              = 926941184                                 {product} {ergonomic}
   size_t MaxNewSize                               = 555745280                                 {product} {ergonomic}
   size_t MinHeapDeltaBytes                        = 1048576                                   {product} {ergonomic}
   size_t MinHeapSize                              = 8388608                                   {product} {ergonomic}
    uintx NonNMethodCodeHeapSize                   = 5832780                                {pd product} {ergonomic}
    uintx NonProfiledCodeHeapSize                  = 122912730                              {pd product} {ergonomic}
    uintx ProfiledCodeHeapSize                     = 122912730                              {pd product} {ergonomic}
    uintx ReservedCodeCacheSize                    = 251658240                              {pd product} {ergonomic}
     bool SegmentedCodeCache                       = true                                      {product} {ergonomic}
   size_t SoftMaxHeapSize                          = 926941184                              {manageable} {ergonomic}
     bool UseCompressedClassPointers               = true                           {product lp64_product} {ergonomic}
     bool UseCompressedOops                        = true                           {product lp64_product} {ergonomic}
     bool UseG1GC                                  = true                                      {product} {ergonomic}
     bool UseLargePagesIndividualAllocation        = false                                  {pd product} {ergonomic}

Logging:
Log output configuration:
 #0: stdout all=warning uptime,level,tags
 #1: stderr all=off uptime,level,tags

Environment Variables:
JAVA_HOME=C:\Program Files\Java\jdk-17
PATH=C:\Program Files\Common Files\Oracle\Java\javapath;C:\WINDOWS\system32;C:\WINDOWS;C:\WINDOWS\System32\Wbem;C:\WINDOWS\System32\WindowsPowerShell\v1.0\;C:\WINDOWS\System32\OpenSSH\;C:\apache-maven-3.9.9\bin;C:\Program Files\Java\jdk-17\bin;C:\Users\ASUS\AppData\Local\Microsoft\WindowsApps;C:\Users\ASUS\AppData\Local\Programs\cursor\resources\app\bin;C:\Users\ASUS\AppData\Local\GitHubDesktop\bin
USERNAME=ASUS
LANG=en_US.UTF-8
OS=Windows_NT
PROCESSOR_IDENTIFIER=AMD64 Family 23 Model 24 Stepping 1, AuthenticAMD



---------------  S Y S T E M  ---------------

OS:
 Windows 10 , 64 bit Build 22621 (10.0.22621.5124)
OS uptime: 0 days 1:12 hours

CPU: total 4 (initial active 4) (4 cores per cpu, 2 threads per core) family 23 model 24 stepping 1 microcode 0x0, cx8, cmov, fxsr, ht, mmx, 3dnowpref, sse, sse2, sse3, ssse3, sse4a, sse4.1, sse4.2, popcnt, lzcnt, tsc, tscinvbit, avx, avx2, aes, clmul, bmi1, bmi2, adx, sha, fma, vzeroupper, clflush, clflushopt

Memory: 4k page, system-wide physical 3534M (235M free)
TotalPageFile size 11726M (AvailPageFile size 2M)
current process WorkingSet (physical memory assigned to process): 124M, peak: 135M
current process commit charge ("private bytes"): 166M, peak: 177M

vm_info: Java HotSpot(TM) 64-Bit Server VM (17+35-LTS-2724) for windows-amd64 JRE (17+35-LTS-2724), built on Aug  5 2021 23:28:28 by "mach5one" with MS VC++ 16.8 (VS2019)

END.
