#
# There is insufficient memory for the Java Runtime Environment to continue.
# Native memory allocation (malloc) failed to allocate 793776 bytes for Chunk::new
# Possible reasons:
#   The system is out of physical RAM or swap space
#   The process is running with CompressedOops enabled, and the Java Heap may be blocking the growth of the native heap
# Possible solutions:
#   Reduce memory load on the system
#   Increase physical memory or swap space
#   Check if swap backing store is full
#   Decrease Java heap size (-Xmx/-Xms)
#   Decrease number of Java threads
#   Decrease Java thread stack sizes (-Xss)
#   Set larger code cache with -XX:ReservedCodeCacheSize=
#   JVM is running with Unscaled Compressed Oops mode in which the Java heap is
#     placed in the first 4GB address space. The Java Heap base address is the
#     maximum limit for the native heap growth. Please use -XX:HeapBaseMinAddress
#     to set the Java Heap base and to place the Java Heap above 4GB virtual address.
# This output file may be truncated or incomplete.
#
#  Out of Memory Error (arena.cpp:189), pid=17364, tid=17372
#
# JRE version: Java(TM) SE Runtime Environment (17.0+35) (build 17+35-LTS-2724)
# Java VM: Java HotSpot(TM) 64-Bit Server VM (17+35-LTS-2724, mixed mode, sharing, tiered, compressed oops, compressed class ptrs, g1 gc, windows-amd64)
# No core dump will be written. Minidumps are not enabled by default on client versions of Windows
#

---------------  S U M M A R Y ------------

Command Line: -Xmx512m -Dclassworlds.conf=C:\apache-maven-3.9.9\bin\m2.conf -Dmaven.home=C:\apache-maven-3.9.9 -Dlibrary.jansi.path=C:\apache-maven-3.9.9\lib\jansi-native -Dmaven.multiModuleProjectDirectory=E:\auctions org.codehaus.plexus.classworlds.launcher.Launcher clean install

Host: AMD Ryzen 3 3250U with Radeon Graphics         , 4 cores, 3G,  Windows 10 , 64 bit Build 22621 (10.0.22621.5124)
Time: Sat May 24 17:46:58 2025 SE Asia Standard Time elapsed time: 13.814466 seconds (0d 0h 0m 13s)

---------------  T H R E A D  ---------------

Current thread (0x000001d2491187a0):  JavaThread "C2 CompilerThread0" daemon [_thread_in_native, id=17372, stack(0x000000a29c100000,0x000000a29c200000)]


Current CompileTask:
C2:  13814 5574       4       java.util.regex.Pattern::compile (500 bytes)

Stack: [0x000000a29c100000,0x000000a29c200000]
Native frames: (J=compiled Java code, j=interpreted, Vv=VM code, C=native code)
V  [jvm.dll+0x66f8ea]
V  [jvm.dll+0x7ce224]
V  [jvm.dll+0x7cf9ce]
V  [jvm.dll+0x7d0033]
V  [jvm.dll+0x242bb5]
V  [jvm.dll+0xaa05b]
V  [jvm.dll+0xaa5ec]
V  [jvm.dll+0x35f9f7]
V  [jvm.dll+0x329f61]
V  [jvm.dll+0x32940a]
V  [jvm.dll+0x215ca1]
V  [jvm.dll+0x2150c1]
V  [jvm.dll+0x1a168d]
V  [jvm.dll+0x2248f8]
V  [jvm.dll+0x222a5c]
V  [jvm.dll+0x78422b]
V  [jvm.dll+0x77e7ea]
V  [jvm.dll+0x66e715]
C  [ucrtbase.dll+0x29333]
C  [KERNEL32.DLL+0x1259d]
C  [ntdll.dll+0x5af38]


---------------  P R O C E S S  ---------------

Threads class SMR info:
_java_thread_list=0x000001d24a844460, length=13, elements={
0x000001d22f1c6820, 0x000001d2490f7b20, 0x000001d2490fa9a0, 0x000001d24910ef10,
0x000001d24910dbd0, 0x000001d24910d700, 0x000001d24910bef0, 0x000001d2491187a0,
0x000001d249114cf0, 0x000001d249130580, 0x000001d24910b550, 0x000001d24910c890,
0x000001d24910ea40
}

Java Threads: ( => current thread )
  0x000001d22f1c6820 JavaThread "main" [_thread_in_vm, id=17320, stack(0x000000a29b400000,0x000000a29b500000)]
  0x000001d2490f7b20 JavaThread "Reference Handler" daemon [_thread_blocked, id=17380, stack(0x000000a29bb00000,0x000000a29bc00000)]
  0x000001d2490fa9a0 JavaThread "Finalizer" daemon [_thread_blocked, id=17376, stack(0x000000a29bc00000,0x000000a29bd00000)]
  0x000001d24910ef10 JavaThread "Signal Dispatcher" daemon [_thread_blocked, id=17388, stack(0x000000a29bd00000,0x000000a29be00000)]
  0x000001d24910dbd0 JavaThread "Attach Listener" daemon [_thread_blocked, id=17392, stack(0x000000a29be00000,0x000000a29bf00000)]
  0x000001d24910d700 JavaThread "Service Thread" daemon [_thread_blocked, id=17396, stack(0x000000a29bf00000,0x000000a29c000000)]
  0x000001d24910bef0 JavaThread "Monitor Deflation Thread" daemon [_thread_blocked, id=2436, stack(0x000000a29c000000,0x000000a29c100000)]
=>0x000001d2491187a0 JavaThread "C2 CompilerThread0" daemon [_thread_in_native, id=17372, stack(0x000000a29c100000,0x000000a29c200000)]
  0x000001d249114cf0 JavaThread "C1 CompilerThread0" daemon [_thread_blocked, id=7028, stack(0x000000a29c200000,0x000000a29c300000)]
  0x000001d249130580 JavaThread "Sweeper thread" daemon [_thread_blocked, id=8152, stack(0x000000a29c300000,0x000000a29c400000)]
  0x000001d24910b550 JavaThread "Notification Thread" daemon [_thread_blocked, id=6940, stack(0x000000a29c400000,0x000000a29c500000)]
  0x000001d24910c890 JavaThread "Common-Cleaner" daemon [_thread_blocked, id=3088, stack(0x000000a29c600000,0x000000a29c700000)]
  0x000001d24910ea40 JavaThread "Thread-1" daemon [_thread_blocked, id=10448, stack(0x000000a29c700000,0x000000a29c800000)]

Other Threads:
  0x000001d22f28e900 VMThread "VM Thread" [stack: 0x000000a29ba00000,0x000000a29bb00000] [id=16360]
  0x000001d22f1f5250 WatcherThread [stack: 0x000000a29c500000,0x000000a29c600000] [id=6852]
  0x000001d22f1e9090 GCTaskThread "GC Thread#0" [stack: 0x000000a29b500000,0x000000a29b600000] [id=16752]
  0x000001d24a264970 GCTaskThread "GC Thread#1" [stack: 0x000000a29c800000,0x000000a29c900000] [id=12344]
  0x000001d24a4be9e0 GCTaskThread "GC Thread#2" [stack: 0x000000a29c900000,0x000000a29ca00000] [id=5604]
  0x000001d24a1e9950 GCTaskThread "GC Thread#3" [stack: 0x000000a29ca00000,0x000000a29cb00000] [id=14628]
  0x000001d22f1ee050 ConcurrentGCThread "G1 Main Marker" [stack: 0x000000a29b600000,0x000000a29b700000] [id=16160]
  0x000001d22f1eea60 ConcurrentGCThread "G1 Conc#0" [stack: 0x000000a29b700000,0x000000a29b800000] [id=6372]
  0x000001d22f22b590 ConcurrentGCThread "G1 Refine#0" [stack: 0x000000a29b800000,0x000000a29b900000] [id=17316]
  0x000001d24ae5c820 ConcurrentGCThread "G1 Refine#1" [stack: 0x000000a29cb00000,0x000000a29cc00000] [id=16348]
  0x000001d24ae5f900 ConcurrentGCThread "G1 Refine#2" [stack: 0x000000a29cc00000,0x000000a29cd00000] [id=12128]
  0x000001d22f22bfb0 ConcurrentGCThread "G1 Service" [stack: 0x000000a29b900000,0x000000a29ba00000] [id=16364]

Threads with active compile tasks:
C2 CompilerThread0    13863 5574       4       java.util.regex.Pattern::compile (500 bytes)

VM state: not at safepoint (normal execution)

VM Mutex/Monitor currently owned by a thread: None

Heap address: 0x00000000e0000000, size: 512 MB, Compressed Oops mode: 32-bit

CDS archive(s) mapped at: [0x0000000800000000-0x0000000800bc0000-0x0000000800bc0000), size 12320768, SharedBaseAddress: 0x0000000800000000, ArchiveRelocationMode: 0.
Compressed class space mapped at: 0x0000000800c00000-0x0000000840c00000, reserved size: 1073741824
Narrow klass base: 0x0000000800000000, Narrow klass shift: 0, Narrow klass range: 0x100000000

GC Precious Log:
 CPUs: 4 total, 4 available
 Memory: 3534M
 Large Page Support: Disabled
 NUMA Support: Disabled
 Compressed Oops: Enabled (32-bit)
 Heap Region Size: 1M
 Heap Min Capacity: 8M
 Heap Initial Capacity: 56M
 Heap Max Capacity: 512M
 Pre-touch: Disabled
 Parallel Workers: 4
 Concurrent Workers: 1
 Concurrent Refinement Workers: 4
 Periodic GC: Disabled

Heap:
 garbage-first heap   total 155648K, used 96010K [0x00000000e0000000, 0x0000000100000000)
  region size 1024K, 63 young (64512K), 2 survivors (2048K)
 Metaspace       used 26034K, committed 26304K, reserved 1073152K
  class space    used 3021K, committed 3136K, reserved 1048576K

Heap Regions: E=young(eden), S=young(survivor), O=old, HS=humongous(starts), HC=humongous(continues), CS=collection set, F=free, OA=open archive, CA=closed archive, TAMS=top-at-mark-start (previous, next)
|   0|0x00000000e0000000, 0x00000000e0100000, 0x00000000e0100000|100%| O|  |TAMS 0x00000000e0100000, 0x00000000e0000000| Untracked 
|   1|0x00000000e0100000, 0x00000000e0200000, 0x00000000e0200000|100%| O|  |TAMS 0x00000000e0200000, 0x00000000e0100000| Untracked 
|   2|0x00000000e0200000, 0x00000000e0300000, 0x00000000e0300000|100%| O|  |TAMS 0x00000000e0300000, 0x00000000e0200000| Untracked 
|   3|0x00000000e0300000, 0x00000000e0400000, 0x00000000e0400000|100%| O|  |TAMS 0x00000000e0400000, 0x00000000e0300000| Untracked 
|   4|0x00000000e0400000, 0x00000000e0500000, 0x00000000e0500000|100%| O|  |TAMS 0x00000000e0500000, 0x00000000e0400000| Untracked 
|   5|0x00000000e0500000, 0x00000000e0600000, 0x00000000e0600000|100%| O|  |TAMS 0x00000000e0600000, 0x00000000e0500000| Untracked 
|   6|0x00000000e0600000, 0x00000000e0700000, 0x00000000e0700000|100%| O|  |TAMS 0x00000000e0700000, 0x00000000e0600000| Untracked 
|   7|0x00000000e0700000, 0x00000000e0800000, 0x00000000e0800000|100%| O|  |TAMS 0x00000000e0800000, 0x00000000e0700000| Untracked 
|   8|0x00000000e0800000, 0x00000000e0900000, 0x00000000e0900000|100%| O|  |TAMS 0x00000000e0900000, 0x00000000e0800000| Untracked 
|   9|0x00000000e0900000, 0x00000000e0a00000, 0x00000000e0a00000|100%| O|  |TAMS 0x00000000e0a00000, 0x00000000e0900000| Untracked 
|  10|0x00000000e0a00000, 0x00000000e0b00000, 0x00000000e0b00000|100%| O|  |TAMS 0x00000000e0b00000, 0x00000000e0a00000| Untracked 
|  11|0x00000000e0b00000, 0x00000000e0c00000, 0x00000000e0c00000|100%| O|  |TAMS 0x00000000e0c00000, 0x00000000e0b00000| Untracked 
|  12|0x00000000e0c00000, 0x00000000e0d00000, 0x00000000e0d00000|100%|HS|  |TAMS 0x00000000e0d00000, 0x00000000e0c00000| Complete 
|  13|0x00000000e0d00000, 0x00000000e0e00000, 0x00000000e0e00000|100%| O|  |TAMS 0x00000000e0e00000, 0x00000000e0d00000| Untracked 
|  14|0x00000000e0e00000, 0x00000000e0f00000, 0x00000000e0f00000|100%| O|  |TAMS 0x00000000e0f00000, 0x00000000e0e00000| Untracked 
|  15|0x00000000e0f00000, 0x00000000e1000000, 0x00000000e1000000|100%| O|  |TAMS 0x00000000e1000000, 0x00000000e0f00000| Untracked 
|  16|0x00000000e1000000, 0x00000000e1100000, 0x00000000e1100000|100%| O|  |TAMS 0x00000000e1100000, 0x00000000e1000000| Untracked 
|  17|0x00000000e1100000, 0x00000000e1200000, 0x00000000e1200000|100%| O|  |TAMS 0x00000000e1100000, 0x00000000e1100000| Untracked 
|  18|0x00000000e1200000, 0x00000000e1300000, 0x00000000e1300000|100%| O|  |TAMS 0x00000000e1200000, 0x00000000e1200000| Untracked 
|  19|0x00000000e1300000, 0x00000000e1400000, 0x00000000e1400000|100%|HS|  |TAMS 0x00000000e1400000, 0x00000000e1300000| Complete 
|  20|0x00000000e1400000, 0x00000000e1500000, 0x00000000e1500000|100%|HC|  |TAMS 0x00000000e1500000, 0x00000000e1400000| Complete 
|  21|0x00000000e1500000, 0x00000000e1600000, 0x00000000e1600000|100%| O|  |TAMS 0x00000000e1600000, 0x00000000e1500000| Untracked 
|  22|0x00000000e1600000, 0x00000000e1700000, 0x00000000e1700000|100%| O|  |TAMS 0x00000000e1700000, 0x00000000e1600000| Untracked 
|  23|0x00000000e1700000, 0x00000000e1800000, 0x00000000e1800000|100%| O|  |TAMS 0x00000000e1800000, 0x00000000e1700000| Untracked 
|  24|0x00000000e1800000, 0x00000000e1900000, 0x00000000e1900000|100%| O|  |TAMS 0x00000000e1800000, 0x00000000e1800000| Untracked 
|  25|0x00000000e1900000, 0x00000000e1a00000, 0x00000000e1a00000|100%|HS|  |TAMS 0x00000000e1900000, 0x00000000e1900000| Complete 
|  26|0x00000000e1a00000, 0x00000000e1b00000, 0x00000000e1b00000|100%| O|  |TAMS 0x00000000e1b00000, 0x00000000e1a00000| Untracked 
|  27|0x00000000e1b00000, 0x00000000e1c00000, 0x00000000e1c00000|100%| O|  |TAMS 0x00000000e1b00000, 0x00000000e1b00000| Untracked 
|  28|0x00000000e1c00000, 0x00000000e1d00000, 0x00000000e1d00000|100%| O|  |TAMS 0x00000000e1c00000, 0x00000000e1c00000| Untracked 
|  29|0x00000000e1d00000, 0x00000000e1e00000, 0x00000000e1e00000|100%| O|  |TAMS 0x00000000e1e00000, 0x00000000e1d00000| Untracked 
|  30|0x00000000e1e00000, 0x00000000e1f00000, 0x00000000e1f00000|100%| O|  |TAMS 0x00000000e1f00000, 0x00000000e1e00000| Untracked 
|  31|0x00000000e1f00000, 0x00000000e2000000, 0x00000000e2000000|100%| O|  |TAMS 0x00000000e2000000, 0x00000000e1f00000| Untracked 
|  32|0x00000000e2000000, 0x00000000e2100000, 0x00000000e2100000|100%| O|  |TAMS 0x00000000e2054400, 0x00000000e2000000| Untracked 
|  33|0x00000000e2100000, 0x00000000e214be00, 0x00000000e2200000| 29%| O|  |TAMS 0x00000000e2100000, 0x00000000e2100000| Untracked 
|  34|0x00000000e2200000, 0x00000000e2200000, 0x00000000e2300000|  0%| F|  |TAMS 0x00000000e2200000, 0x00000000e2200000| Untracked 
|  35|0x00000000e2300000, 0x00000000e2300000, 0x00000000e2400000|  0%| F|  |TAMS 0x00000000e2300000, 0x00000000e2300000| Untracked 
|  36|0x00000000e2400000, 0x00000000e2400000, 0x00000000e2500000|  0%| F|  |TAMS 0x00000000e2400000, 0x00000000e2400000| Untracked 
|  37|0x00000000e2500000, 0x00000000e2500000, 0x00000000e2600000|  0%| F|  |TAMS 0x00000000e2500000, 0x00000000e2500000| Untracked 
|  38|0x00000000e2600000, 0x00000000e2600000, 0x00000000e2700000|  0%| F|  |TAMS 0x00000000e2600000, 0x00000000e2600000| Untracked 
|  39|0x00000000e2700000, 0x00000000e2700000, 0x00000000e2800000|  0%| F|  |TAMS 0x00000000e2700000, 0x00000000e2700000| Untracked 
|  40|0x00000000e2800000, 0x00000000e2800000, 0x00000000e2900000|  0%| F|  |TAMS 0x00000000e2800000, 0x00000000e2800000| Untracked 
|  41|0x00000000e2900000, 0x00000000e2900000, 0x00000000e2a00000|  0%| F|  |TAMS 0x00000000e2900000, 0x00000000e2900000| Untracked 
|  42|0x00000000e2a00000, 0x00000000e2a00000, 0x00000000e2b00000|  0%| F|  |TAMS 0x00000000e2a00000, 0x00000000e2a00000| Untracked 
|  43|0x00000000e2b00000, 0x00000000e2b00000, 0x00000000e2c00000|  0%| F|  |TAMS 0x00000000e2b00000, 0x00000000e2b00000| Untracked 
|  44|0x00000000e2c00000, 0x00000000e2c00000, 0x00000000e2d00000|  0%| F|  |TAMS 0x00000000e2c00000, 0x00000000e2c00000| Untracked 
|  45|0x00000000e2d00000, 0x00000000e2d00000, 0x00000000e2e00000|  0%| F|  |TAMS 0x00000000e2d00000, 0x00000000e2d00000| Untracked 
|  46|0x00000000e2e00000, 0x00000000e2e00000, 0x00000000e2f00000|  0%| F|  |TAMS 0x00000000e2e00000, 0x00000000e2e00000| Untracked 
|  47|0x00000000e2f00000, 0x00000000e2f00000, 0x00000000e3000000|  0%| F|  |TAMS 0x00000000e2f00000, 0x00000000e2f00000| Untracked 
|  48|0x00000000e3000000, 0x00000000e3000000, 0x00000000e3100000|  0%| F|  |TAMS 0x00000000e3000000, 0x00000000e3000000| Untracked 
|  49|0x00000000e3100000, 0x00000000e3100000, 0x00000000e3200000|  0%| F|  |TAMS 0x00000000e3100000, 0x00000000e3100000| Untracked 
|  50|0x00000000e3200000, 0x00000000e3200000, 0x00000000e3300000|  0%| F|  |TAMS 0x00000000e3200000, 0x00000000e3200000| Untracked 
|  51|0x00000000e3300000, 0x00000000e3300000, 0x00000000e3400000|  0%| F|  |TAMS 0x00000000e3300000, 0x00000000e3300000| Untracked 
|  52|0x00000000e3400000, 0x00000000e3400000, 0x00000000e3500000|  0%| F|  |TAMS 0x00000000e3400000, 0x00000000e3400000| Untracked 
|  53|0x00000000e3500000, 0x00000000e3500000, 0x00000000e3600000|  0%| F|  |TAMS 0x00000000e3500000, 0x00000000e3500000| Untracked 
|  54|0x00000000e3600000, 0x00000000e3600000, 0x00000000e3700000|  0%| F|  |TAMS 0x00000000e3600000, 0x00000000e3600000| Untracked 
|  55|0x00000000e3700000, 0x00000000e3700000, 0x00000000e3800000|  0%| F|  |TAMS 0x00000000e3700000, 0x00000000e3700000| Untracked 
|  56|0x00000000e3800000, 0x00000000e3800000, 0x00000000e3900000|  0%| F|  |TAMS 0x00000000e3800000, 0x00000000e3800000| Untracked 
|  57|0x00000000e3900000, 0x00000000e3900000, 0x00000000e3a00000|  0%| F|  |TAMS 0x00000000e3900000, 0x00000000e3900000| Untracked 
|  58|0x00000000e3a00000, 0x00000000e3a00000, 0x00000000e3b00000|  0%| F|  |TAMS 0x00000000e3a00000, 0x00000000e3a00000| Untracked 
|  59|0x00000000e3b00000, 0x00000000e3b00000, 0x00000000e3c00000|  0%| F|  |TAMS 0x00000000e3b00000, 0x00000000e3b00000| Untracked 
|  60|0x00000000e3c00000, 0x00000000e3c00000, 0x00000000e3d00000|  0%| F|  |TAMS 0x00000000e3c00000, 0x00000000e3c00000| Untracked 
|  61|0x00000000e3d00000, 0x00000000e3d00000, 0x00000000e3e00000|  0%| F|  |TAMS 0x00000000e3d00000, 0x00000000e3d00000| Untracked 
|  62|0x00000000e3e00000, 0x00000000e3e00000, 0x00000000e3f00000|  0%| F|  |TAMS 0x00000000e3e00000, 0x00000000e3e00000| Untracked 
|  63|0x00000000e3f00000, 0x00000000e3f00000, 0x00000000e4000000|  0%| F|  |TAMS 0x00000000e3f00000, 0x00000000e3f00000| Untracked 
|  64|0x00000000e4000000, 0x00000000e4000000, 0x00000000e4100000|  0%| F|  |TAMS 0x00000000e4000000, 0x00000000e4000000| Untracked 
|  65|0x00000000e4100000, 0x00000000e4100000, 0x00000000e4200000|  0%| F|  |TAMS 0x00000000e4100000, 0x00000000e4100000| Untracked 
|  66|0x00000000e4200000, 0x00000000e4200000, 0x00000000e4300000|  0%| F|  |TAMS 0x00000000e4200000, 0x00000000e4200000| Untracked 
|  67|0x00000000e4300000, 0x00000000e4300000, 0x00000000e4400000|  0%| F|  |TAMS 0x00000000e4300000, 0x00000000e4300000| Untracked 
|  68|0x00000000e4400000, 0x00000000e4400000, 0x00000000e4500000|  0%| F|  |TAMS 0x00000000e4400000, 0x00000000e4400000| Untracked 
|  69|0x00000000e4500000, 0x00000000e4500000, 0x00000000e4600000|  0%| F|  |TAMS 0x00000000e4500000, 0x00000000e4500000| Untracked 
|  70|0x00000000e4600000, 0x00000000e4600000, 0x00000000e4700000|  0%| F|  |TAMS 0x00000000e4600000, 0x00000000e4600000| Untracked 
|  71|0x00000000e4700000, 0x00000000e4700000, 0x00000000e4800000|  0%| F|  |TAMS 0x00000000e4700000, 0x00000000e4700000| Untracked 
|  72|0x00000000e4800000, 0x00000000e4800000, 0x00000000e4900000|  0%| F|  |TAMS 0x00000000e4800000, 0x00000000e4800000| Untracked 
|  73|0x00000000e4900000, 0x00000000e4900000, 0x00000000e4a00000|  0%| F|  |TAMS 0x00000000e4900000, 0x00000000e4900000| Untracked 
|  74|0x00000000e4a00000, 0x00000000e4a00000, 0x00000000e4b00000|  0%| F|  |TAMS 0x00000000e4a00000, 0x00000000e4a00000| Untracked 
|  75|0x00000000e4b00000, 0x00000000e4b00000, 0x00000000e4c00000|  0%| F|  |TAMS 0x00000000e4b00000, 0x00000000e4b00000| Untracked 
|  76|0x00000000e4c00000, 0x00000000e4c00000, 0x00000000e4d00000|  0%| F|  |TAMS 0x00000000e4c00000, 0x00000000e4c00000| Untracked 
|  77|0x00000000e4d00000, 0x00000000e4d00000, 0x00000000e4e00000|  0%| F|  |TAMS 0x00000000e4d00000, 0x00000000e4d00000| Untracked 
|  78|0x00000000e4e00000, 0x00000000e4e00000, 0x00000000e4f00000|  0%| F|  |TAMS 0x00000000e4e00000, 0x00000000e4e00000| Untracked 
|  79|0x00000000e4f00000, 0x00000000e4f00000, 0x00000000e5000000|  0%| F|  |TAMS 0x00000000e4f00000, 0x00000000e4f00000| Untracked 
|  80|0x00000000e5000000, 0x00000000e5000000, 0x00000000e5100000|  0%| F|  |TAMS 0x00000000e5000000, 0x00000000e5000000| Untracked 
|  81|0x00000000e5100000, 0x00000000e5100000, 0x00000000e5200000|  0%| F|  |TAMS 0x00000000e5100000, 0x00000000e5100000| Untracked 
|  82|0x00000000e5200000, 0x00000000e5200000, 0x00000000e5300000|  0%| F|  |TAMS 0x00000000e5200000, 0x00000000e5200000| Untracked 
|  83|0x00000000e5300000, 0x00000000e5300000, 0x00000000e5400000|  0%| F|  |TAMS 0x00000000e5300000, 0x00000000e5300000| Untracked 
|  84|0x00000000e5400000, 0x00000000e5400000, 0x00000000e5500000|  0%| F|  |TAMS 0x00000000e5400000, 0x00000000e5400000| Untracked 
|  85|0x00000000e5500000, 0x00000000e5500000, 0x00000000e5600000|  0%| F|  |TAMS 0x00000000e5500000, 0x00000000e5500000| Untracked 
|  86|0x00000000e5600000, 0x00000000e5600000, 0x00000000e5700000|  0%| F|  |TAMS 0x00000000e5600000, 0x00000000e5600000| Untracked 
|  87|0x00000000e5700000, 0x00000000e5700000, 0x00000000e5800000|  0%| F|  |TAMS 0x00000000e5700000, 0x00000000e5700000| Untracked 
|  88|0x00000000e5800000, 0x00000000e5800000, 0x00000000e5900000|  0%| F|  |TAMS 0x00000000e5800000, 0x00000000e5800000| Untracked 
|  89|0x00000000e5900000, 0x00000000e5a00000, 0x00000000e5a00000|100%| E|  |TAMS 0x00000000e5900000, 0x00000000e5900000| Complete 
|  90|0x00000000e5a00000, 0x00000000e5a76c00, 0x00000000e5b00000| 46%| S|CS|TAMS 0x00000000e5a00000, 0x00000000e5a00000| Complete 
|  91|0x00000000e5b00000, 0x00000000e5c00000, 0x00000000e5c00000|100%| S|CS|TAMS 0x00000000e5b00000, 0x00000000e5b00000| Complete 
|  92|0x00000000e5c00000, 0x00000000e5d00000, 0x00000000e5d00000|100%| E|CS|TAMS 0x00000000e5c00000, 0x00000000e5c00000| Complete 
|  93|0x00000000e5d00000, 0x00000000e5e00000, 0x00000000e5e00000|100%| E|CS|TAMS 0x00000000e5d00000, 0x00000000e5d00000| Complete 
|  94|0x00000000e5e00000, 0x00000000e5f00000, 0x00000000e5f00000|100%| E|CS|TAMS 0x00000000e5e00000, 0x00000000e5e00000| Complete 
|  95|0x00000000e5f00000, 0x00000000e6000000, 0x00000000e6000000|100%| E|CS|TAMS 0x00000000e5f00000, 0x00000000e5f00000| Complete 
|  96|0x00000000e6000000, 0x00000000e6100000, 0x00000000e6100000|100%| E|CS|TAMS 0x00000000e6000000, 0x00000000e6000000| Complete 
|  97|0x00000000e6100000, 0x00000000e6200000, 0x00000000e6200000|100%| E|CS|TAMS 0x00000000e6100000, 0x00000000e6100000| Complete 
|  98|0x00000000e6200000, 0x00000000e6300000, 0x00000000e6300000|100%| E|CS|TAMS 0x00000000e6200000, 0x00000000e6200000| Complete 
|  99|0x00000000e6300000, 0x00000000e6400000, 0x00000000e6400000|100%| E|CS|TAMS 0x00000000e6300000, 0x00000000e6300000| Complete 
| 100|0x00000000e6400000, 0x00000000e6500000, 0x00000000e6500000|100%| E|CS|TAMS 0x00000000e6400000, 0x00000000e6400000| Complete 
| 101|0x00000000e6500000, 0x00000000e6600000, 0x00000000e6600000|100%| E|CS|TAMS 0x00000000e6500000, 0x00000000e6500000| Complete 
| 102|0x00000000e6600000, 0x00000000e6700000, 0x00000000e6700000|100%| E|CS|TAMS 0x00000000e6600000, 0x00000000e6600000| Complete 
| 103|0x00000000e6700000, 0x00000000e6800000, 0x00000000e6800000|100%| E|CS|TAMS 0x00000000e6700000, 0x00000000e6700000| Complete 
| 104|0x00000000e6800000, 0x00000000e6900000, 0x00000000e6900000|100%| E|CS|TAMS 0x00000000e6800000, 0x00000000e6800000| Complete 
| 105|0x00000000e6900000, 0x00000000e6a00000, 0x00000000e6a00000|100%| E|CS|TAMS 0x00000000e6900000, 0x00000000e6900000| Complete 
| 106|0x00000000e6a00000, 0x00000000e6b00000, 0x00000000e6b00000|100%| E|CS|TAMS 0x00000000e6a00000, 0x00000000e6a00000| Complete 
| 107|0x00000000e6b00000, 0x00000000e6c00000, 0x00000000e6c00000|100%| E|CS|TAMS 0x00000000e6b00000, 0x00000000e6b00000| Complete 
| 108|0x00000000e6c00000, 0x00000000e6d00000, 0x00000000e6d00000|100%| E|  |TAMS 0x00000000e6c00000, 0x00000000e6c00000| Complete 
| 109|0x00000000e6d00000, 0x00000000e6e00000, 0x00000000e6e00000|100%| E|CS|TAMS 0x00000000e6d00000, 0x00000000e6d00000| Complete 
| 110|0x00000000e6e00000, 0x00000000e6f00000, 0x00000000e6f00000|100%| E|CS|TAMS 0x00000000e6e00000, 0x00000000e6e00000| Complete 
| 111|0x00000000e6f00000, 0x00000000e7000000, 0x00000000e7000000|100%| E|CS|TAMS 0x00000000e6f00000, 0x00000000e6f00000| Complete 
| 112|0x00000000e7000000, 0x00000000e7100000, 0x00000000e7100000|100%| E|CS|TAMS 0x00000000e7000000, 0x00000000e7000000| Complete 
| 113|0x00000000e7100000, 0x00000000e7200000, 0x00000000e7200000|100%| E|CS|TAMS 0x00000000e7100000, 0x00000000e7100000| Complete 
| 114|0x00000000e7200000, 0x00000000e7300000, 0x00000000e7300000|100%| E|CS|TAMS 0x00000000e7200000, 0x00000000e7200000| Complete 
| 115|0x00000000e7300000, 0x00000000e7400000, 0x00000000e7400000|100%| E|CS|TAMS 0x00000000e7300000, 0x00000000e7300000| Complete 
| 116|0x00000000e7400000, 0x00000000e7500000, 0x00000000e7500000|100%| E|CS|TAMS 0x00000000e7400000, 0x00000000e7400000| Complete 
| 117|0x00000000e7500000, 0x00000000e7600000, 0x00000000e7600000|100%| E|CS|TAMS 0x00000000e7500000, 0x00000000e7500000| Complete 
| 118|0x00000000e7600000, 0x00000000e7700000, 0x00000000e7700000|100%| E|CS|TAMS 0x00000000e7600000, 0x00000000e7600000| Complete 
| 119|0x00000000e7700000, 0x00000000e7800000, 0x00000000e7800000|100%| E|CS|TAMS 0x00000000e7700000, 0x00000000e7700000| Complete 
| 120|0x00000000e7800000, 0x00000000e7900000, 0x00000000e7900000|100%| E|CS|TAMS 0x00000000e7800000, 0x00000000e7800000| Complete 
| 121|0x00000000e7900000, 0x00000000e7a00000, 0x00000000e7a00000|100%| E|CS|TAMS 0x00000000e7900000, 0x00000000e7900000| Complete 
| 122|0x00000000e7a00000, 0x00000000e7b00000, 0x00000000e7b00000|100%| E|CS|TAMS 0x00000000e7a00000, 0x00000000e7a00000| Complete 
| 123|0x00000000e7b00000, 0x00000000e7c00000, 0x00000000e7c00000|100%| E|CS|TAMS 0x00000000e7b00000, 0x00000000e7b00000| Complete 
| 124|0x00000000e7c00000, 0x00000000e7d00000, 0x00000000e7d00000|100%| E|CS|TAMS 0x00000000e7c00000, 0x00000000e7c00000| Complete 
| 125|0x00000000e7d00000, 0x00000000e7e00000, 0x00000000e7e00000|100%| E|CS|TAMS 0x00000000e7d00000, 0x00000000e7d00000| Complete 
| 126|0x00000000e7e00000, 0x00000000e7f00000, 0x00000000e7f00000|100%| E|CS|TAMS 0x00000000e7e00000, 0x00000000e7e00000| Complete 
| 127|0x00000000e7f00000, 0x00000000e8000000, 0x00000000e8000000|100%| E|CS|TAMS 0x00000000e7f00000, 0x00000000e7f00000| Complete 
| 128|0x00000000e8000000, 0x00000000e8100000, 0x00000000e8100000|100%| E|CS|TAMS 0x00000000e8000000, 0x00000000e8000000| Complete 
| 129|0x00000000e8100000, 0x00000000e8200000, 0x00000000e8200000|100%| E|CS|TAMS 0x00000000e8100000, 0x00000000e8100000| Complete 
| 130|0x00000000e8200000, 0x00000000e8300000, 0x00000000e8300000|100%| E|CS|TAMS 0x00000000e8200000, 0x00000000e8200000| Complete 
| 131|0x00000000e8300000, 0x00000000e8400000, 0x00000000e8400000|100%| E|CS|TAMS 0x00000000e8300000, 0x00000000e8300000| Complete 
| 132|0x00000000e8400000, 0x00000000e8500000, 0x00000000e8500000|100%| E|CS|TAMS 0x00000000e8400000, 0x00000000e8400000| Complete 
| 133|0x00000000e8500000, 0x00000000e8600000, 0x00000000e8600000|100%| E|CS|TAMS 0x00000000e8500000, 0x00000000e8500000| Complete 
| 134|0x00000000e8600000, 0x00000000e8700000, 0x00000000e8700000|100%| E|CS|TAMS 0x00000000e8600000, 0x00000000e8600000| Complete 
| 135|0x00000000e8700000, 0x00000000e8800000, 0x00000000e8800000|100%| E|CS|TAMS 0x00000000e8700000, 0x00000000e8700000| Complete 
| 136|0x00000000e8800000, 0x00000000e8900000, 0x00000000e8900000|100%| E|CS|TAMS 0x00000000e8800000, 0x00000000e8800000| Complete 
| 137|0x00000000e8900000, 0x00000000e8a00000, 0x00000000e8a00000|100%| E|CS|TAMS 0x00000000e8900000, 0x00000000e8900000| Complete 
| 138|0x00000000e8a00000, 0x00000000e8b00000, 0x00000000e8b00000|100%| E|CS|TAMS 0x00000000e8a00000, 0x00000000e8a00000| Complete 
| 139|0x00000000e8b00000, 0x00000000e8c00000, 0x00000000e8c00000|100%| E|CS|TAMS 0x00000000e8b00000, 0x00000000e8b00000| Complete 
| 140|0x00000000e8c00000, 0x00000000e8d00000, 0x00000000e8d00000|100%| E|CS|TAMS 0x00000000e8c00000, 0x00000000e8c00000| Complete 
| 141|0x00000000e8d00000, 0x00000000e8e00000, 0x00000000e8e00000|100%| E|CS|TAMS 0x00000000e8d00000, 0x00000000e8d00000| Complete 
| 142|0x00000000e8e00000, 0x00000000e8f00000, 0x00000000e8f00000|100%| E|CS|TAMS 0x00000000e8e00000, 0x00000000e8e00000| Complete 
| 143|0x00000000e8f00000, 0x00000000e9000000, 0x00000000e9000000|100%| E|CS|TAMS 0x00000000e8f00000, 0x00000000e8f00000| Complete 
| 144|0x00000000e9000000, 0x00000000e9100000, 0x00000000e9100000|100%| E|CS|TAMS 0x00000000e9000000, 0x00000000e9000000| Complete 
| 145|0x00000000e9100000, 0x00000000e9200000, 0x00000000e9200000|100%| E|CS|TAMS 0x00000000e9100000, 0x00000000e9100000| Complete 
| 146|0x00000000e9200000, 0x00000000e9300000, 0x00000000e9300000|100%| E|CS|TAMS 0x00000000e9200000, 0x00000000e9200000| Complete 
| 147|0x00000000e9300000, 0x00000000e9400000, 0x00000000e9400000|100%| E|CS|TAMS 0x00000000e9300000, 0x00000000e9300000| Complete 
| 148|0x00000000e9400000, 0x00000000e9500000, 0x00000000e9500000|100%| E|CS|TAMS 0x00000000e9400000, 0x00000000e9400000| Complete 
| 149|0x00000000e9500000, 0x00000000e9600000, 0x00000000e9600000|100%| E|CS|TAMS 0x00000000e9500000, 0x00000000e9500000| Complete 
| 150|0x00000000e9600000, 0x00000000e9700000, 0x00000000e9700000|100%| E|CS|TAMS 0x00000000e9600000, 0x00000000e9600000| Complete 
| 151|0x00000000e9700000, 0x00000000e9800000, 0x00000000e9800000|100%| E|CS|TAMS 0x00000000e9700000, 0x00000000e9700000| Complete 

Card table byte_map: [0x000001d2459c0000,0x000001d245ac0000] _byte_map_base: 0x000001d2452c0000

Marking Bits (Prev, Next): (CMBitMap*) 0x000001d22f1e96e0, (CMBitMap*) 0x000001d22f1e96a0
 Prev Bits: [0x000001d2463c0000, 0x000001d246bc0000)
 Next Bits: [0x000001d245bc0000, 0x000001d2463c0000)

Polling page: 0x000001d22d1b0000

Metaspace:

Usage:
  Non-class:     22.47 MB used.
      Class:      2.95 MB used.
       Both:     25.42 MB used.

Virtual space:
  Non-class space:       24.00 MB reserved,      22.62 MB ( 94%) committed,  3 nodes.
      Class space:        1.00 GB reserved,       3.06 MB ( <1%) committed,  1 nodes.
             Both:        1.02 GB reserved,      25.69 MB (  2%) committed. 

Chunk freelists:
   Non-Class:  1.39 MB
       Class:  903.00 KB
        Both:  2.27 MB

MaxMetaspaceSize: unlimited
CompressedClassSpaceSize: 1.00 GB
Initial GC threshold: 21.00 MB
Current GC threshold: 42.12 MB
CDS: on
MetaspaceReclaimPolicy: balanced
 - commit_granule_bytes: 65536.
 - commit_granule_words: 8192.
 - virtual_space_node_default_size: 1048576.
 - enlarge_chunks_in_place: 1.
 - new_chunks_are_fully_committed: 0.
 - uncommit_free_chunks: 1.
 - use_allocation_guard: 0.
 - handle_deallocations: 1.


Internal statistics:

num_allocs_failed_limit: 6.
num_arena_births: 178.
num_arena_deaths: 0.
num_vsnodes_births: 4.
num_vsnodes_deaths: 0.
num_space_committed: 411.
num_space_uncommitted: 0.
num_chunks_returned_to_freelist: 6.
num_chunks_taken_from_freelist: 1116.
num_chunk_merges: 6.
num_chunk_splits: 771.
num_chunks_enlarged: 611.
num_purges: 0.
num_inconsistent_stats: 0.

CodeHeap 'non-profiled nmethods': size=120000Kb used=2727Kb max_used=2727Kb free=117272Kb
 bounds [0x000001d23e490000, 0x000001d23e740000, 0x000001d2459c0000]
CodeHeap 'profiled nmethods': size=120000Kb used=12470Kb max_used=12470Kb free=107529Kb
 bounds [0x000001d236f60000, 0x000001d237b90000, 0x000001d23e490000]
CodeHeap 'non-nmethods': size=5760Kb used=1204Kb max_used=1234Kb free=4555Kb
 bounds [0x000001d2369c0000, 0x000001d236c30000, 0x000001d236f60000]
 total_blobs=6136 nmethods=5632 adapters=416
 compilation: enabled
              stopped_count=0, restarted_count=0
 full_count=0

Compilation events (20 events):
Event: 13.751 Thread 0x000001d249114cf0 nmethod 5613 0x000001d237b69a90 code [0x000001d237b69c40, 0x000001d237b69e68]
Event: 13.751 Thread 0x000001d249114cf0 5614       3       com.sun.tools.javac.code.Scope$ScopeListenerList::walkReferences (101 bytes)
Event: 13.752 Thread 0x000001d249114cf0 nmethod 5614 0x000001d237b69f90 code [0x000001d237b6a260, 0x000001d237b6b528]
Event: 13.752 Thread 0x000001d249114cf0 5617       3       java.util.ImmutableCollections$AbstractImmutableList::iterator (13 bytes)
Event: 13.753 Thread 0x000001d249114cf0 nmethod 5617 0x000001d237b6bb10 code [0x000001d237b6bcc0, 0x000001d237b6c028]
Event: 13.753 Thread 0x000001d249114cf0 5618       3       java.util.ImmutableCollections$ListItr::<init> (25 bytes)
Event: 13.753 Thread 0x000001d249114cf0 nmethod 5618 0x000001d237b6c190 code [0x000001d237b6c320, 0x000001d237b6c4f8]
Event: 13.753 Thread 0x000001d249114cf0 5616       3       com.sun.tools.javac.file.Locations$ClassPathLocationHandler::getPaths (9 bytes)
Event: 13.753 Thread 0x000001d249114cf0 nmethod 5616 0x000001d237b6c590 code [0x000001d237b6c740, 0x000001d237b6c9c8]
Event: 13.753 Thread 0x000001d249114cf0 5615       3       com.sun.tools.javac.code.Scope$ScopeImpl::findFirst (10 bytes)
Event: 13.754 Thread 0x000001d249114cf0 nmethod 5615 0x000001d237b6ca90 code [0x000001d237b6cc40, 0x000001d237b6ce08]
Event: 13.754 Thread 0x000001d249114cf0 5619       3       com.sun.tools.javac.code.Symtab::enterClass (124 bytes)
Event: 13.755 Thread 0x000001d249114cf0 nmethod 5619 0x000001d237b6cf10 code [0x000001d237b6d1a0, 0x000001d237b6de88]
Event: 13.763 Thread 0x000001d249114cf0 5622       3       com.sun.tools.javac.util.Convert::packagePart (12 bytes)
Event: 13.763 Thread 0x000001d249114cf0 nmethod 5622 0x000001d237b6e290 code [0x000001d237b6e440, 0x000001d237b6e6b8]
Event: 13.766 Thread 0x000001d249114cf0 5623       3       java.util.Spliterator::getExactSizeIfKnown (25 bytes)
Event: 13.766 Thread 0x000001d249114cf0 nmethod 5623 0x000001d237b6e810 code [0x000001d237b6e9c0, 0x000001d237b6ecb8]
Event: 13.771 Thread 0x000001d249114cf0 5624       3       java.lang.Throwable::<init> (29 bytes)
Event: 13.771 Thread 0x000001d249114cf0 nmethod 5624 0x000001d237b6ed90 code [0x000001d237b6ef40, 0x000001d237b6f2a8]
Event: 13.799 Thread 0x000001d249114cf0 5625       3       com.sun.tools.javac.code.Type::hasTag (14 bytes)

GC Heap History (20 events):
Event: 9.705 GC heap before
{Heap before GC invocations=7 (full 0):
 garbage-first heap   total 57344K, used 42792K [0x00000000e0000000, 0x0000000100000000)
  region size 1024K, 31 young (31744K), 3 survivors (3072K)
 Metaspace       used 17622K, committed 17856K, reserved 1064960K
  class space    used 2033K, committed 2176K, reserved 1048576K
}
Event: 9.715 GC heap after
{Heap after GC invocations=8 (full 0):
 garbage-first heap   total 57344K, used 15741K [0x00000000e0000000, 0x0000000100000000)
  region size 1024K, 4 young (4096K), 4 survivors (4096K)
 Metaspace       used 17622K, committed 17856K, reserved 1064960K
  class space    used 2033K, committed 2176K, reserved 1048576K
}
Event: 10.308 GC heap before
{Heap before GC invocations=8 (full 0):
 garbage-first heap   total 57344K, used 43389K [0x00000000e0000000, 0x0000000100000000)
  region size 1024K, 31 young (31744K), 4 survivors (4096K)
 Metaspace       used 19544K, committed 19776K, reserved 1073152K
  class space    used 2266K, committed 2368K, reserved 1048576K
}
Event: 10.318 GC heap after
{Heap after GC invocations=9 (full 0):
 garbage-first heap   total 57344K, used 17340K [0x00000000e0000000, 0x0000000100000000)
  region size 1024K, 3 young (3072K), 3 survivors (3072K)
 Metaspace       used 19544K, committed 19776K, reserved 1073152K
  class space    used 2266K, committed 2368K, reserved 1048576K
}
Event: 10.326 GC heap before
{Heap before GC invocations=9 (full 0):
 garbage-first heap   total 57344K, used 42940K [0x00000000e0000000, 0x0000000100000000)
  region size 1024K, 29 young (29696K), 3 survivors (3072K)
 Metaspace       used 19544K, committed 19776K, reserved 1073152K
  class space    used 2266K, committed 2368K, reserved 1048576K
}
Event: 10.333 GC heap after
{Heap after GC invocations=10 (full 0):
 garbage-first heap   total 57344K, used 17641K [0x00000000e0000000, 0x0000000100000000)
  region size 1024K, 1 young (1024K), 1 survivors (1024K)
 Metaspace       used 19544K, committed 19776K, reserved 1073152K
  class space    used 2266K, committed 2368K, reserved 1048576K
}
Event: 10.343 GC heap before
{Heap before GC invocations=10 (full 0):
 garbage-first heap   total 57344K, used 44265K [0x00000000e0000000, 0x0000000100000000)
  region size 1024K, 28 young (28672K), 1 survivors (1024K)
 Metaspace       used 19544K, committed 19776K, reserved 1073152K
  class space    used 2266K, committed 2368K, reserved 1048576K
}
Event: 10.346 GC heap after
{Heap after GC invocations=11 (full 0):
 garbage-first heap   total 57344K, used 17516K [0x00000000e0000000, 0x0000000100000000)
  region size 1024K, 1 young (1024K), 1 survivors (1024K)
 Metaspace       used 19544K, committed 19776K, reserved 1073152K
  class space    used 2266K, committed 2368K, reserved 1048576K
}
Event: 10.355 GC heap before
{Heap before GC invocations=11 (full 0):
 garbage-first heap   total 57344K, used 45164K [0x00000000e0000000, 0x0000000100000000)
  region size 1024K, 29 young (29696K), 1 survivors (1024K)
 Metaspace       used 19544K, committed 19776K, reserved 1073152K
  class space    used 2266K, committed 2368K, reserved 1048576K
}
Event: 10.358 GC heap after
{Heap after GC invocations=12 (full 0):
 garbage-first heap   total 57344K, used 17531K [0x00000000e0000000, 0x0000000100000000)
  region size 1024K, 1 young (1024K), 1 survivors (1024K)
 Metaspace       used 19544K, committed 19776K, reserved 1073152K
  class space    used 2266K, committed 2368K, reserved 1048576K
}
Event: 11.388 GC heap before
{Heap before GC invocations=12 (full 0):
 garbage-first heap   total 57344K, used 47227K [0x00000000e0000000, 0x0000000100000000)
  region size 1024K, 28 young (28672K), 1 survivors (1024K)
 Metaspace       used 21201K, committed 21504K, reserved 1073152K
  class space    used 2502K, committed 2688K, reserved 1048576K
}
Event: 11.397 GC heap after
{Heap after GC invocations=13 (full 0):
 garbage-first heap   total 57344K, used 23671K [0x00000000e0000000, 0x0000000100000000)
  region size 1024K, 4 young (4096K), 4 survivors (4096K)
 Metaspace       used 21201K, committed 21504K, reserved 1073152K
  class space    used 2502K, committed 2688K, reserved 1048576K
}
Event: 12.237 GC heap before
{Heap before GC invocations=14 (full 0):
 garbage-first heap   total 57344K, used 44151K [0x00000000e0000000, 0x0000000100000000)
  region size 1024K, 24 young (24576K), 4 survivors (4096K)
 Metaspace       used 25573K, committed 25856K, reserved 1073152K
  class space    used 2971K, committed 3136K, reserved 1048576K
}
Event: 12.254 GC heap after
{Heap after GC invocations=15 (full 0):
 garbage-first heap   total 57344K, used 30033K [0x00000000e0000000, 0x0000000100000000)
  region size 1024K, 3 young (3072K), 3 survivors (3072K)
 Metaspace       used 25573K, committed 25856K, reserved 1073152K
  class space    used 2971K, committed 3136K, reserved 1048576K
}
Event: 12.416 GC heap before
{Heap before GC invocations=16 (full 0):
 garbage-first heap   total 58368K, used 37201K [0x00000000e0000000, 0x0000000100000000)
  region size 1024K, 11 young (11264K), 3 survivors (3072K)
 Metaspace       used 25579K, committed 25856K, reserved 1073152K
  class space    used 2971K, committed 3136K, reserved 1048576K
}
Event: 12.423 GC heap after
{Heap after GC invocations=17 (full 0):
 garbage-first heap   total 58368K, used 32607K [0x00000000e0000000, 0x0000000100000000)
  region size 1024K, 2 young (2048K), 2 survivors (2048K)
 Metaspace       used 25579K, committed 25856K, reserved 1073152K
  class space    used 2971K, committed 3136K, reserved 1048576K
}
Event: 12.439 GC heap before
{Heap before GC invocations=17 (full 0):
 garbage-first heap   total 58368K, used 43871K [0x00000000e0000000, 0x0000000100000000)
  region size 1024K, 13 young (13312K), 2 survivors (2048K)
 Metaspace       used 25579K, committed 25856K, reserved 1073152K
  class space    used 2971K, committed 3136K, reserved 1048576K
}
Event: 12.445 GC heap after
{Heap after GC invocations=18 (full 0):
 garbage-first heap   total 155648K, used 35511K [0x00000000e0000000, 0x0000000100000000)
  region size 1024K, 2 young (2048K), 2 survivors (2048K)
 Metaspace       used 25579K, committed 25856K, reserved 1073152K
  class space    used 2971K, committed 3136K, reserved 1048576K
}
Event: 12.520 GC heap before
{Heap before GC invocations=18 (full 0):
 garbage-first heap   total 155648K, used 95927K [0x00000000e0000000, 0x0000000100000000)
  region size 1024K, 62 young (63488K), 2 survivors (2048K)
 Metaspace       used 25579K, committed 25856K, reserved 1073152K
  class space    used 2971K, committed 3136K, reserved 1048576K
}
Event: 12.523 GC heap after
{Heap after GC invocations=19 (full 0):
 garbage-first heap   total 155648K, used 35594K [0x00000000e0000000, 0x0000000100000000)
  region size 1024K, 2 young (2048K), 2 survivors (2048K)
 Metaspace       used 25579K, committed 25856K, reserved 1073152K
  class space    used 2971K, committed 3136K, reserved 1048576K
}

Deoptimization events (20 events):
Event: 12.397 Thread 0x000001d22f1c6820 DEOPT PACKING pc=0x000001d23e709c98 sp=0x000000a29b4fc760
Event: 12.397 Thread 0x000001d22f1c6820 DEOPT UNPACKING pc=0x000001d236a123a3 sp=0x000000a29b4fc620 mode 2
Event: 12.405 Thread 0x000001d22f1c6820 Uncommon trap: trap_request=0xfffffff4 fr.pc=0x000001d23e70d858 relative=0x0000000000000758
Event: 12.405 Thread 0x000001d22f1c6820 Uncommon trap: reason=null_check action=make_not_entrant pc=0x000001d23e70d858 method=jdk.nio.zipfs.ZipFileSystem.getInode([B)Ljdk/nio/zipfs/ZipFileSystem$IndexNode; @ 32 c2
Event: 12.405 Thread 0x000001d22f1c6820 DEOPT PACKING pc=0x000001d23e70d858 sp=0x000000a29b4fc6c0
Event: 12.405 Thread 0x000001d22f1c6820 DEOPT UNPACKING pc=0x000001d236a123a3 sp=0x000000a29b4fc6a0 mode 2
Event: 13.140 Thread 0x000001d22f1c6820 Uncommon trap: trap_request=0xffffff45 fr.pc=0x000001d23e719958 relative=0x00000000000038b8
Event: 13.140 Thread 0x000001d22f1c6820 Uncommon trap: reason=unstable_if action=reinterpret pc=0x000001d23e719958 method=java.time.chrono.IsoChronology.isLeapYear(J)Z @ 7 c2
Event: 13.140 Thread 0x000001d22f1c6820 DEOPT PACKING pc=0x000001d23e719958 sp=0x000000a29b4fcad0
Event: 13.141 Thread 0x000001d22f1c6820 DEOPT UNPACKING pc=0x000001d236a123a3 sp=0x000000a29b4fc678 mode 2
Event: 13.552 Thread 0x000001d22f1c6820 DEOPT PACKING pc=0x000001d2371a48ac sp=0x000000a29b4fce70
Event: 13.552 Thread 0x000001d22f1c6820 DEOPT UNPACKING pc=0x000001d236a12b43 sp=0x000000a29b4fc360 mode 0
Event: 13.613 Thread 0x000001d22f1c6820 Uncommon trap: trap_request=0xffffff45 fr.pc=0x000001d23e707d84 relative=0x0000000000000644
Event: 13.613 Thread 0x000001d22f1c6820 Uncommon trap: reason=unstable_if action=reinterpret pc=0x000001d23e707d84 method=java.nio.file.FileTreeWalker.visit(Ljava/nio/file/Path;ZZ)Ljava/nio/file/FileTreeWalker$Event; @ 84 c2
Event: 13.613 Thread 0x000001d22f1c6820 DEOPT PACKING pc=0x000001d23e707d84 sp=0x000000a29b4fcf30
Event: 13.613 Thread 0x000001d22f1c6820 DEOPT UNPACKING pc=0x000001d236a123a3 sp=0x000000a29b4fcef0 mode 2
Event: 13.615 Thread 0x000001d22f1c6820 Uncommon trap: trap_request=0xffffff45 fr.pc=0x000001d23e713ed8 relative=0x0000000000000b98
Event: 13.616 Thread 0x000001d22f1c6820 Uncommon trap: reason=unstable_if action=reinterpret pc=0x000001d23e713ed8 method=java.nio.file.FileTreeWalker.visit(Ljava/nio/file/Path;ZZ)Ljava/nio/file/FileTreeWalker$Event; @ 53 c2
Event: 13.616 Thread 0x000001d22f1c6820 DEOPT PACKING pc=0x000001d23e713ed8 sp=0x000000a29b4fcfa0
Event: 13.616 Thread 0x000001d22f1c6820 DEOPT UNPACKING pc=0x000001d236a123a3 sp=0x000000a29b4fcec0 mode 2

Classes unloaded (0 events):
No events

Classes redefined (0 events):
No events

Internal exceptions (20 events):
Event: 13.752 Thread 0x000001d22f1c6820 Exception <a 'sun/nio/fs/WindowsException'{0x00000000e5942c18}> (0x00000000e5942c18) 
thrown [t:\workspace\open\src\hotspot\share\prims\jni.cpp, line 516]
Event: 13.752 Thread 0x000001d22f1c6820 Exception <a 'sun/nio/fs/WindowsException'{0x00000000e5944070}> (0x00000000e5944070) 
thrown [t:\workspace\open\src\hotspot\share\prims\jni.cpp, line 516]
Event: 13.752 Thread 0x000001d22f1c6820 Exception <a 'sun/nio/fs/WindowsException'{0x00000000e59443b0}> (0x00000000e59443b0) 
thrown [t:\workspace\open\src\hotspot\share\prims\jni.cpp, line 516]
Event: 13.754 Thread 0x000001d22f1c6820 Exception <a 'java/lang/NoSuchMethodError'{0x00000000e5947f90}: 'java.lang.Object java.lang.invoke.DirectMethodHandle$Holder.invokeStatic(java.lang.Object, java.lang.Object, int, int)'> (0x00000000e5947f90) 
thrown [t:\workspace\open\src\hotspot\share\interpreter\linkResolver.cpp, line 766]
Event: 13.770 Thread 0x000001d22f1c6820 Exception <a 'sun/nio/fs/WindowsException'{0x00000000e595b4a0}> (0x00000000e595b4a0) 
thrown [t:\workspace\open\src\hotspot\share\prims\jni.cpp, line 516]
Event: 13.771 Thread 0x000001d22f1c6820 Exception <a 'sun/nio/fs/WindowsException'{0x00000000e595b720}> (0x00000000e595b720) 
thrown [t:\workspace\open\src\hotspot\share\prims\jni.cpp, line 516]
Event: 13.772 Thread 0x000001d22f1c6820 Exception <a 'sun/nio/fs/WindowsException'{0x00000000e5963d50}> (0x00000000e5963d50) 
thrown [t:\workspace\open\src\hotspot\share\prims\jni.cpp, line 516]
Event: 13.777 Thread 0x000001d22f1c6820 Exception <a 'sun/nio/fs/WindowsException'{0x00000000e5963f80}> (0x00000000e5963f80) 
thrown [t:\workspace\open\src\hotspot\share\prims\jni.cpp, line 516]
Event: 13.780 Thread 0x000001d22f1c6820 Exception <a 'sun/nio/fs/WindowsException'{0x00000000e5967790}> (0x00000000e5967790) 
thrown [t:\workspace\open\src\hotspot\share\prims\jni.cpp, line 516]
Event: 13.781 Thread 0x000001d22f1c6820 Exception <a 'sun/nio/fs/WindowsException'{0x00000000e5967a00}> (0x00000000e5967a00) 
thrown [t:\workspace\open\src\hotspot\share\prims\jni.cpp, line 516]
Event: 13.782 Thread 0x000001d22f1c6820 Exception <a 'sun/nio/fs/WindowsException'{0x00000000e5968e28}> (0x00000000e5968e28) 
thrown [t:\workspace\open\src\hotspot\share\prims\jni.cpp, line 516]
Event: 13.783 Thread 0x000001d22f1c6820 Exception <a 'sun/nio/fs/WindowsException'{0x00000000e5969128}> (0x00000000e5969128) 
thrown [t:\workspace\open\src\hotspot\share\prims\jni.cpp, line 516]
Event: 13.786 Thread 0x000001d22f1c6820 Exception <a 'sun/nio/fs/WindowsException'{0x00000000e596b230}> (0x00000000e596b230) 
thrown [t:\workspace\open\src\hotspot\share\prims\jni.cpp, line 516]
Event: 13.787 Thread 0x000001d22f1c6820 Exception <a 'sun/nio/fs/WindowsException'{0x00000000e596b4d0}> (0x00000000e596b4d0) 
thrown [t:\workspace\open\src\hotspot\share\prims\jni.cpp, line 516]
Event: 13.787 Thread 0x000001d22f1c6820 Exception <a 'sun/nio/fs/WindowsException'{0x00000000e596dc10}> (0x00000000e596dc10) 
thrown [t:\workspace\open\src\hotspot\share\prims\jni.cpp, line 516]
Event: 13.787 Thread 0x000001d22f1c6820 Exception <a 'sun/nio/fs/WindowsException'{0x00000000e596de70}> (0x00000000e596de70) 
thrown [t:\workspace\open\src\hotspot\share\prims\jni.cpp, line 516]
Event: 13.788 Thread 0x000001d22f1c6820 Exception <a 'sun/nio/fs/WindowsException'{0x00000000e596f4e0}> (0x00000000e596f4e0) 
thrown [t:\workspace\open\src\hotspot\share\prims\jni.cpp, line 516]
Event: 13.788 Thread 0x000001d22f1c6820 Exception <a 'sun/nio/fs/WindowsException'{0x00000000e596f780}> (0x00000000e596f780) 
thrown [t:\workspace\open\src\hotspot\share\prims\jni.cpp, line 516]
Event: 13.788 Thread 0x000001d22f1c6820 Exception <a 'sun/nio/fs/WindowsException'{0x00000000e5970bd0}> (0x00000000e5970bd0) 
thrown [t:\workspace\open\src\hotspot\share\prims\jni.cpp, line 516]
Event: 13.798 Thread 0x000001d22f1c6820 Exception <a 'sun/nio/fs/WindowsException'{0x00000000e5970f00}> (0x00000000e5970f00) 
thrown [t:\workspace\open\src\hotspot\share\prims\jni.cpp, line 516]

VM Operations (20 events):
Event: 12.305 Executing VM operation: G1Concurrent
Event: 12.312 Executing VM operation: G1Concurrent done
Event: 12.340 Executing VM operation: G1Concurrent
Event: 12.340 Executing VM operation: G1Concurrent done
Event: 12.416 Executing VM operation: G1TryInitiateConcMark
Event: 12.423 Executing VM operation: G1TryInitiateConcMark done
Event: 12.439 Executing VM operation: G1CollectForAllocation
Event: 12.445 Executing VM operation: G1CollectForAllocation done
Event: 12.499 Executing VM operation: G1Concurrent
Event: 12.513 Executing VM operation: G1Concurrent done
Event: 12.520 Executing VM operation: G1CollectForAllocation
Event: 12.523 Executing VM operation: G1CollectForAllocation done
Event: 12.549 Executing VM operation: G1Concurrent
Event: 12.549 Executing VM operation: G1Concurrent done
Event: 13.552 Executing VM operation: HandshakeAllThreads
Event: 13.552 Executing VM operation: HandshakeAllThreads done
Event: 13.552 Executing VM operation: Cleanup
Event: 13.552 Executing VM operation: Cleanup done
Event: 13.554 Executing VM operation: HandshakeAllThreads
Event: 13.554 Executing VM operation: HandshakeAllThreads done

Events (20 events):
Event: 13.550 loading class java/util/stream/AbstractSpinedBuffer
Event: 13.550 loading class java/util/stream/AbstractSpinedBuffer done
Event: 13.550 loading class java/util/stream/SpinedBuffer done
Event: 13.550 loading class java/util/stream/Nodes$SpinedNodeBuilder done
Event: 13.552 loading class sun/nio/fs/WindowsPath$WindowsPathWithAttributes
Event: 13.553 loading class sun/nio/fs/WindowsPath$WindowsPathWithAttributes done
Event: 13.612 loading class java/nio/file/FileTreeWalker$1
Event: 13.613 loading class java/nio/file/FileTreeWalker$1 done
Event: 13.672 loading class jdk/internal/jrtfs/JrtDirectoryStream
Event: 13.672 loading class jdk/internal/jrtfs/JrtDirectoryStream done
Event: 13.677 loading class java/util/stream/StreamSpliterators$WrappingSpliterator
Event: 13.677 loading class java/util/stream/StreamSpliterators$AbstractWrappingSpliterator
Event: 13.678 loading class java/util/stream/StreamSpliterators$AbstractWrappingSpliterator done
Event: 13.678 loading class java/util/stream/StreamSpliterators$WrappingSpliterator done
Event: 13.678 loading class jdk/internal/jrtfs/JrtDirectoryStream$1
Event: 13.678 loading class jdk/internal/jrtfs/JrtDirectoryStream$1 done
Event: 13.681 loading class java/util/stream/StreamSpliterators
Event: 13.681 loading class java/util/stream/StreamSpliterators done
Event: 13.682 loading class java/util/function/BooleanSupplier
Event: 13.682 loading class java/util/function/BooleanSupplier done


Dynamic libraries:
0x00007ff71ea00000 - 0x00007ff71ea10000 	C:\Program Files\Java\jdk-17\bin\java.exe
0x00007ffb1c310000 - 0x00007ffb1c527000 	C:\WINDOWS\SYSTEM32\ntdll.dll
0x00007ffb1af40000 - 0x00007ffb1b004000 	C:\WINDOWS\System32\KERNEL32.DLL
0x00007ffb19890000 - 0x00007ffb19c63000 	C:\WINDOWS\System32\KERNELBASE.dll
0x00007ffb19770000 - 0x00007ffb19881000 	C:\WINDOWS\System32\ucrtbase.dll
0x00007ffb043b0000 - 0x00007ffb043c8000 	C:\Program Files\Java\jdk-17\bin\jli.dll
0x00007ffb1bff0000 - 0x00007ffb1c0a1000 	C:\WINDOWS\System32\ADVAPI32.dll
0x00007ffb1ace0000 - 0x00007ffb1ad87000 	C:\WINDOWS\System32\msvcrt.dll
0x00007ffb05dd0000 - 0x00007ffb05dea000 	C:\Program Files\Java\jdk-17\bin\VCRUNTIME140.dll
0x00007ffb1a460000 - 0x00007ffb1a508000 	C:\WINDOWS\System32\sechost.dll
0x00007ffb19c70000 - 0x00007ffb19c98000 	C:\WINDOWS\System32\bcrypt.dll
0x00007ffb19fb0000 - 0x00007ffb1a0c4000 	C:\WINDOWS\System32\RPCRT4.dll
0x00007ffb1a5b0000 - 0x00007ffb1a761000 	C:\WINDOWS\System32\USER32.dll
0x00007ffb19f80000 - 0x00007ffb19fa6000 	C:\WINDOWS\System32\win32u.dll
0x00007ffb05370000 - 0x00007ffb05608000 	C:\WINDOWS\WinSxS\amd64_microsoft.windows.common-controls_6595b64144ccf1df_6.0.22621.5124_none_270e8f4f7386d69d\COMCTL32.dll
0x00007ffb1c2a0000 - 0x00007ffb1c2c9000 	C:\WINDOWS\System32\GDI32.dll
0x00007ffb194e0000 - 0x00007ffb195fb000 	C:\WINDOWS\System32\gdi32full.dll
0x00007ffb19ee0000 - 0x00007ffb19f7a000 	C:\WINDOWS\System32\msvcp_win.dll
0x00007ffb112e0000 - 0x00007ffb112ea000 	C:\WINDOWS\SYSTEM32\VERSION.dll
0x00007ffb1c240000 - 0x00007ffb1c271000 	C:\WINDOWS\System32\IMM32.DLL
0x00007ffb0a990000 - 0x00007ffb0a99c000 	C:\Program Files\Java\jdk-17\bin\vcruntime140_1.dll
0x00007ffadb9c0000 - 0x00007ffadba4d000 	C:\Program Files\Java\jdk-17\bin\msvcp140.dll
0x00007ffa801b0000 - 0x00007ffa80d6e000 	C:\Program Files\Java\jdk-17\bin\server\jvm.dll
0x00007ffb1a5a0000 - 0x00007ffb1a5a8000 	C:\WINDOWS\System32\PSAPI.DLL
0x00007ffb15370000 - 0x00007ffb153a4000 	C:\WINDOWS\SYSTEM32\WINMM.dll
0x00007ffaed630000 - 0x00007ffaed639000 	C:\WINDOWS\SYSTEM32\WSOCK32.dll
0x00007ffb1b460000 - 0x00007ffb1b4d1000 	C:\WINDOWS\System32\WS2_32.dll
0x00007ffb18450000 - 0x00007ffb18468000 	C:\WINDOWS\SYSTEM32\kernel.appcore.dll
0x00007ffb07320000 - 0x00007ffb0732a000 	C:\Program Files\Java\jdk-17\bin\jimage.dll
0x00007ffb16ed0000 - 0x00007ffb17102000 	C:\WINDOWS\SYSTEM32\DBGHELP.DLL
0x00007ffb1b010000 - 0x00007ffb1b3a2000 	C:\WINDOWS\System32\combase.dll
0x00007ffb1a780000 - 0x00007ffb1a857000 	C:\WINDOWS\System32\OLEAUT32.dll
0x00007ffb023a0000 - 0x00007ffb023d2000 	C:\WINDOWS\SYSTEM32\dbgcore.DLL
0x00007ffb19e60000 - 0x00007ffb19edb000 	C:\WINDOWS\System32\bcryptPrimitives.dll
0x00007ffb04380000 - 0x00007ffb043a5000 	C:\Program Files\Java\jdk-17\bin\java.dll
0x00007ffadb8e0000 - 0x00007ffadb9b6000 	C:\Program Files\Java\jdk-17\bin\svml.dll
0x00007ffb1b750000 - 0x00007ffb1bfe6000 	C:\WINDOWS\System32\SHELL32.dll
0x00007ffb19ca0000 - 0x00007ffb19ddf000 	C:\WINDOWS\System32\wintypes.dll
0x00007ffb17340000 - 0x00007ffb17c5a000 	C:\WINDOWS\SYSTEM32\windows.storage.dll
0x00007ffb1c0b0000 - 0x00007ffb1c1ba000 	C:\WINDOWS\System32\SHCORE.dll
0x00007ffb1a0d0000 - 0x00007ffb1a133000 	C:\WINDOWS\System32\shlwapi.dll
0x00007ffb19350000 - 0x00007ffb1937b000 	C:\WINDOWS\SYSTEM32\profapi.dll
0x00007ffb04360000 - 0x00007ffb04379000 	C:\Program Files\Java\jdk-17\bin\net.dll
0x00007ffb12ec0000 - 0x00007ffb12fec000 	C:\WINDOWS\SYSTEM32\WINHTTP.dll
0x00007ffb188d0000 - 0x00007ffb1893a000 	C:\WINDOWS\system32\mswsock.dll
0x00007ffaff250000 - 0x00007ffaff265000 	C:\Program Files\Java\jdk-17\bin\nio.dll
0x00007ffafd5b0000 - 0x00007ffafd5c8000 	C:\Program Files\Java\jdk-17\bin\zip.dll
0x00007ffafd580000 - 0x00007ffafd5a4000 	C:\apache-maven-3.9.9\lib\jansi-native\Windows\x86_64\jansi.dll
0x00007ffb05d70000 - 0x00007ffb05d80000 	C:\Program Files\Java\jdk-17\bin\verify.dll
0x00007ffb18560000 - 0x00007ffb18594000 	C:\WINDOWS\SYSTEM32\ntmarta.dll

dbghelp: loaded successfully - version: 4.0.5 - missing functions: none
symbol engine: initialized successfully - sym options: 0x614 - pdb path: .;C:\Program Files\Java\jdk-17\bin;C:\WINDOWS\SYSTEM32;C:\WINDOWS\WinSxS\amd64_microsoft.windows.common-controls_6595b64144ccf1df_6.0.22621.5124_none_270e8f4f7386d69d;C:\Program Files\Java\jdk-17\bin\server;C:\apache-maven-3.9.9\lib\jansi-native\Windows\x86_64

VM Arguments:
jvm_args: -Xmx512m -Dclassworlds.conf=C:\apache-maven-3.9.9\bin\m2.conf -Dmaven.home=C:\apache-maven-3.9.9 -Dlibrary.jansi.path=C:\apache-maven-3.9.9\lib\jansi-native -Dmaven.multiModuleProjectDirectory=E:\auctions 
java_command: org.codehaus.plexus.classworlds.launcher.Launcher clean install
java_class_path (initial): C:\apache-maven-3.9.9\boot\plexus-classworlds-2.8.0.jar
Launcher Type: SUN_STANDARD

[Global flags]
     intx CICompilerCount                          = 3                                         {product} {ergonomic}
     uint ConcGCThreads                            = 1                                         {product} {ergonomic}
     uint G1ConcRefinementThreads                  = 4                                         {product} {ergonomic}
   size_t G1HeapRegionSize                         = 1048576                                   {product} {ergonomic}
    uintx GCDrainStackTargetSize                   = 64                                        {product} {ergonomic}
   size_t InitialHeapSize                          = 58720256                                  {product} {ergonomic}
   size_t MarkStackSize                            = 4194304                                   {product} {ergonomic}
   size_t MaxHeapSize                              = 536870912                                 {product} {command line}
   size_t MaxNewSize                               = 321912832                                 {product} {ergonomic}
   size_t MinHeapDeltaBytes                        = 1048576                                   {product} {ergonomic}
   size_t MinHeapSize                              = 8388608                                   {product} {ergonomic}
    uintx NonNMethodCodeHeapSize                   = 5832780                                {pd product} {ergonomic}
    uintx NonProfiledCodeHeapSize                  = 122912730                              {pd product} {ergonomic}
    uintx ProfiledCodeHeapSize                     = 122912730                              {pd product} {ergonomic}
    uintx ReservedCodeCacheSize                    = 251658240                              {pd product} {ergonomic}
     bool SegmentedCodeCache                       = true                                      {product} {ergonomic}
   size_t SoftMaxHeapSize                          = 536870912                              {manageable} {ergonomic}
     bool UseCompressedClassPointers               = true                           {product lp64_product} {ergonomic}
     bool UseCompressedOops                        = true                           {product lp64_product} {ergonomic}
     bool UseG1GC                                  = true                                      {product} {ergonomic}
     bool UseLargePagesIndividualAllocation        = false                                  {pd product} {ergonomic}

Logging:
Log output configuration:
 #0: stdout all=warning uptime,level,tags
 #1: stderr all=off uptime,level,tags

Environment Variables:
JAVA_HOME=C:\Program Files\Java\jdk-17
PATH=C:\Program Files\Common Files\Oracle\Java\javapath;C:\WINDOWS\system32;C:\WINDOWS;C:\WINDOWS\System32\Wbem;C:\WINDOWS\System32\WindowsPowerShell\v1.0\;C:\WINDOWS\System32\OpenSSH\;C:\apache-maven-3.9.9\bin;C:\Program Files\Java\jdk-17\bin;C:\Users\ASUS\AppData\Local\Microsoft\WindowsApps;C:\Users\ASUS\AppData\Local\Programs\cursor\resources\app\bin;C:\Users\ASUS\AppData\Local\GitHubDesktop\bin
USERNAME=ASUS
LANG=en_US.UTF-8
OS=Windows_NT
PROCESSOR_IDENTIFIER=AMD64 Family 23 Model 24 Stepping 1, AuthenticAMD



---------------  S Y S T E M  ---------------

OS:
 Windows 10 , 64 bit Build 22621 (10.0.22621.5124)
OS uptime: 0 days 1:18 hours

CPU: total 4 (initial active 4) (4 cores per cpu, 2 threads per core) family 23 model 24 stepping 1 microcode 0x0, cx8, cmov, fxsr, ht, mmx, 3dnowpref, sse, sse2, sse3, ssse3, sse4a, sse4.1, sse4.2, popcnt, lzcnt, tsc, tscinvbit, avx, avx2, aes, clmul, bmi1, bmi2, adx, sha, fma, vzeroupper, clflush, clflushopt

Memory: 4k page, system-wide physical 3534M (148M free)
TotalPageFile size 11726M (AvailPageFile size 4M)
current process WorkingSet (physical memory assigned to process): 223M, peak: 223M
current process commit charge ("private bytes"): 296M, peak: 296M

vm_info: Java HotSpot(TM) 64-Bit Server VM (17+35-LTS-2724) for windows-amd64 JRE (17+35-LTS-2724), built on Aug  5 2021 23:28:28 by "mach5one" with MS VC++ 16.8 (VS2019)

END.
